{"C:\\Capstone\\Prompt-Forge\\frontend\\src\\App.tsx": {"path":"C:\\Capstone\\Prompt-Forge\\frontend\\src\\App.tsx","statementMap":{"0":{"start":{"line":1,"column":0},"end":{"line":1,"column":61}},"1":{"start":{"line":2,"column":0},"end":{"line":2,"column":45}},"2":{"start":{"line":3,"column":0},"end":{"line":3,"column":40}},"3":{"start":{"line":4,"column":0},"end":{"line":4,"column":41}},"4":{"start":{"line":5,"column":0},"end":{"line":5,"column":49}},"5":{"start":{"line":6,"column":0},"end":{"line":6,"column":43}},"6":{"start":{"line":7,"column":0},"end":{"line":7,"column":53}},"7":{"start":{"line":8,"column":0},"end":{"line":8,"column":49}},"8":{"start":{"line":9,"column":0},"end":{"line":9,"column":49}},"9":{"start":{"line":10,"column":0},"end":{"line":10,"column":55}},"10":{"start":{"line":11,"column":0},"end":{"line":11,"column":39}},"11":{"start":{"line":12,"column":0},"end":{"line":12,"column":61}},"12":{"start":{"line":13,"column":0},"end":{"line":13,"column":65}},"13":{"start":{"line":14,"column":0},"end":{"line":14,"column":39}},"14":{"start":{"line":15,"column":0},"end":{"line":15,"column":47}},"15":{"start":{"line":16,"column":0},"end":{"line":16,"column":51}},"16":{"start":{"line":17,"column":0},"end":{"line":17,"column":39}},"17":{"start":{"line":18,"column":0},"end":{"line":18,"column":40}},"18":{"start":{"line":19,"column":0},"end":{"line":19,"column":47}},"19":{"start":{"line":20,"column":0},"end":{"line":20,"column":45}},"20":{"start":{"line":21,"column":0},"end":{"line":21,"column":43}},"21":{"start":{"line":26,"column":19},"end":{"line":26,"column":32}},"22":{"start":{"line":27,"column":27},"end":{"line":27,"column":57}},"23":{"start":{"line":29,"column":2},"end":{"line":56,"column":null}},"24":{"start":{"line":59,"column":0},"end":{"line":59,"column":null}}},"fnMap":{"0":{"name":"App","decl":{"start":{"line":25,"column":9},"end":{"line":25,"column":12}},"loc":{"start":{"line":25,"column":12},"end":{"line":57,"column":1}}}},"branchMap":{"0":{"loc":{"start":{"line":31,"column":7},"end":{"line":31,"column":66}},"type":"binary-expr","locations":[{"start":{"line":31,"column":7},"end":{"line":31,"column":52}},{"start":{"line":31,"column":56},"end":{"line":31,"column":66}}]}},"s":{"0":0,"1":0,"2":0,"3":0,"4":0,"5":0,"6":0,"7":0,"8":0,"9":0,"10":0,"11":0,"12":0,"13":0,"14":0,"15":0,"16":0,"17":0,"18":0,"19":0,"20":0,"21":0,"22":0,"23":0,"24":0},"f":{"0":0},"b":{"0":[0,0]}}
,"C:\\Capstone\\Prompt-Forge\\frontend\\src\\Models\\Prompt.ts": {"path":"C:\\Capstone\\Prompt-Forge\\frontend\\src\\Models\\Prompt.ts","statementMap":{"0":{"start":{"line":112,"column":0},"end":{"line":112,"column":null}},"1":{"start":{"line":114,"column":2},"end":{"line":114,"column":null}},"2":{"start":{"line":115,"column":2},"end":{"line":115,"column":null}},"3":{"start":{"line":116,"column":2},"end":{"line":116,"column":null}},"4":{"start":{"line":117,"column":2},"end":{"line":117,"column":null}},"5":{"start":{"line":118,"column":2},"end":{"line":118,"column":null}},"6":{"start":{"line":119,"column":2},"end":{"line":119,"column":null}},"7":{"start":{"line":120,"column":2},"end":{"line":120,"column":null}},"8":{"start":{"line":121,"column":2},"end":{"line":121,"column":null}},"9":{"start":{"line":122,"column":2},"end":{"line":122,"column":null}},"10":{"start":{"line":123,"column":2},"end":{"line":123,"column":null}},"11":{"start":{"line":124,"column":2},"end":{"line":124,"column":null}},"12":{"start":{"line":125,"column":2},"end":{"line":125,"column":null}},"13":{"start":{"line":126,"column":2},"end":{"line":126,"column":null}},"14":{"start":{"line":127,"column":2},"end":{"line":127,"column":null}},"15":{"start":{"line":128,"column":2},"end":{"line":128,"column":null}},"16":{"start":{"line":129,"column":2},"end":{"line":129,"column":null}},"17":{"start":{"line":130,"column":2},"end":{"line":130,"column":null}}},"fnMap":{"0":{"name":"(anonymous_0)","decl":{"start":{"line":112,"column":0},"end":{"line":112,"column":12}},"loc":{"start":{"line":112,"column":26},"end":{"line":132,"column":1}}}},"branchMap":{"0":{"loc":{"start":{"line":112,"column":12},"end":{"line":112,"column":null}},"type":"binary-expr","locations":[{"start":{"line":112,"column":12},"end":{"line":112,"column":26}},{"start":{"line":112,"column":26},"end":{"line":112,"column":null}}]}},"s":{"0":0,"1":0,"2":0,"3":0,"4":0,"5":0,"6":0,"7":0,"8":0,"9":0,"10":0,"11":0,"12":0,"13":0,"14":0,"15":0,"16":0,"17":0},"f":{"0":0},"b":{"0":[0,0]}}
,"C:\\Capstone\\Prompt-Forge\\frontend\\src\\components\\CartItem.tsx": {"path":"C:\\Capstone\\Prompt-Forge\\frontend\\src\\components\\CartItem.tsx","statementMap":{"0":{"start":{"line":1,"column":0},"end":{"line":1,"column":56}},"1":{"start":{"line":2,"column":0},"end":{"line":2,"column":52}},"2":{"start":{"line":4,"column":0},"end":{"line":4,"column":59}},"3":{"start":{"line":5,"column":0},"end":{"line":5,"column":54}},"4":{"start":{"line":10,"column":24},"end":{"line":74,"column":1}},"5":{"start":{"line":23,"column":22},"end":{"line":23,"column":39}},"6":{"start":{"line":25,"column":23},"end":{"line":29,"column":3}},"7":{"start":{"line":26,"column":4},"end":{"line":26,"column":22}},"8":{"start":{"line":27,"column":4},"end":{"line":27,"column":47}},"9":{"start":{"line":28,"column":4},"end":{"line":28,"column":22}},"10":{"start":{"line":32,"column":2},"end":{"line":73,"column":9}},"11":{"start":{"line":37,"column":12},"end":{"line":45,"column":null}},"12":{"start":{"line":10,"column":13},"end":{"line":10,"column":24}}},"fnMap":{"0":{"name":"(anonymous_1)","decl":{"start":{"line":10,"column":24},"end":{"line":10,"column":25}},"loc":{"start":{"line":21,"column":20},"end":{"line":74,"column":1}}},"1":{"name":"(anonymous_2)","decl":{"start":{"line":25,"column":23},"end":{"line":25,"column":28}},"loc":{"start":{"line":25,"column":34},"end":{"line":29,"column":3}}},"2":{"name":"(anonymous_3)","decl":{"start":{"line":36,"column":33},"end":{"line":36,"column":34}},"loc":{"start":{"line":36,"column":56},"end":{"line":46,"column":11}}}},"branchMap":{"0":{"loc":{"start":{"line":36,"column":11},"end":{"line":36,"column":27}},"type":"binary-expr","locations":[{"start":{"line":36,"column":11},"end":{"line":36,"column":21}},{"start":{"line":36,"column":25},"end":{"line":36,"column":27}}]},"1":{"loc":{"start":{"line":38,"column":47},"end":{"line":38,"column":126}},"type":"cond-expr","locations":[{"start":{"line":38,"column":74},"end":{"line":38,"column":98}},{"start":{"line":38,"column":101},"end":{"line":38,"column":126}}]},"2":{"loc":{"start":{"line":39,"column":18},"end":{"line":39,"column":75}},"type":"cond-expr","locations":[{"start":{"line":39,"column":43},"end":{"line":39,"column":70}},{"start":{"line":39,"column":73},"end":{"line":39,"column":75}}]},"3":{"loc":{"start":{"line":40,"column":18},"end":{"line":40,"column":81}},"type":"cond-expr","locations":[{"start":{"line":40,"column":45},"end":{"line":40,"column":76}},{"start":{"line":40,"column":79},"end":{"line":40,"column":81}}]},"4":{"loc":{"start":{"line":41,"column":18},"end":{"line":41,"column":81}},"type":"cond-expr","locations":[{"start":{"line":41,"column":47},"end":{"line":41,"column":76}},{"start":{"line":41,"column":79},"end":{"line":41,"column":81}}]},"5":{"loc":{"start":{"line":42,"column":18},"end":{"line":42,"column":74}},"type":"cond-expr","locations":[{"start":{"line":42,"column":42},"end":{"line":42,"column":69}},{"start":{"line":42,"column":72},"end":{"line":42,"column":74}}]},"6":{"loc":{"start":{"line":49,"column":9},"end":{"line":54,"column":16}},"type":"cond-expr","locations":[{"start":{"line":50,"column":10},"end":{"line":52,"column":null}},{"start":{"line":54,"column":12},"end":{"line":54,"column":16}}]},"7":{"loc":{"start":{"line":49,"column":9},"end":{"line":49,"column":37}},"type":"binary-expr","locations":[{"start":{"line":49,"column":9},"end":{"line":49,"column":20}},{"start":{"line":49,"column":24},"end":{"line":49,"column":37}}]},"8":{"loc":{"start":{"line":52,"column":44},"end":{"line":52,"column":78}},"type":"binary-expr","locations":[{"start":{"line":52,"column":44},"end":{"line":52,"column":69}},{"start":{"line":52,"column":73},"end":{"line":52,"column":78}}]},"9":{"loc":{"start":{"line":57,"column":48},"end":{"line":57,"column":80}},"type":"binary-expr","locations":[{"start":{"line":57,"column":48},"end":{"line":57,"column":59}},{"start":{"line":57,"column":63},"end":{"line":57,"column":80}}]},"10":{"loc":{"start":{"line":59,"column":18},"end":{"line":59,"column":43}},"type":"binary-expr","locations":[{"start":{"line":59,"column":18},"end":{"line":59,"column":28}},{"start":{"line":59,"column":32},"end":{"line":59,"column":43}}]},"11":{"loc":{"start":{"line":65,"column":9},"end":{"line":67,"column":18}},"type":"cond-expr","locations":[{"start":{"line":66,"column":13},"end":{"line":66,"column":70}},{"start":{"line":67,"column":12},"end":{"line":67,"column":18}}]},"12":{"loc":{"start":{"line":66,"column":13},"end":{"line":66,"column":70}},"type":"cond-expr","locations":[{"start":{"line":66,"column":33},"end":{"line":66,"column":39}},{"start":{"line":66,"column":42},"end":{"line":66,"column":70}}]}},"s":{"0":0,"1":0,"2":0,"3":0,"4":0,"5":0,"6":0,"7":0,"8":0,"9":0,"10":0,"11":0,"12":0},"f":{"0":0,"1":0,"2":0},"b":{"0":[0,0],"1":[0,0],"2":[0,0],"3":[0,0],"4":[0,0],"5":[0,0],"6":[0,0],"7":[0,0],"8":[0,0],"9":[0,0],"10":[0,0],"11":[0,0],"12":[0,0]}}
,"C:\\Capstone\\Prompt-Forge\\frontend\\src\\components\\CartSummary.tsx": {"path":"C:\\Capstone\\Prompt-Forge\\frontend\\src\\components\\CartSummary.tsx","statementMap":{"0":{"start":{"line":2,"column":0},"end":{"line":2,"column":84}},"1":{"start":{"line":3,"column":0},"end":{"line":3,"column":36}},"2":{"start":{"line":4,"column":0},"end":{"line":4,"column":45}},"3":{"start":{"line":5,"column":0},"end":{"line":5,"column":32}},"4":{"start":{"line":6,"column":0},"end":{"line":6,"column":38}},"5":{"start":{"line":14,"column":27},"end":{"line":143,"column":1}},"6":{"start":{"line":19,"column":44},"end":{"line":19,"column":59}},"7":{"start":{"line":20,"column":22},"end":{"line":20,"column":39}},"8":{"start":{"line":21,"column":14},"end":{"line":21,"column":29}},"9":{"start":{"line":22,"column":16},"end":{"line":22,"column":30}},"10":{"start":{"line":25,"column":27},"end":{"line":52,"column":3}},"11":{"start":{"line":26,"column":18},"end":{"line":26,"column":54}},"12":{"start":{"line":27,"column":15},"end":{"line":28,"column":133}},"13":{"start":{"line":29,"column":17},"end":{"line":31,"column":363}},"14":{"start":{"line":32,"column":25},"end":{"line":32,"column":54}},"15":{"start":{"line":33,"column":4},"end":{"line":33,"column":null}},"16":{"start":{"line":34,"column":4},"end":{"line":42,"column":null}},"17":{"start":{"line":43,"column":4},"end":{"line":43,"column":null}},"18":{"start":{"line":44,"column":4},"end":{"line":51,"column":null}},"19":{"start":{"line":45,"column":6},"end":{"line":45,"column":null}},"20":{"start":{"line":46,"column":6},"end":{"line":50,"column":null}},"21":{"start":{"line":47,"column":8},"end":{"line":49,"column":9}},"22":{"start":{"line":48,"column":10},"end":{"line":48,"column":null}},"23":{"start":{"line":54,"column":25},"end":{"line":102,"column":3}},"24":{"start":{"line":55,"column":4},"end":{"line":55,"column":null}},"25":{"start":{"line":56,"column":4},"end":{"line":101,"column":5}},"26":{"start":{"line":57,"column":6},"end":{"line":95,"column":7}},"27":{"start":{"line":58,"column":8},"end":{"line":65,"column":null}},"28":{"start":{"line":60,"column":10},"end":{"line":60,"column":null}},"29":{"start":{"line":61,"column":10},"end":{"line":61,"column":null}},"30":{"start":{"line":64,"column":10},"end":{"line":64,"column":null}},"31":{"start":{"line":68,"column":8},"end":{"line":94,"column":null}},"32":{"start":{"line":70,"column":24},"end":{"line":88,"column":12}},"33":{"start":{"line":76,"column":14},"end":{"line":85,"column":15}},"34":{"start":{"line":77,"column":16},"end":{"line":84,"column":null}},"35":{"start":{"line":79,"column":18},"end":{"line":79,"column":null}},"36":{"start":{"line":80,"column":18},"end":{"line":80,"column":null}},"37":{"start":{"line":83,"column":18},"end":{"line":83,"column":null}},"38":{"start":{"line":90,"column":10},"end":{"line":90,"column":31}},"39":{"start":{"line":93,"column":10},"end":{"line":93,"column":null}},"40":{"start":{"line":97,"column":6},"end":{"line":97,"column":null}},"41":{"start":{"line":98,"column":6},"end":{"line":98,"column":null}},"42":{"start":{"line":100,"column":6},"end":{"line":100,"column":null}},"43":{"start":{"line":104,"column":2},"end":{"line":142,"column":null}},"44":{"start":{"line":14,"column":13},"end":{"line":14,"column":27}}},"fnMap":{"0":{"name":"(anonymous_1)","decl":{"start":{"line":14,"column":27},"end":{"line":14,"column":28}},"loc":{"start":{"line":18,"column":23},"end":{"line":143,"column":1}}},"1":{"name":"(anonymous_2)","decl":{"start":{"line":25,"column":27},"end":{"line":25,"column":28}},"loc":{"start":{"line":25,"column":89},"end":{"line":52,"column":3}}},"2":{"name":"(anonymous_3)","decl":{"start":{"line":44,"column":15},"end":{"line":44,"column":18}},"loc":{"start":{"line":44,"column":20},"end":{"line":51,"column":5}}},"3":{"name":"(anonymous_4)","decl":{"start":{"line":46,"column":17},"end":{"line":46,"column":20}},"loc":{"start":{"line":46,"column":22},"end":{"line":50,"column":7}}},"4":{"name":"(anonymous_5)","decl":{"start":{"line":54,"column":25},"end":{"line":54,"column":30}},"loc":{"start":{"line":54,"column":36},"end":{"line":102,"column":3}}},"5":{"name":"(anonymous_6)","decl":{"start":{"line":59,"column":14},"end":{"line":59,"column":16}},"loc":{"start":{"line":59,"column":18},"end":{"line":62,"column":9}}},"6":{"name":"(anonymous_7)","decl":{"start":{"line":63,"column":15},"end":{"line":63,"column":16}},"loc":{"start":{"line":63,"column":31},"end":{"line":65,"column":9}}},"7":{"name":"(anonymous_8)","decl":{"start":{"line":69,"column":14},"end":{"line":69,"column":15}},"loc":{"start":{"line":69,"column":56},"end":{"line":91,"column":9}}},"8":{"name":"(anonymous_9)","decl":{"start":{"line":75,"column":22},"end":{"line":75,"column":32}},"loc":{"start":{"line":75,"column":56},"end":{"line":86,"column":13}}},"9":{"name":"(anonymous_10)","decl":{"start":{"line":78,"column":22},"end":{"line":78,"column":25}},"loc":{"start":{"line":78,"column":27},"end":{"line":81,"column":17}}},"10":{"name":"(anonymous_11)","decl":{"start":{"line":82,"column":23},"end":{"line":82,"column":24}},"loc":{"start":{"line":82,"column":41},"end":{"line":84,"column":17}}},"11":{"name":"(anonymous_12)","decl":{"start":{"line":87,"column":21},"end":{"line":87,"column":34}},"loc":{"start":{"line":87,"column":21},"end":{"line":87,"column":35}}},"12":{"name":"(anonymous_13)","decl":{"start":{"line":92,"column":15},"end":{"line":92,"column":16}},"loc":{"start":{"line":92,"column":24},"end":{"line":94,"column":9}}}},"branchMap":{"0":{"loc":{"start":{"line":26,"column":18},"end":{"line":26,"column":54}},"type":"cond-expr","locations":[{"start":{"line":26,"column":39},"end":{"line":26,"column":46}},{"start":{"line":26,"column":49},"end":{"line":26,"column":54}}]},"1":{"loc":{"start":{"line":27,"column":15},"end":{"line":28,"column":133}},"type":"cond-expr","locations":[{"start":{"line":27,"column":36},"end":{"line":27,"column":145}},{"start":{"line":28,"column":36},"end":{"line":28,"column":133}}]},"2":{"loc":{"start":{"line":29,"column":17},"end":{"line":31,"column":363}},"type":"cond-expr","locations":[{"start":{"line":30,"column":8},"end":{"line":30,"column":283}},{"start":{"line":31,"column":8},"end":{"line":31,"column":363}}]},"3":{"loc":{"start":{"line":47,"column":8},"end":{"line":49,"column":9}},"type":"if","locations":[{"start":{"line":47,"column":8},"end":{"line":49,"column":9}},{"start":{},"end":{}}]},"4":{"loc":{"start":{"line":57,"column":6},"end":{"line":95,"column":7}},"type":"if","locations":[{"start":{"line":57,"column":6},"end":{"line":95,"column":7}},{"start":{"line":67,"column":11},"end":{"line":95,"column":7}}]},"5":{"loc":{"start":{"line":64,"column":55},"end":{"line":64,"column":79}},"type":"binary-expr","locations":[{"start":{"line":64,"column":55},"end":{"line":64,"column":60}},{"start":{"line":64,"column":64},"end":{"line":64,"column":79}}]},"6":{"loc":{"start":{"line":76,"column":14},"end":{"line":85,"column":15}},"type":"if","locations":[{"start":{"line":76,"column":14},"end":{"line":85,"column":15}},{"start":{},"end":{}}]},"7":{"loc":{"start":{"line":83,"column":63},"end":{"line":83,"column":87}},"type":"binary-expr","locations":[{"start":{"line":83,"column":63},"end":{"line":83,"column":68}},{"start":{"line":83,"column":72},"end":{"line":83,"column":87}}]},"8":{"loc":{"start":{"line":93,"column":55},"end":{"line":93,"column":87}},"type":"binary-expr","locations":[{"start":{"line":93,"column":55},"end":{"line":93,"column":68}},{"start":{"line":93,"column":72},"end":{"line":93,"column":87}}]},"9":{"loc":{"start":{"line":97,"column":51},"end":{"line":97,"column":83}},"type":"binary-expr","locations":[{"start":{"line":97,"column":51},"end":{"line":97,"column":64}},{"start":{"line":97,"column":68},"end":{"line":97,"column":83}}]},"10":{"loc":{"start":{"line":128,"column":18},"end":{"line":128,"column":55}},"type":"binary-expr","locations":[{"start":{"line":128,"column":18},"end":{"line":128,"column":31}},{"start":{"line":128,"column":35},"end":{"line":128,"column":55}}]},"11":{"loc":{"start":{"line":130,"column":9},"end":{"line":138,"column":null}},"type":"cond-expr","locations":[{"start":{"line":131,"column":10},"end":{"line":132,"column":null}},{"start":{"line":136,"column":10},"end":{"line":138,"column":13}}]},"12":{"loc":{"start":{"line":137,"column":12},"end":{"line":137,"column":null}},"type":"cond-expr","locations":[{"start":{"line":137,"column":35},"end":{"line":137,"column":38}},{"start":{"line":137,"column":41},"end":{"line":137,"column":null}}]}},"s":{"0":0,"1":0,"2":0,"3":0,"4":0,"5":0,"6":0,"7":0,"8":0,"9":0,"10":0,"11":0,"12":0,"13":0,"14":0,"15":0,"16":0,"17":0,"18":0,"19":0,"20":0,"21":0,"22":0,"23":0,"24":0,"25":0,"26":0,"27":0,"28":0,"29":0,"30":0,"31":0,"32":0,"33":0,"34":0,"35":0,"36":0,"37":0,"38":0,"39":0,"40":0,"41":0,"42":0,"43":0,"44":0},"f":{"0":0,"1":0,"2":0,"3":0,"4":0,"5":0,"6":0,"7":0,"8":0,"9":0,"10":0,"11":0,"12":0},"b":{"0":[0,0],"1":[0,0],"2":[0,0],"3":[0,0],"4":[0,0],"5":[0,0],"6":[0,0],"7":[0,0],"8":[0,0],"9":[0,0],"10":[0,0],"11":[0,0],"12":[0,0]}}
,"C:\\Capstone\\Prompt-Forge\\frontend\\src\\components\\DashboardCard.tsx": {"path":"C:\\Capstone\\Prompt-Forge\\frontend\\src\\components\\DashboardCard.tsx","statementMap":{"0":{"start":{"line":13,"column":0},"end":{"line":13,"column":16}},"1":{"start":{"line":1,"column":0},"end":{"line":1,"column":60}},"2":{"start":{"line":14,"column":2},"end":{"line":50,"column":null}}},"fnMap":{"0":{"name":"DashboardCard","decl":{"start":{"line":13,"column":16},"end":{"line":13,"column":29}},"loc":{"start":{"line":13,"column":101},"end":{"line":51,"column":1}}}},"branchMap":{"0":{"loc":{"start":{"line":29,"column":16},"end":{"line":43,"column":null}},"type":"cond-expr","locations":[{"start":{"line":30,"column":20},"end":{"line":32,"column":null}},{"start":{"line":34,"column":18},"end":{"line":43,"column":null}}]},"1":{"loc":{"start":{"line":34,"column":18},"end":{"line":43,"column":null}},"type":"cond-expr","locations":[{"start":{"line":35,"column":20},"end":{"line":37,"column":null}},{"start":{"line":41,"column":20},"end":{"line":43,"column":null}}]}},"s":{"0":1,"1":1,"2":4},"f":{"0":4},"b":{"0":[1,3],"1":[1,2]}}
,"C:\\Capstone\\Prompt-Forge\\frontend\\src\\components\\GradientText.tsx": {"path":"C:\\Capstone\\Prompt-Forge\\frontend\\src\\components\\GradientText.tsx","statementMap":{"0":{"start":{"line":12,"column":0},"end":{"line":12,"column":24}},"1":{"start":{"line":1,"column":0},"end":{"line":1,"column":27}},"2":{"start":{"line":19,"column":24},"end":{"line":22,"column":null}},"3":{"start":{"line":24,"column":2},"end":{"line":31,"column":null}}},"fnMap":{"0":{"name":"GradientText","decl":{"start":{"line":12,"column":24},"end":{"line":12,"column":36}},"loc":{"start":{"line":18,"column":20},"end":{"line":32,"column":1}}}},"branchMap":{"0":{"loc":{"start":{"line":14,"column":2},"end":{"line":14,"column":16}},"type":"default-arg","locations":[{"start":{"line":14,"column":14},"end":{"line":14,"column":16}}]},"1":{"loc":{"start":{"line":15,"column":2},"end":{"line":15,"column":66}},"type":"default-arg","locations":[{"start":{"line":15,"column":11},"end":{"line":15,"column":66}}]},"2":{"loc":{"start":{"line":16,"column":2},"end":{"line":16,"column":20}},"type":"default-arg","locations":[{"start":{"line":16,"column":19},"end":{"line":16,"column":20}}]},"3":{"loc":{"start":{"line":17,"column":2},"end":{"line":17,"column":20}},"type":"default-arg","locations":[{"start":{"line":17,"column":15},"end":{"line":17,"column":20}}]},"4":{"loc":{"start":{"line":26,"column":7},"end":{"line":26,"column":83}},"type":"binary-expr","locations":[{"start":{"line":26,"column":7},"end":{"line":26,"column":17}},{"start":{"line":26,"column":21},"end":{"line":26,"column":83}}]}},"s":{"0":0,"1":0,"2":0,"3":0},"f":{"0":0},"b":{"0":[0],"1":[0],"2":[0],"3":[0],"4":[0,0]}}
,"C:\\Capstone\\Prompt-Forge\\frontend\\src\\components\\Header.tsx": {"path":"C:\\Capstone\\Prompt-Forge\\frontend\\src\\components\\Header.tsx","statementMap":{"0":{"start":{"line":11,"column":0},"end":{"line":11,"column":24}},"1":{"start":{"line":3,"column":0},"end":{"line":3,"column":65}},"2":{"start":{"line":4,"column":0},"end":{"line":4,"column":36}},"3":{"start":{"line":5,"column":0},"end":{"line":5,"column":110}},"4":{"start":{"line":6,"column":0},"end":{"line":6,"column":43}},"5":{"start":{"line":7,"column":0},"end":{"line":7,"column":33}},"6":{"start":{"line":8,"column":0},"end":{"line":8,"column":51}},"7":{"start":{"line":9,"column":0},"end":{"line":9,"column":53}},"8":{"start":{"line":12,"column":30},"end":{"line":12,"column":40}},"9":{"start":{"line":13,"column":19},"end":{"line":13,"column":32}},"10":{"start":{"line":14,"column":19},"end":{"line":14,"column":36}},"11":{"start":{"line":15,"column":19},"end":{"line":15,"column":32}},"12":{"start":{"line":16,"column":42},"end":{"line":16,"column":57}},"13":{"start":{"line":17,"column":46},"end":{"line":17,"column":61}},"14":{"start":{"line":18,"column":22},"end":{"line":18,"column":50}},"15":{"start":{"line":20,"column":19},"end":{"line":30,"column":null}},"16":{"start":{"line":32,"column":23},"end":{"line":43,"column":3}},"17":{"start":{"line":33,"column":4},"end":{"line":42,"column":5}},"18":{"start":{"line":34,"column":26},"end":{"line":34,"column":43}},"19":{"start":{"line":35,"column":6},"end":{"line":35,"column":33}},"20":{"start":{"line":36,"column":6},"end":{"line":36,"column":43}},"21":{"start":{"line":37,"column":6},"end":{"line":37,"column":29}},"22":{"start":{"line":38,"column":6},"end":{"line":38,"column":25}},"23":{"start":{"line":40,"column":6},"end":{"line":40,"column":44}},"24":{"start":{"line":45,"column":2},"end":{"line":55,"column":null}},"25":{"start":{"line":47,"column":6},"end":{"line":49,"column":7}},"26":{"start":{"line":48,"column":8},"end":{"line":48,"column":null}},"27":{"start":{"line":51,"column":4},"end":{"line":51,"column":null}},"28":{"start":{"line":52,"column":4},"end":{"line":54,"column":null}},"29":{"start":{"line":53,"column":6},"end":{"line":53,"column":null}},"30":{"start":{"line":57,"column":2},"end":{"line":187,"column":null}},"31":{"start":{"line":71,"column":12},"end":{"line":72,"column":null}},"32":{"start":{"line":91,"column":27},"end":{"line":91,"column":61}},"33":{"start":{"line":102,"column":31},"end":{"line":102,"column":76}},"34":{"start":{"line":117,"column":98},"end":{"line":117,"column":128}},"35":{"start":{"line":128,"column":35},"end":{"line":128,"column":57}},"36":{"start":{"line":136,"column":35},"end":{"line":136,"column":57}},"37":{"start":{"line":158,"column":12},"end":{"line":159,"column":null}},"38":{"start":{"line":167,"column":29},"end":{"line":167,"column":53}},"39":{"start":{"line":180,"column":27},"end":{"line":180,"column":51}}},"fnMap":{"0":{"name":"Header","decl":{"start":{"line":11,"column":24},"end":{"line":11,"column":30}},"loc":{"start":{"line":11,"column":30},"end":{"line":188,"column":1}}},"1":{"name":"(anonymous_1)","decl":{"start":{"line":32,"column":23},"end":{"line":32,"column":28}},"loc":{"start":{"line":32,"column":34},"end":{"line":43,"column":3}}},"2":{"name":"(anonymous_2)","decl":{"start":{"line":45,"column":12},"end":{"line":45,"column":15}},"loc":{"start":{"line":45,"column":17},"end":{"line":55,"column":3}}},"3":{"name":"handleClickOutside","decl":{"start":{"line":46,"column":13},"end":{"line":46,"column":31}},"loc":{"start":{"line":46,"column":49},"end":{"line":50,"column":5}}},"4":{"name":"(anonymous_4)","decl":{"start":{"line":52,"column":11},"end":{"line":52,"column":14}},"loc":{"start":{"line":52,"column":16},"end":{"line":54,"column":5}}},"5":{"name":"(anonymous_5)","decl":{"start":{"line":70,"column":24},"end":{"line":70,"column":25}},"loc":{"start":{"line":71,"column":12},"end":{"line":72,"column":null}}},"6":{"name":"(anonymous_6)","decl":{"start":{"line":91,"column":21},"end":{"line":91,"column":24}},"loc":{"start":{"line":91,"column":27},"end":{"line":91,"column":61}}},"7":{"name":"(anonymous_7)","decl":{"start":{"line":102,"column":25},"end":{"line":102,"column":28}},"loc":{"start":{"line":102,"column":31},"end":{"line":102,"column":76}}},"8":{"name":"(anonymous_8)","decl":{"start":{"line":117,"column":92},"end":{"line":117,"column":95}},"loc":{"start":{"line":117,"column":98},"end":{"line":117,"column":128}}},"9":{"name":"(anonymous_9)","decl":{"start":{"line":128,"column":29},"end":{"line":128,"column":32}},"loc":{"start":{"line":128,"column":35},"end":{"line":128,"column":57}}},"10":{"name":"(anonymous_10)","decl":{"start":{"line":136,"column":29},"end":{"line":136,"column":32}},"loc":{"start":{"line":136,"column":35},"end":{"line":136,"column":57}}},"11":{"name":"(anonymous_11)","decl":{"start":{"line":157,"column":24},"end":{"line":157,"column":25}},"loc":{"start":{"line":158,"column":12},"end":{"line":159,"column":null}}},"12":{"name":"(anonymous_12)","decl":{"start":{"line":167,"column":23},"end":{"line":167,"column":26}},"loc":{"start":{"line":167,"column":29},"end":{"line":167,"column":53}}},"13":{"name":"(anonymous_13)","decl":{"start":{"line":180,"column":21},"end":{"line":180,"column":24}},"loc":{"start":{"line":180,"column":27},"end":{"line":180,"column":51}}}},"branchMap":{"0":{"loc":{"start":{"line":47,"column":6},"end":{"line":49,"column":7}},"type":"if","locations":[{"start":{"line":47,"column":6},"end":{"line":49,"column":7}},{"start":{},"end":{}}]},"1":{"loc":{"start":{"line":47,"column":10},"end":{"line":47,"column":84}},"type":"binary-expr","locations":[{"start":{"line":47,"column":10},"end":{"line":47,"column":29}},{"start":{"line":47,"column":33},"end":{"line":47,"column":84}}]},"2":{"loc":{"start":{"line":76,"column":16},"end":{"line":78,"column":43}},"type":"cond-expr","locations":[{"start":{"line":77,"column":20},"end":{"line":77,"column":66}},{"start":{"line":78,"column":20},"end":{"line":78,"column":43}}]},"3":{"loc":{"start":{"line":102,"column":40},"end":{"line":102,"column":75}},"type":"cond-expr","locations":[{"start":{"line":102,"column":59},"end":{"line":102,"column":66}},{"start":{"line":102,"column":69},"end":{"line":102,"column":75}}]},"4":{"loc":{"start":{"line":105,"column":17},"end":{"line":105,"column":94}},"type":"cond-expr","locations":[{"start":{"line":105,"column":36},"end":{"line":105,"column":63}},{"start":{"line":105,"column":66},"end":{"line":105,"column":94}}]},"5":{"loc":{"start":{"line":121,"column":13},"end":{"line":149,"column":null}},"type":"binary-expr","locations":[{"start":{"line":121,"column":13},"end":{"line":121,"column":25}},{"start":{"line":122,"column":14},"end":{"line":148,"column":null}}]},"6":{"loc":{"start":{"line":155,"column":7},"end":{"line":184,"column":null}},"type":"binary-expr","locations":[{"start":{"line":155,"column":7},"end":{"line":155,"column":21}},{"start":{"line":156,"column":8},"end":{"line":183,"column":null}}]},"7":{"loc":{"start":{"line":163,"column":16},"end":{"line":165,"column":43}},"type":"cond-expr","locations":[{"start":{"line":164,"column":20},"end":{"line":164,"column":66}},{"start":{"line":165,"column":20},"end":{"line":165,"column":43}}]},"8":{"loc":{"start":{"line":176,"column":14},"end":{"line":178,"column":41}},"type":"cond-expr","locations":[{"start":{"line":177,"column":18},"end":{"line":177,"column":64}},{"start":{"line":178,"column":18},"end":{"line":178,"column":41}}]}},"s":{"0":0,"1":0,"2":0,"3":0,"4":0,"5":0,"6":0,"7":0,"8":0,"9":0,"10":0,"11":0,"12":0,"13":0,"14":0,"15":0,"16":0,"17":0,"18":0,"19":0,"20":0,"21":0,"22":0,"23":0,"24":0,"25":0,"26":0,"27":0,"28":0,"29":0,"30":0,"31":0,"32":0,"33":0,"34":0,"35":0,"36":0,"37":0,"38":0,"39":0},"f":{"0":0,"1":0,"2":0,"3":0,"4":0,"5":0,"6":0,"7":0,"8":0,"9":0,"10":0,"11":0,"12":0,"13":0},"b":{"0":[0,0],"1":[0,0],"2":[0,0],"3":[0,0],"4":[0,0],"5":[0,0],"6":[0,0],"7":[0,0],"8":[0,0]}}
,"C:\\Capstone\\Prompt-Forge\\frontend\\src\\components\\InteractiveBackground.tsx": {"path":"C:\\Capstone\\Prompt-Forge\\frontend\\src\\components\\InteractiveBackground.tsx","statementMap":{"0":{"start":{"line":18,"column":0},"end":{"line":18,"column":24}},"1":{"start":{"line":3,"column":0},"end":{"line":3,"column":51}},"2":{"start":{"line":19,"column":20},"end":{"line":19,"column":51}},"3":{"start":{"line":20,"column":23},"end":{"line":20,"column":39}},"4":{"start":{"line":21,"column":23},"end":{"line":21,"column":45}},"5":{"start":{"line":22,"column":19},"end":{"line":22,"column":64}},"6":{"start":{"line":23,"column":38},"end":{"line":23,"column":71}},"7":{"start":{"line":24,"column":30},"end":{"line":24,"column":45}},"8":{"start":{"line":27,"column":22},"end":{"line":33,"column":null}},"9":{"start":{"line":35,"column":21},"end":{"line":41,"column":null}},"10":{"start":{"line":43,"column":2},"end":{"line":59,"column":null}},"11":{"start":{"line":45,"column":23},"end":{"line":47,"column":5}},"12":{"start":{"line":46,"column":6},"end":{"line":46,"column":null}},"13":{"start":{"line":49,"column":4},"end":{"line":49,"column":null}},"14":{"start":{"line":52,"column":21},"end":{"line":52,"column":53}},"15":{"start":{"line":53,"column":4},"end":{"line":56,"column":null}},"16":{"start":{"line":58,"column":4},"end":{"line":58,"column":null}},"17":{"start":{"line":58,"column":17},"end":{"line":58,"column":38}},"18":{"start":{"line":61,"column":2},"end":{"line":72,"column":null}},"19":{"start":{"line":62,"column":29},"end":{"line":67,"column":5}},"20":{"start":{"line":63,"column":6},"end":{"line":66,"column":null}},"21":{"start":{"line":69,"column":4},"end":{"line":69,"column":null}},"22":{"start":{"line":70,"column":4},"end":{"line":70,"column":null}},"23":{"start":{"line":71,"column":4},"end":{"line":71,"column":null}},"24":{"start":{"line":71,"column":17},"end":{"line":71,"column":71}},"25":{"start":{"line":74,"column":2},"end":{"line":231,"column":null}},"26":{"start":{"line":75,"column":19},"end":{"line":75,"column":36}},"27":{"start":{"line":76,"column":4},"end":{"line":76,"column":23}},"28":{"start":{"line":76,"column":17},"end":{"line":76,"column":23}},"29":{"start":{"line":78,"column":16},"end":{"line":78,"column":39}},"30":{"start":{"line":79,"column":4},"end":{"line":79,"column":20}},"31":{"start":{"line":79,"column":14},"end":{"line":79,"column":20}},"32":{"start":{"line":81,"column":4},"end":{"line":81,"column":null}},"33":{"start":{"line":82,"column":4},"end":{"line":82,"column":null}},"34":{"start":{"line":85,"column":4},"end":{"line":85,"column":null}},"35":{"start":{"line":87,"column":19},"end":{"line":87,"column":52}},"36":{"start":{"line":89,"column":27},"end":{"line":100,"column":6}},"37":{"start":{"line":89,"column":103},"end":{"line":100,"column":6}},"38":{"start":{"line":102,"column":28},"end":{"line":111,"column":5}},"39":{"start":{"line":103,"column":6},"end":{"line":103,"column":null}},"40":{"start":{"line":106,"column":6},"end":{"line":110,"column":7}},"41":{"start":{"line":107,"column":24},"end":{"line":107,"column":51}},"42":{"start":{"line":108,"column":24},"end":{"line":108,"column":51}},"43":{"start":{"line":109,"column":8},"end":{"line":109,"column":null}},"44":{"start":{"line":113,"column":20},"end":{"line":220,"column":5}},"45":{"start":{"line":115,"column":6},"end":{"line":119,"column":7}},"46":{"start":{"line":116,"column":8},"end":{"line":116,"column":null}},"47":{"start":{"line":118,"column":8},"end":{"line":118,"column":null}},"48":{"start":{"line":120,"column":6},"end":{"line":120,"column":null}},"49":{"start":{"line":122,"column":18},"end":{"line":122,"column":28}},"50":{"start":{"line":123,"column":33},"end":{"line":123,"column":65}},"51":{"start":{"line":124,"column":30},"end":{"line":124,"column":55}},"52":{"start":{"line":127,"column":6},"end":{"line":136,"column":7}},"53":{"start":{"line":128,"column":8},"end":{"line":130,"column":null}},"54":{"start":{"line":131,"column":13},"end":{"line":136,"column":7}},"55":{"start":{"line":133,"column":8},"end":{"line":135,"column":null}},"56":{"start":{"line":139,"column":6},"end":{"line":189,"column":null}},"57":{"start":{"line":140,"column":8},"end":{"line":140,"column":null}},"58":{"start":{"line":143,"column":8},"end":{"line":153,"column":9}},"59":{"start":{"line":145,"column":21},"end":{"line":145,"column":52}},"60":{"start":{"line":146,"column":21},"end":{"line":146,"column":52}},"61":{"start":{"line":147,"column":27},"end":{"line":147,"column":55}},"62":{"start":{"line":149,"column":10},"end":{"line":152,"column":11}},"63":{"start":{"line":150,"column":12},"end":{"line":150,"column":null}},"64":{"start":{"line":151,"column":12},"end":{"line":151,"column":null}},"65":{"start":{"line":156,"column":8},"end":{"line":156,"column":null}},"66":{"start":{"line":157,"column":8},"end":{"line":157,"column":null}},"67":{"start":{"line":160,"column":8},"end":{"line":160,"column":null}},"68":{"start":{"line":161,"column":8},"end":{"line":161,"column":null}},"69":{"start":{"line":164,"column":8},"end":{"line":169,"column":9}},"70":{"start":{"line":165,"column":10},"end":{"line":165,"column":null}},"71":{"start":{"line":165,"column":30},"end":{"line":165,"column":null}},"72":{"start":{"line":166,"column":10},"end":{"line":166,"column":null}},"73":{"start":{"line":166,"column":41},"end":{"line":166,"column":null}},"74":{"start":{"line":167,"column":10},"end":{"line":167,"column":null}},"75":{"start":{"line":167,"column":30},"end":{"line":167,"column":null}},"76":{"start":{"line":168,"column":10},"end":{"line":168,"column":null}},"77":{"start":{"line":168,"column":42},"end":{"line":168,"column":null}},"78":{"start":{"line":172,"column":8},"end":{"line":172,"column":null}},"79":{"start":{"line":175,"column":8},"end":{"line":175,"column":null}},"80":{"start":{"line":176,"column":8},"end":{"line":176,"column":null}},"81":{"start":{"line":177,"column":8},"end":{"line":177,"column":null}},"82":{"start":{"line":178,"column":8},"end":{"line":178,"column":null}},"83":{"start":{"line":179,"column":8},"end":{"line":179,"column":null}},"84":{"start":{"line":180,"column":8},"end":{"line":180,"column":null}},"85":{"start":{"line":183,"column":8},"end":{"line":183,"column":null}},"86":{"start":{"line":184,"column":8},"end":{"line":184,"column":null}},"87":{"start":{"line":185,"column":8},"end":{"line":185,"column":null}},"88":{"start":{"line":186,"column":8},"end":{"line":186,"column":null}},"89":{"start":{"line":188,"column":8},"end":{"line":188,"column":null}},"90":{"start":{"line":192,"column":6},"end":{"line":212,"column":7}},"91":{"start":{"line":192,"column":19},"end":{"line":192,"column":20}},"92":{"start":{"line":193,"column":8},"end":{"line":211,"column":9}},"93":{"start":{"line":193,"column":21},"end":{"line":193,"column":26}},"94":{"start":{"line":194,"column":21},"end":{"line":194,"column":44}},"95":{"start":{"line":195,"column":21},"end":{"line":195,"column":44}},"96":{"start":{"line":196,"column":21},"end":{"line":196,"column":32}},"97":{"start":{"line":197,"column":21},"end":{"line":197,"column":32}},"98":{"start":{"line":198,"column":27},"end":{"line":198,"column":55}},"99":{"start":{"line":200,"column":10},"end":{"line":210,"column":11}},"100":{"start":{"line":201,"column":12},"end":{"line":201,"column":null}},"101":{"start":{"line":202,"column":12},"end":{"line":202,"column":null}},"102":{"start":{"line":203,"column":12},"end":{"line":203,"column":null}},"103":{"start":{"line":204,"column":12},"end":{"line":204,"column":null}},"104":{"start":{"line":205,"column":12},"end":{"line":205,"column":null}},"105":{"start":{"line":206,"column":12},"end":{"line":206,"column":null}},"106":{"start":{"line":207,"column":12},"end":{"line":207,"column":null}},"107":{"start":{"line":208,"column":12},"end":{"line":208,"column":null}},"108":{"start":{"line":209,"column":12},"end":{"line":209,"column":null}},"109":{"start":{"line":215,"column":6},"end":{"line":217,"column":7}},"110":{"start":{"line":216,"column":8},"end":{"line":216,"column":null}},"111":{"start":{"line":219,"column":6},"end":{"line":219,"column":null}},"112":{"start":{"line":222,"column":4},"end":{"line":222,"column":null}},"113":{"start":{"line":223,"column":4},"end":{"line":223,"column":null}},"114":{"start":{"line":225,"column":4},"end":{"line":230,"column":null}},"115":{"start":{"line":226,"column":6},"end":{"line":226,"column":null}},"116":{"start":{"line":227,"column":6},"end":{"line":229,"column":7}},"117":{"start":{"line":228,"column":8},"end":{"line":228,"column":null}},"118":{"start":{"line":233,"column":2},"end":{"line":243,"column":null}}},"fnMap":{"0":{"name":"InteractiveBackground","decl":{"start":{"line":18,"column":24},"end":{"line":18,"column":45}},"loc":{"start":{"line":18,"column":45},"end":{"line":244,"column":1}}},"1":{"name":"(anonymous_1)","decl":{"start":{"line":43,"column":12},"end":{"line":43,"column":15}},"loc":{"start":{"line":43,"column":17},"end":{"line":59,"column":3}}},"2":{"name":"(anonymous_2)","decl":{"start":{"line":45,"column":23},"end":{"line":45,"column":26}},"loc":{"start":{"line":45,"column":28},"end":{"line":47,"column":5}}},"3":{"name":"(anonymous_3)","decl":{"start":{"line":58,"column":11},"end":{"line":58,"column":14}},"loc":{"start":{"line":58,"column":17},"end":{"line":58,"column":38}}},"4":{"name":"(anonymous_4)","decl":{"start":{"line":61,"column":12},"end":{"line":61,"column":15}},"loc":{"start":{"line":61,"column":17},"end":{"line":72,"column":3}}},"5":{"name":"(anonymous_5)","decl":{"start":{"line":62,"column":29},"end":{"line":62,"column":32}},"loc":{"start":{"line":62,"column":34},"end":{"line":67,"column":5}}},"6":{"name":"(anonymous_6)","decl":{"start":{"line":71,"column":11},"end":{"line":71,"column":14}},"loc":{"start":{"line":71,"column":17},"end":{"line":71,"column":71}}},"7":{"name":"(anonymous_7)","decl":{"start":{"line":74,"column":12},"end":{"line":74,"column":15}},"loc":{"start":{"line":74,"column":17},"end":{"line":231,"column":3}}},"8":{"name":"(anonymous_8)","decl":{"start":{"line":89,"column":27},"end":{"line":89,"column":28}},"loc":{"start":{"line":89,"column":103},"end":{"line":100,"column":6}}},"9":{"name":"(anonymous_9)","decl":{"start":{"line":102,"column":28},"end":{"line":102,"column":29}},"loc":{"start":{"line":102,"column":46},"end":{"line":111,"column":5}}},"10":{"name":"(anonymous_10)","decl":{"start":{"line":113,"column":20},"end":{"line":113,"column":23}},"loc":{"start":{"line":113,"column":25},"end":{"line":220,"column":5}}},"11":{"name":"(anonymous_11)","decl":{"start":{"line":139,"column":57},"end":{"line":139,"column":58}},"loc":{"start":{"line":139,"column":70},"end":{"line":189,"column":7}}},"12":{"name":"(anonymous_12)","decl":{"start":{"line":225,"column":11},"end":{"line":225,"column":14}},"loc":{"start":{"line":225,"column":16},"end":{"line":230,"column":5}}}},"branchMap":{"0":{"loc":{"start":{"line":76,"column":4},"end":{"line":76,"column":23}},"type":"if","locations":[{"start":{"line":76,"column":4},"end":{"line":76,"column":23}},{"start":{},"end":{}}]},"1":{"loc":{"start":{"line":79,"column":4},"end":{"line":79,"column":20}},"type":"if","locations":[{"start":{"line":79,"column":4},"end":{"line":79,"column":20}},{"start":{},"end":{}}]},"2":{"loc":{"start":{"line":87,"column":19},"end":{"line":87,"column":52}},"type":"cond-expr","locations":[{"start":{"line":87,"column":28},"end":{"line":87,"column":38}},{"start":{"line":87,"column":41},"end":{"line":87,"column":52}}]},"3":{"loc":{"start":{"line":89,"column":50},"end":{"line":89,"column":87}},"type":"default-arg","locations":[{"start":{"line":89,"column":79},"end":{"line":89,"column":87}}]},"4":{"loc":{"start":{"line":92,"column":35},"end":{"line":92,"column":63}},"type":"cond-expr","locations":[{"start":{"line":92,"column":56},"end":{"line":92,"column":59}},{"start":{"line":92,"column":62},"end":{"line":92,"column":63}}]},"5":{"loc":{"start":{"line":93,"column":35},"end":{"line":93,"column":63}},"type":"cond-expr","locations":[{"start":{"line":93,"column":56},"end":{"line":93,"column":59}},{"start":{"line":93,"column":62},"end":{"line":93,"column":63}}]},"6":{"loc":{"start":{"line":94,"column":29},"end":{"line":94,"column":55}},"type":"cond-expr","locations":[{"start":{"line":94,"column":50},"end":{"line":94,"column":51}},{"start":{"line":94,"column":54},"end":{"line":94,"column":55}}]},"7":{"loc":{"start":{"line":95,"column":32},"end":{"line":95,"column":62}},"type":"cond-expr","locations":[{"start":{"line":95,"column":53},"end":{"line":95,"column":56}},{"start":{"line":95,"column":59},"end":{"line":95,"column":62}}]},"8":{"loc":{"start":{"line":98,"column":32},"end":{"line":98,"column":62}},"type":"cond-expr","locations":[{"start":{"line":98,"column":53},"end":{"line":98,"column":56}},{"start":{"line":98,"column":59},"end":{"line":98,"column":62}}]},"9":{"loc":{"start":{"line":106,"column":6},"end":{"line":110,"column":7}},"type":"if","locations":[{"start":{"line":106,"column":6},"end":{"line":110,"column":7}},{"start":{},"end":{}}]},"10":{"loc":{"start":{"line":115,"column":6},"end":{"line":119,"column":7}},"type":"if","locations":[{"start":{"line":115,"column":6},"end":{"line":119,"column":7}},{"start":{"line":117,"column":13},"end":{"line":119,"column":7}}]},"11":{"loc":{"start":{"line":127,"column":6},"end":{"line":136,"column":7}},"type":"if","locations":[{"start":{"line":127,"column":6},"end":{"line":136,"column":7}},{"start":{"line":131,"column":13},"end":{"line":136,"column":7}}]},"12":{"loc":{"start":{"line":127,"column":10},"end":{"line":127,"column":49}},"type":"binary-expr","locations":[{"start":{"line":127,"column":10},"end":{"line":127,"column":25}},{"start":{"line":127,"column":29},"end":{"line":127,"column":49}}]},"13":{"loc":{"start":{"line":131,"column":13},"end":{"line":136,"column":7}},"type":"if","locations":[{"start":{"line":131,"column":13},"end":{"line":136,"column":7}},{"start":{},"end":{}}]},"14":{"loc":{"start":{"line":131,"column":17},"end":{"line":131,"column":57}},"type":"binary-expr","locations":[{"start":{"line":131,"column":17},"end":{"line":131,"column":33}},{"start":{"line":131,"column":37},"end":{"line":131,"column":57}}]},"15":{"loc":{"start":{"line":143,"column":8},"end":{"line":153,"column":9}},"type":"if","locations":[{"start":{"line":143,"column":8},"end":{"line":153,"column":9}},{"start":{},"end":{}}]},"16":{"loc":{"start":{"line":143,"column":12},"end":{"line":143,"column":58}},"type":"binary-expr","locations":[{"start":{"line":143,"column":12},"end":{"line":143,"column":38}},{"start":{"line":143,"column":42},"end":{"line":143,"column":58}}]},"17":{"loc":{"start":{"line":149,"column":10},"end":{"line":152,"column":11}},"type":"if","locations":[{"start":{"line":149,"column":10},"end":{"line":152,"column":11}},{"start":{},"end":{}}]},"18":{"loc":{"start":{"line":164,"column":8},"end":{"line":169,"column":9}},"type":"if","locations":[{"start":{"line":164,"column":8},"end":{"line":169,"column":9}},{"start":{},"end":{}}]},"19":{"loc":{"start":{"line":165,"column":10},"end":{"line":165,"column":null}},"type":"if","locations":[{"start":{"line":165,"column":10},"end":{"line":165,"column":null}},{"start":{},"end":{}}]},"20":{"loc":{"start":{"line":166,"column":10},"end":{"line":166,"column":null}},"type":"if","locations":[{"start":{"line":166,"column":10},"end":{"line":166,"column":null}},{"start":{},"end":{}}]},"21":{"loc":{"start":{"line":167,"column":10},"end":{"line":167,"column":null}},"type":"if","locations":[{"start":{"line":167,"column":10},"end":{"line":167,"column":null}},{"start":{},"end":{}}]},"22":{"loc":{"start":{"line":168,"column":10},"end":{"line":168,"column":null}},"type":"if","locations":[{"start":{"line":168,"column":10},"end":{"line":168,"column":null}},{"start":{},"end":{}}]},"23":{"loc":{"start":{"line":172,"column":80},"end":{"line":172,"column":119}},"type":"cond-expr","locations":[{"start":{"line":172,"column":110},"end":{"line":172,"column":113}},{"start":{"line":172,"column":116},"end":{"line":172,"column":119}}]},"24":{"loc":{"start":{"line":183,"column":25},"end":{"line":183,"column":61}},"type":"cond-expr","locations":[{"start":{"line":183,"column":55},"end":{"line":183,"column":56}},{"start":{"line":183,"column":59},"end":{"line":183,"column":61}}]},"25":{"loc":{"start":{"line":200,"column":10},"end":{"line":210,"column":11}},"type":"if","locations":[{"start":{"line":200,"column":10},"end":{"line":210,"column":11}},{"start":{},"end":{}}]},"26":{"loc":{"start":{"line":203,"column":30},"end":{"line":203,"column":60}},"type":"cond-expr","locations":[{"start":{"line":203,"column":39},"end":{"line":203,"column":48}},{"start":{"line":203,"column":51},"end":{"line":203,"column":60}}]},"27":{"loc":{"start":{"line":215,"column":6},"end":{"line":217,"column":7}},"type":"if","locations":[{"start":{"line":215,"column":6},"end":{"line":217,"column":7}},{"start":{},"end":{}}]},"28":{"loc":{"start":{"line":227,"column":6},"end":{"line":229,"column":7}},"type":"if","locations":[{"start":{"line":227,"column":6},"end":{"line":229,"column":7}},{"start":{},"end":{}}]},"29":{"loc":{"start":{"line":238,"column":20},"end":{"line":240,"column":125}},"type":"cond-expr","locations":[{"start":{"line":239,"column":12},"end":{"line":239,"column":125}},{"start":{"line":240,"column":12},"end":{"line":240,"column":125}}]}},"s":{"0":0,"1":0,"2":0,"3":0,"4":0,"5":0,"6":0,"7":0,"8":0,"9":0,"10":0,"11":0,"12":0,"13":0,"14":0,"15":0,"16":0,"17":0,"18":0,"19":0,"20":0,"21":0,"22":0,"23":0,"24":0,"25":0,"26":0,"27":0,"28":0,"29":0,"30":0,"31":0,"32":0,"33":0,"34":0,"35":0,"36":0,"37":0,"38":0,"39":0,"40":0,"41":0,"42":0,"43":0,"44":0,"45":0,"46":0,"47":0,"48":0,"49":0,"50":0,"51":0,"52":0,"53":0,"54":0,"55":0,"56":0,"57":0,"58":0,"59":0,"60":0,"61":0,"62":0,"63":0,"64":0,"65":0,"66":0,"67":0,"68":0,"69":0,"70":0,"71":0,"72":0,"73":0,"74":0,"75":0,"76":0,"77":0,"78":0,"79":0,"80":0,"81":0,"82":0,"83":0,"84":0,"85":0,"86":0,"87":0,"88":0,"89":0,"90":0,"91":0,"92":0,"93":0,"94":0,"95":0,"96":0,"97":0,"98":0,"99":0,"100":0,"101":0,"102":0,"103":0,"104":0,"105":0,"106":0,"107":0,"108":0,"109":0,"110":0,"111":0,"112":0,"113":0,"114":0,"115":0,"116":0,"117":0,"118":0},"f":{"0":0,"1":0,"2":0,"3":0,"4":0,"5":0,"6":0,"7":0,"8":0,"9":0,"10":0,"11":0,"12":0},"b":{"0":[0,0],"1":[0,0],"2":[0,0],"3":[0],"4":[0,0],"5":[0,0],"6":[0,0],"7":[0,0],"8":[0,0],"9":[0,0],"10":[0,0],"11":[0,0],"12":[0,0],"13":[0,0],"14":[0,0],"15":[0,0],"16":[0,0],"17":[0,0],"18":[0,0],"19":[0,0],"20":[0,0],"21":[0,0],"22":[0,0],"23":[0,0],"24":[0,0],"25":[0,0],"26":[0,0],"27":[0,0],"28":[0,0],"29":[0,0]}}
,"C:\\Capstone\\Prompt-Forge\\frontend\\src\\components\\PromptCard.tsx": {"path":"C:\\Capstone\\Prompt-Forge\\frontend\\src\\components\\PromptCard.tsx","statementMap":{"0":{"start":{"line":1,"column":0},"end":{"line":1,"column":60}},"1":{"start":{"line":2,"column":0},"end":{"line":2,"column":32}},"2":{"start":{"line":3,"column":0},"end":{"line":3,"column":36}},"3":{"start":{"line":4,"column":0},"end":{"line":4,"column":39}},"4":{"start":{"line":5,"column":0},"end":{"line":5,"column":58}},"5":{"start":{"line":18,"column":26},"end":{"line":88,"column":1}},"6":{"start":{"line":28,"column":2},"end":{"line":87,"column":null}},"7":{"start":{"line":36,"column":16},"end":{"line":37,"column":null}},"8":{"start":{"line":18,"column":13},"end":{"line":18,"column":26}}},"fnMap":{"0":{"name":"(anonymous_0)","decl":{"start":{"line":18,"column":26},"end":{"line":18,"column":27}},"loc":{"start":{"line":27,"column":22},"end":{"line":88,"column":1}}},"1":{"name":"(anonymous_1)","decl":{"start":{"line":35,"column":24},"end":{"line":35,"column":27}},"loc":{"start":{"line":36,"column":16},"end":{"line":37,"column":null}}}},"branchMap":{"0":{"loc":{"start":{"line":38,"column":70},"end":{"line":38,"column":139}},"type":"cond-expr","locations":[{"start":{"line":38,"column":92},"end":{"line":38,"column":111}},{"start":{"line":38,"column":114},"end":{"line":38,"column":139}}]},"1":{"loc":{"start":{"line":46,"column":13},"end":{"line":51,"column":20}},"type":"cond-expr","locations":[{"start":{"line":47,"column":14},"end":{"line":49,"column":null}},{"start":{"line":51,"column":16},"end":{"line":51,"column":20}}]},"2":{"loc":{"start":{"line":65,"column":15},"end":{"line":65,"column":60}},"type":"cond-expr","locations":[{"start":{"line":65,"column":29},"end":{"line":65,"column":35}},{"start":{"line":65,"column":38},"end":{"line":65,"column":60}}]},"3":{"loc":{"start":{"line":72,"column":13},"end":{"line":81,"column":null}},"type":"cond-expr","locations":[{"start":{"line":73,"column":14},"end":{"line":74,"column":null}},{"start":{"line":78,"column":14},"end":{"line":79,"column":null}}]}},"s":{"0":0,"1":0,"2":0,"3":0,"4":0,"5":0,"6":0,"7":0,"8":0},"f":{"0":0,"1":0},"b":{"0":[0,0],"1":[0,0],"2":[0,0],"3":[0,0]}}
,"C:\\Capstone\\Prompt-Forge\\frontend\\src\\components\\PromptDetails.tsx": {"path":"C:\\Capstone\\Prompt-Forge\\frontend\\src\\components\\PromptDetails.tsx","statementMap":{"0":{"start":{"line":3,"column":0},"end":{"line":3,"column":51}},"1":{"start":{"line":4,"column":0},"end":{"line":4,"column":44}},"2":{"start":{"line":5,"column":0},"end":{"line":5,"column":41}},"3":{"start":{"line":6,"column":0},"end":{"line":6,"column":74}},"4":{"start":{"line":7,"column":0},"end":{"line":7,"column":49}},"5":{"start":{"line":8,"column":0},"end":{"line":8,"column":41}},"6":{"start":{"line":9,"column":0},"end":{"line":9,"column":32}},"7":{"start":{"line":10,"column":0},"end":{"line":10,"column":41}},"8":{"start":{"line":11,"column":0},"end":{"line":11,"column":56}},"9":{"start":{"line":13,"column":0},"end":{"line":13,"column":36}},"10":{"start":{"line":14,"column":0},"end":{"line":14,"column":53}},"11":{"start":{"line":15,"column":0},"end":{"line":15,"column":47}},"12":{"start":{"line":17,"column":29},"end":{"line":623,"column":1}},"13":{"start":{"line":18,"column":17},"end":{"line":18,"column":44}},"14":{"start":{"line":19,"column":30},"end":{"line":19,"column":67}},"15":{"start":{"line":20,"column":32},"end":{"line":20,"column":54}},"16":{"start":{"line":21,"column":44},"end":{"line":21,"column":73}},"17":{"start":{"line":23,"column":32},"end":{"line":23,"column":46}},"18":{"start":{"line":24,"column":28},"end":{"line":24,"column":57}},"19":{"start":{"line":25,"column":46},"end":{"line":25,"column":61}},"20":{"start":{"line":26,"column":48},"end":{"line":26,"column":63}},"21":{"start":{"line":28,"column":44},"end":{"line":28,"column":73}},"22":{"start":{"line":29,"column":46},"end":{"line":29,"column":75}},"23":{"start":{"line":30,"column":52},"end":{"line":30,"column":120}},"24":{"start":{"line":32,"column":24},"end":{"line":32,"column":43}},"25":{"start":{"line":33,"column":22},"end":{"line":33,"column":39}},"26":{"start":{"line":34,"column":26},"end":{"line":34,"column":61}},"27":{"start":{"line":37,"column":27},"end":{"line":64,"column":3}},"28":{"start":{"line":38,"column":15},"end":{"line":40,"column":105}},"29":{"start":{"line":41,"column":17},"end":{"line":43,"column":363}},"30":{"start":{"line":44,"column":25},"end":{"line":44,"column":54}},"31":{"start":{"line":45,"column":4},"end":{"line":45,"column":null}},"32":{"start":{"line":46,"column":4},"end":{"line":54,"column":null}},"33":{"start":{"line":55,"column":4},"end":{"line":55,"column":null}},"34":{"start":{"line":56,"column":4},"end":{"line":63,"column":null}},"35":{"start":{"line":57,"column":6},"end":{"line":57,"column":null}},"36":{"start":{"line":58,"column":6},"end":{"line":62,"column":null}},"37":{"start":{"line":59,"column":8},"end":{"line":61,"column":9}},"38":{"start":{"line":60,"column":10},"end":{"line":60,"column":null}},"39":{"start":{"line":66,"column":2},"end":{"line":138,"column":null}},"40":{"start":{"line":67,"column":28},"end":{"line":135,"column":5}},"41":{"start":{"line":68,"column":6},"end":{"line":134,"column":7}},"42":{"start":{"line":69,"column":8},"end":{"line":69,"column":null}},"43":{"start":{"line":70,"column":8},"end":{"line":70,"column":null}},"44":{"start":{"line":73,"column":27},"end":{"line":73,"column":65}},"45":{"start":{"line":74,"column":8},"end":{"line":74,"column":48}},"46":{"start":{"line":75,"column":8},"end":{"line":75,"column":51}},"47":{"start":{"line":76,"column":8},"end":{"line":76,"column":null}},"48":{"start":{"line":79,"column":28},"end":{"line":79,"column":69}},"49":{"start":{"line":80,"column":8},"end":{"line":80,"column":null}},"50":{"start":{"line":83,"column":38},"end":{"line":126,"column":9}},"51":{"start":{"line":84,"column":10},"end":{"line":125,"column":11}},"52":{"start":{"line":86,"column":29},"end":{"line":86,"column":61}},"53":{"start":{"line":87,"column":12},"end":{"line":91,"column":13}},"54":{"start":{"line":88,"column":14},"end":{"line":88,"column":null}},"55":{"start":{"line":89,"column":14},"end":{"line":89,"column":null}},"56":{"start":{"line":90,"column":14},"end":{"line":90,"column":20}},"57":{"start":{"line":94,"column":12},"end":{"line":94,"column":null}},"58":{"start":{"line":95,"column":29},"end":{"line":95,"column":61}},"59":{"start":{"line":97,"column":12},"end":{"line":114,"column":13}},"60":{"start":{"line":98,"column":31},"end":{"line":98,"column":52}},"61":{"start":{"line":99,"column":14},"end":{"line":99,"column":null}},"62":{"start":{"line":100,"column":14},"end":{"line":100,"column":null}},"63":{"start":{"line":101,"column":19},"end":{"line":114,"column":13}},"64":{"start":{"line":102,"column":14},"end":{"line":102,"column":null}},"65":{"start":{"line":103,"column":14},"end":{"line":103,"column":null}},"66":{"start":{"line":106,"column":37},"end":{"line":106,"column":67}},"67":{"start":{"line":107,"column":14},"end":{"line":113,"column":15}},"68":{"start":{"line":108,"column":16},"end":{"line":108,"column":null}},"69":{"start":{"line":109,"column":16},"end":{"line":109,"column":null}},"70":{"start":{"line":111,"column":16},"end":{"line":111,"column":null}},"71":{"start":{"line":112,"column":16},"end":{"line":112,"column":null}},"72":{"start":{"line":116,"column":12},"end":{"line":116,"column":null}},"73":{"start":{"line":118,"column":35},"end":{"line":118,"column":65}},"74":{"start":{"line":119,"column":12},"end":{"line":124,"column":13}},"75":{"start":{"line":120,"column":14},"end":{"line":120,"column":null}},"76":{"start":{"line":121,"column":14},"end":{"line":121,"column":null}},"77":{"start":{"line":123,"column":14},"end":{"line":123,"column":null}},"78":{"start":{"line":128,"column":8},"end":{"line":128,"column":null}},"79":{"start":{"line":131,"column":8},"end":{"line":131,"column":null}},"80":{"start":{"line":133,"column":8},"end":{"line":133,"column":null}},"81":{"start":{"line":137,"column":4},"end":{"line":137,"column":null}},"82":{"start":{"line":141,"column":4},"end":{"line":141,"column":101}},"83":{"start":{"line":141,"column":57},"end":{"line":141,"column":76}},"84":{"start":{"line":143,"column":25},"end":{"line":157,"column":3}},"85":{"start":{"line":144,"column":4},"end":{"line":147,"column":5}},"86":{"start":{"line":145,"column":6},"end":{"line":145,"column":null}},"87":{"start":{"line":146,"column":6},"end":{"line":146,"column":12}},"88":{"start":{"line":149,"column":4},"end":{"line":156,"column":null}},"89":{"start":{"line":151,"column":8},"end":{"line":151,"column":null}},"90":{"start":{"line":152,"column":8},"end":{"line":152,"column":null}},"91":{"start":{"line":155,"column":8},"end":{"line":155,"column":null}},"92":{"start":{"line":159,"column":29},"end":{"line":173,"column":3}},"93":{"start":{"line":160,"column":4},"end":{"line":172,"column":5}},"94":{"start":{"line":161,"column":6},"end":{"line":161,"column":null}},"95":{"start":{"line":162,"column":6},"end":{"line":162,"column":null}},"96":{"start":{"line":163,"column":26},"end":{"line":163,"column":67}},"97":{"start":{"line":164,"column":6},"end":{"line":164,"column":null}},"98":{"start":{"line":165,"column":6},"end":{"line":165,"column":null}},"99":{"start":{"line":166,"column":6},"end":{"line":166,"column":null}},"100":{"start":{"line":167,"column":6},"end":{"line":167,"column":null}},"101":{"start":{"line":169,"column":6},"end":{"line":169,"column":null}},"102":{"start":{"line":170,"column":6},"end":{"line":170,"column":null}},"103":{"start":{"line":171,"column":6},"end":{"line":171,"column":null}},"104":{"start":{"line":175,"column":29},"end":{"line":191,"column":3}},"105":{"start":{"line":176,"column":4},"end":{"line":178,"column":5}},"106":{"start":{"line":177,"column":6},"end":{"line":177,"column":12}},"107":{"start":{"line":179,"column":4},"end":{"line":190,"column":5}},"108":{"start":{"line":180,"column":6},"end":{"line":180,"column":null}},"109":{"start":{"line":181,"column":6},"end":{"line":181,"column":null}},"110":{"start":{"line":182,"column":26},"end":{"line":182,"column":67}},"111":{"start":{"line":183,"column":6},"end":{"line":183,"column":null}},"112":{"start":{"line":184,"column":6},"end":{"line":184,"column":null}},"113":{"start":{"line":185,"column":6},"end":{"line":185,"column":null}},"114":{"start":{"line":187,"column":6},"end":{"line":187,"column":null}},"115":{"start":{"line":188,"column":6},"end":{"line":188,"column":null}},"116":{"start":{"line":189,"column":6},"end":{"line":189,"column":null}},"117":{"start":{"line":194,"column":26},"end":{"line":204,"column":3}},"118":{"start":{"line":195,"column":4},"end":{"line":195,"column":37}},"119":{"start":{"line":195,"column":24},"end":{"line":195,"column":37}},"120":{"start":{"line":198,"column":4},"end":{"line":198,"column":51}},"121":{"start":{"line":199,"column":4},"end":{"line":199,"column":50}},"122":{"start":{"line":200,"column":4},"end":{"line":200,"column":42}},"123":{"start":{"line":203,"column":4},"end":{"line":203,"column":90}},"124":{"start":{"line":206,"column":2},"end":{"line":217,"column":3}},"125":{"start":{"line":207,"column":4},"end":{"line":216,"column":null}},"126":{"start":{"line":219,"column":2},"end":{"line":244,"column":3}},"127":{"start":{"line":220,"column":4},"end":{"line":243,"column":null}},"128":{"start":{"line":236,"column":27},"end":{"line":236,"column":51}},"129":{"start":{"line":246,"column":2},"end":{"line":277,"column":3}},"130":{"start":{"line":247,"column":4},"end":{"line":276,"column":null}},"131":{"start":{"line":280,"column":23},"end":{"line":280,"column":39}},"132":{"start":{"line":281,"column":25},"end":{"line":281,"column":56}},"133":{"start":{"line":283,"column":2},"end":{"line":622,"column":null}},"134":{"start":{"line":299,"column":18},"end":{"line":299,"column":37}},"135":{"start":{"line":326,"column":18},"end":{"line":327,"column":null}},"136":{"start":{"line":417,"column":18},"end":{"line":417,"column":39}},"137":{"start":{"line":432,"column":28},"end":{"line":436,"column":null}},"138":{"start":{"line":452,"column":41},"end":{"line":452,"column":70}},"139":{"start":{"line":485,"column":39},"end":{"line":485,"column":65}},"140":{"start":{"line":498,"column":45},"end":{"line":501,"column":25}},"141":{"start":{"line":499,"column":46},"end":{"line":499,"column":87}},"142":{"start":{"line":500,"column":26},"end":{"line":500,"column":null}},"143":{"start":{"line":502,"column":24},"end":{"line":502,"column":null}},"144":{"start":{"line":503,"column":24},"end":{"line":503,"column":51}},"145":{"start":{"line":506,"column":24},"end":{"line":506,"column":null}},"146":{"start":{"line":515,"column":43},"end":{"line":518,"column":23}},"147":{"start":{"line":516,"column":44},"end":{"line":516,"column":85}},"148":{"start":{"line":517,"column":24},"end":{"line":517,"column":null}},"149":{"start":{"line":519,"column":22},"end":{"line":519,"column":null}},"150":{"start":{"line":606,"column":22},"end":{"line":607,"column":null}},"151":{"start":{"line":17,"column":13},"end":{"line":17,"column":29}}},"fnMap":{"0":{"name":"(anonymous_1)","decl":{"start":{"line":17,"column":29},"end":{"line":17,"column":32}},"loc":{"start":{"line":17,"column":34},"end":{"line":623,"column":1}}},"1":{"name":"(anonymous_2)","decl":{"start":{"line":37,"column":27},"end":{"line":37,"column":28}},"loc":{"start":{"line":37,"column":89},"end":{"line":64,"column":3}}},"2":{"name":"(anonymous_3)","decl":{"start":{"line":56,"column":15},"end":{"line":56,"column":18}},"loc":{"start":{"line":56,"column":20},"end":{"line":63,"column":5}}},"3":{"name":"(anonymous_4)","decl":{"start":{"line":58,"column":17},"end":{"line":58,"column":20}},"loc":{"start":{"line":58,"column":22},"end":{"line":62,"column":7}}},"4":{"name":"(anonymous_5)","decl":{"start":{"line":66,"column":12},"end":{"line":66,"column":15}},"loc":{"start":{"line":66,"column":17},"end":{"line":138,"column":3}}},"5":{"name":"(anonymous_6)","decl":{"start":{"line":67,"column":28},"end":{"line":67,"column":33}},"loc":{"start":{"line":67,"column":39},"end":{"line":135,"column":5}}},"6":{"name":"(anonymous_7)","decl":{"start":{"line":83,"column":38},"end":{"line":83,"column":43}},"loc":{"start":{"line":83,"column":49},"end":{"line":126,"column":9}}},"7":{"name":"(anonymous_8)","decl":{"start":{"line":141,"column":40},"end":{"line":141,"column":41}},"loc":{"start":{"line":141,"column":57},"end":{"line":141,"column":76}}},"8":{"name":"(anonymous_9)","decl":{"start":{"line":143,"column":25},"end":{"line":143,"column":30}},"loc":{"start":{"line":143,"column":36},"end":{"line":157,"column":3}}},"9":{"name":"(anonymous_10)","decl":{"start":{"line":150,"column":12},"end":{"line":150,"column":15}},"loc":{"start":{"line":150,"column":18},"end":{"line":153,"column":7}}},"10":{"name":"(anonymous_11)","decl":{"start":{"line":154,"column":13},"end":{"line":154,"column":16}},"loc":{"start":{"line":154,"column":19},"end":{"line":156,"column":7}}},"11":{"name":"(anonymous_12)","decl":{"start":{"line":159,"column":29},"end":{"line":159,"column":34}},"loc":{"start":{"line":159,"column":108},"end":{"line":173,"column":3}}},"12":{"name":"(anonymous_13)","decl":{"start":{"line":175,"column":29},"end":{"line":175,"column":34}},"loc":{"start":{"line":175,"column":56},"end":{"line":191,"column":3}}},"13":{"name":"(anonymous_14)","decl":{"start":{"line":194,"column":26},"end":{"line":194,"column":27}},"loc":{"start":{"line":194,"column":45},"end":{"line":204,"column":3}}},"14":{"name":"(anonymous_15)","decl":{"start":{"line":236,"column":21},"end":{"line":236,"column":24}},"loc":{"start":{"line":236,"column":27},"end":{"line":236,"column":51}}},"15":{"name":"(anonymous_16)","decl":{"start":{"line":298,"column":45},"end":{"line":298,"column":46}},"loc":{"start":{"line":299,"column":18},"end":{"line":299,"column":37}}},"16":{"name":"(anonymous_17)","decl":{"start":{"line":325,"column":33},"end":{"line":325,"column":34}},"loc":{"start":{"line":326,"column":18},"end":{"line":327,"column":null}}},"17":{"name":"(anonymous_18)","decl":{"start":{"line":416,"column":29},"end":{"line":416,"column":30}},"loc":{"start":{"line":417,"column":18},"end":{"line":417,"column":39}}},"18":{"name":"(anonymous_19)","decl":{"start":{"line":431,"column":35},"end":{"line":431,"column":38}},"loc":{"start":{"line":431,"column":40},"end":{"line":437,"column":27}}},"19":{"name":"(anonymous_20)","decl":{"start":{"line":452,"column":35},"end":{"line":452,"column":38}},"loc":{"start":{"line":452,"column":41},"end":{"line":452,"column":70}}},"20":{"name":"(anonymous_21)","decl":{"start":{"line":485,"column":33},"end":{"line":485,"column":36}},"loc":{"start":{"line":485,"column":39},"end":{"line":485,"column":65}}},"21":{"name":"(anonymous_22)","decl":{"start":{"line":496,"column":39},"end":{"line":496,"column":42}},"loc":{"start":{"line":496,"column":44},"end":{"line":504,"column":23}}},"22":{"name":"(anonymous_23)","decl":{"start":{"line":498,"column":45},"end":{"line":498,"column":50}},"loc":{"start":{"line":498,"column":56},"end":{"line":501,"column":25}}},"23":{"name":"(anonymous_24)","decl":{"start":{"line":505,"column":32},"end":{"line":505,"column":33}},"loc":{"start":{"line":505,"column":50},"end":{"line":507,"column":23}}},"24":{"name":"(anonymous_25)","decl":{"start":{"line":513,"column":37},"end":{"line":513,"column":40}},"loc":{"start":{"line":513,"column":42},"end":{"line":520,"column":21}}},"25":{"name":"(anonymous_26)","decl":{"start":{"line":515,"column":43},"end":{"line":515,"column":48}},"loc":{"start":{"line":515,"column":54},"end":{"line":518,"column":23}}},"26":{"name":"(anonymous_27)","decl":{"start":{"line":605,"column":37},"end":{"line":605,"column":38}},"loc":{"start":{"line":606,"column":22},"end":{"line":607,"column":null}}}},"branchMap":{"0":{"loc":{"start":{"line":38,"column":15},"end":{"line":40,"column":105}},"type":"cond-expr","locations":[{"start":{"line":39,"column":8},"end":{"line":39,"column":117}},{"start":{"line":40,"column":8},"end":{"line":40,"column":105}}]},"1":{"loc":{"start":{"line":41,"column":17},"end":{"line":43,"column":363}},"type":"cond-expr","locations":[{"start":{"line":42,"column":8},"end":{"line":42,"column":283}},{"start":{"line":43,"column":8},"end":{"line":43,"column":363}}]},"2":{"loc":{"start":{"line":59,"column":8},"end":{"line":61,"column":9}},"type":"if","locations":[{"start":{"line":59,"column":8},"end":{"line":61,"column":9}},{"start":{},"end":{}}]},"3":{"loc":{"start":{"line":87,"column":12},"end":{"line":91,"column":13}},"type":"if","locations":[{"start":{"line":87,"column":12},"end":{"line":91,"column":13}},{"start":{},"end":{}}]},"4":{"loc":{"start":{"line":87,"column":16},"end":{"line":87,"column":49}},"type":"binary-expr","locations":[{"start":{"line":87,"column":16},"end":{"line":87,"column":25}},{"start":{"line":87,"column":29},"end":{"line":87,"column":49}}]},"5":{"loc":{"start":{"line":97,"column":12},"end":{"line":114,"column":13}},"type":"if","locations":[{"start":{"line":97,"column":12},"end":{"line":114,"column":13}},{"start":{"line":101,"column":19},"end":{"line":114,"column":13}}]},"6":{"loc":{"start":{"line":101,"column":19},"end":{"line":114,"column":13}},"type":"if","locations":[{"start":{"line":101,"column":19},"end":{"line":114,"column":13}},{"start":{"line":104,"column":19},"end":{"line":114,"column":13}}]},"7":{"loc":{"start":{"line":107,"column":14},"end":{"line":113,"column":15}},"type":"if","locations":[{"start":{"line":107,"column":14},"end":{"line":113,"column":15}},{"start":{"line":110,"column":21},"end":{"line":113,"column":15}}]},"8":{"loc":{"start":{"line":119,"column":12},"end":{"line":124,"column":13}},"type":"if","locations":[{"start":{"line":119,"column":12},"end":{"line":124,"column":13}},{"start":{"line":122,"column":19},"end":{"line":124,"column":13}}]},"9":{"loc":{"start":{"line":131,"column":17},"end":{"line":131,"column":75}},"type":"cond-expr","locations":[{"start":{"line":131,"column":40},"end":{"line":131,"column":51}},{"start":{"line":131,"column":54},"end":{"line":131,"column":75}}]},"10":{"loc":{"start":{"line":141,"column":4},"end":{"line":141,"column":101}},"type":"cond-expr","locations":[{"start":{"line":141,"column":25},"end":{"line":141,"column":97}},{"start":{"line":141,"column":100},"end":{"line":141,"column":101}}]},"11":{"loc":{"start":{"line":144,"column":4},"end":{"line":147,"column":5}},"type":"if","locations":[{"start":{"line":144,"column":4},"end":{"line":147,"column":5}},{"start":{},"end":{}}]},"12":{"loc":{"start":{"line":176,"column":4},"end":{"line":178,"column":5}},"type":"if","locations":[{"start":{"line":176,"column":4},"end":{"line":178,"column":5}},{"start":{},"end":{}}]},"13":{"loc":{"start":{"line":195,"column":4},"end":{"line":195,"column":37}},"type":"if","locations":[{"start":{"line":195,"column":4},"end":{"line":195,"column":37}},{"start":{},"end":{}}]},"14":{"loc":{"start":{"line":203,"column":11},"end":{"line":203,"column":89}},"type":"binary-expr","locations":[{"start":{"line":203,"column":11},"end":{"line":203,"column":42}},{"start":{"line":203,"column":46},"end":{"line":203,"column":89}}]},"15":{"loc":{"start":{"line":206,"column":2},"end":{"line":217,"column":3}},"type":"if","locations":[{"start":{"line":206,"column":2},"end":{"line":217,"column":3}},{"start":{},"end":{}}]},"16":{"loc":{"start":{"line":212,"column":13},"end":{"line":212,"column":65}},"type":"cond-expr","locations":[{"start":{"line":212,"column":23},"end":{"line":212,"column":42}},{"start":{"line":212,"column":45},"end":{"line":212,"column":65}}]},"17":{"loc":{"start":{"line":219,"column":2},"end":{"line":244,"column":3}},"type":"if","locations":[{"start":{"line":219,"column":2},"end":{"line":244,"column":3}},{"start":{},"end":{}}]},"18":{"loc":{"start":{"line":246,"column":2},"end":{"line":277,"column":3}},"type":"if","locations":[{"start":{"line":246,"column":2},"end":{"line":277,"column":3}},{"start":{},"end":{}}]},"19":{"loc":{"start":{"line":281,"column":25},"end":{"line":281,"column":56}},"type":"binary-expr","locations":[{"start":{"line":281,"column":25},"end":{"line":281,"column":38}},{"start":{"line":281,"column":42},"end":{"line":281,"column":56}}]},"20":{"loc":{"start":{"line":294,"column":11},"end":{"line":311,"column":null}},"type":"binary-expr","locations":[{"start":{"line":294,"column":11},"end":{"line":294,"column":33}},{"start":{"line":295,"column":12},"end":{"line":310,"column":null}}]},"21":{"loc":{"start":{"line":306,"column":21},"end":{"line":306,"column":99}},"type":"binary-expr","locations":[{"start":{"line":306,"column":21},"end":{"line":306,"column":64}},{"start":{"line":306,"column":68},"end":{"line":306,"column":99}}]},"22":{"loc":{"start":{"line":309,"column":17},"end":{"line":309,"column":107}},"type":"binary-expr","locations":[{"start":{"line":309,"column":17},"end":{"line":309,"column":39}},{"start":{"line":309,"column":43},"end":{"line":309,"column":107}}]},"23":{"loc":{"start":{"line":323,"column":13},"end":{"line":333,"column":null}},"type":"binary-expr","locations":[{"start":{"line":323,"column":13},"end":{"line":323,"column":35}},{"start":{"line":324,"column":14},"end":{"line":332,"column":null}}]},"24":{"loc":{"start":{"line":344,"column":15},"end":{"line":347,"column":null}},"type":"binary-expr","locations":[{"start":{"line":344,"column":15},"end":{"line":344,"column":27}},{"start":{"line":345,"column":16},"end":{"line":345,"column":null}}]},"25":{"loc":{"start":{"line":364,"column":11},"end":{"line":396,"column":null}},"type":"cond-expr","locations":[{"start":{"line":365,"column":12},"end":{"line":374,"column":null}},{"start":{"line":377,"column":12},"end":{"line":395,"column":null}}]},"26":{"loc":{"start":{"line":409,"column":42},"end":{"line":409,"column":73}},"type":"cond-expr","locations":[{"start":{"line":409,"column":65},"end":{"line":409,"column":68}},{"start":{"line":409,"column":71},"end":{"line":409,"column":73}}]},"27":{"loc":{"start":{"line":414,"column":13},"end":{"line":470,"column":null}},"type":"cond-expr","locations":[{"start":{"line":415,"column":14},"end":{"line":465,"column":null}},{"start":{"line":468,"column":14},"end":{"line":468,"column":null}}]},"28":{"loc":{"start":{"line":425,"column":21},"end":{"line":462,"column":null}},"type":"binary-expr","locations":[{"start":{"line":425,"column":21},"end":{"line":425,"column":44}},{"start":{"line":426,"column":22},"end":{"line":461,"column":null}}]},"29":{"loc":{"start":{"line":441,"column":27},"end":{"line":444,"column":null}},"type":"cond-expr","locations":[{"start":{"line":442,"column":28},"end":{"line":442,"column":112}},{"start":{"line":444,"column":28},"end":{"line":444,"column":70}}]},"30":{"loc":{"start":{"line":456,"column":27},"end":{"line":459,"column":null}},"type":"cond-expr","locations":[{"start":{"line":457,"column":28},"end":{"line":457,"column":111}},{"start":{"line":459,"column":28},"end":{"line":459,"column":71}}]},"31":{"loc":{"start":{"line":474,"column":13},"end":{"line":523,"column":null}},"type":"binary-expr","locations":[{"start":{"line":474,"column":13},"end":{"line":474,"column":27}},{"start":{"line":474,"column":31},"end":{"line":474,"column":64}},{"start":{"line":475,"column":14},"end":{"line":522,"column":null}}]},"32":{"loc":{"start":{"line":476,"column":17},"end":{"line":521,"column":null}},"type":"cond-expr","locations":[{"start":{"line":477,"column":18},"end":{"line":508,"column":null}},{"start":{"line":511,"column":18},"end":{"line":520,"column":null}}]},"33":{"loc":{"start":{"line":527,"column":13},"end":{"line":536,"column":null}},"type":"binary-expr","locations":[{"start":{"line":527,"column":13},"end":{"line":527,"column":27}},{"start":{"line":527,"column":31},"end":{"line":527,"column":64}},{"start":{"line":528,"column":14},"end":{"line":535,"column":null}}]},"34":{"loc":{"start":{"line":550,"column":21},"end":{"line":550,"column":80}},"type":"cond-expr","locations":[{"start":{"line":550,"column":42},"end":{"line":550,"column":48}},{"start":{"line":550,"column":51},"end":{"line":550,"column":80}}]},"35":{"loc":{"start":{"line":554,"column":17},"end":{"line":571,"column":null}},"type":"cond-expr","locations":[{"start":{"line":555,"column":18},"end":{"line":557,"column":null}},{"start":{"line":559,"column":20},"end":{"line":571,"column":null}}]},"36":{"loc":{"start":{"line":559,"column":20},"end":{"line":571,"column":null}},"type":"cond-expr","locations":[{"start":{"line":560,"column":18},"end":{"line":561,"column":null}},{"start":{"line":563,"column":20},"end":{"line":571,"column":null}}]},"37":{"loc":{"start":{"line":563,"column":20},"end":{"line":571,"column":null}},"type":"cond-expr","locations":[{"start":{"line":564,"column":18},"end":{"line":565,"column":null}},{"start":{"line":568,"column":18},"end":{"line":570,"column":null}}]},"38":{"loc":{"start":{"line":601,"column":15},"end":{"line":615,"column":null}},"type":"binary-expr","locations":[{"start":{"line":601,"column":15},"end":{"line":601,"column":37}},{"start":{"line":602,"column":16},"end":{"line":614,"column":null}}]}},"s":{"0":0,"1":0,"2":0,"3":0,"4":0,"5":0,"6":0,"7":0,"8":0,"9":0,"10":0,"11":0,"12":0,"13":0,"14":0,"15":0,"16":0,"17":0,"18":0,"19":0,"20":0,"21":0,"22":0,"23":0,"24":0,"25":0,"26":0,"27":0,"28":0,"29":0,"30":0,"31":0,"32":0,"33":0,"34":0,"35":0,"36":0,"37":0,"38":0,"39":0,"40":0,"41":0,"42":0,"43":0,"44":0,"45":0,"46":0,"47":0,"48":0,"49":0,"50":0,"51":0,"52":0,"53":0,"54":0,"55":0,"56":0,"57":0,"58":0,"59":0,"60":0,"61":0,"62":0,"63":0,"64":0,"65":0,"66":0,"67":0,"68":0,"69":0,"70":0,"71":0,"72":0,"73":0,"74":0,"75":0,"76":0,"77":0,"78":0,"79":0,"80":0,"81":0,"82":0,"83":0,"84":0,"85":0,"86":0,"87":0,"88":0,"89":0,"90":0,"91":0,"92":0,"93":0,"94":0,"95":0,"96":0,"97":0,"98":0,"99":0,"100":0,"101":0,"102":0,"103":0,"104":0,"105":0,"106":0,"107":0,"108":0,"109":0,"110":0,"111":0,"112":0,"113":0,"114":0,"115":0,"116":0,"117":0,"118":0,"119":0,"120":0,"121":0,"122":0,"123":0,"124":0,"125":0,"126":0,"127":0,"128":0,"129":0,"130":0,"131":0,"132":0,"133":0,"134":0,"135":0,"136":0,"137":0,"138":0,"139":0,"140":0,"141":0,"142":0,"143":0,"144":0,"145":0,"146":0,"147":0,"148":0,"149":0,"150":0,"151":0},"f":{"0":0,"1":0,"2":0,"3":0,"4":0,"5":0,"6":0,"7":0,"8":0,"9":0,"10":0,"11":0,"12":0,"13":0,"14":0,"15":0,"16":0,"17":0,"18":0,"19":0,"20":0,"21":0,"22":0,"23":0,"24":0,"25":0,"26":0},"b":{"0":[0,0],"1":[0,0],"2":[0,0],"3":[0,0],"4":[0,0],"5":[0,0],"6":[0,0],"7":[0,0],"8":[0,0],"9":[0,0],"10":[0,0],"11":[0,0],"12":[0,0],"13":[0,0],"14":[0,0],"15":[0,0],"16":[0,0],"17":[0,0],"18":[0,0],"19":[0,0],"20":[0,0],"21":[0,0],"22":[0,0],"23":[0,0],"24":[0,0],"25":[0,0],"26":[0,0],"27":[0,0],"28":[0,0],"29":[0,0],"30":[0,0],"31":[0,0,0],"32":[0,0],"33":[0,0,0],"34":[0,0],"35":[0,0],"36":[0,0],"37":[0,0],"38":[0,0]}}
,"C:\\Capstone\\Prompt-Forge\\frontend\\src\\components\\PurchaseButton.tsx": {"path":"C:\\Capstone\\Prompt-Forge\\frontend\\src\\components\\PurchaseButton.tsx","statementMap":{"0":{"start":{"line":1,"column":0},"end":{"line":1,"column":26}},"1":{"start":{"line":3,"column":0},"end":{"line":3,"column":37}},"2":{"start":{"line":12,"column":30},"end":{"line":50,"column":1}},"3":{"start":{"line":18,"column":27},"end":{"line":30,"column":3}},"4":{"start":{"line":19,"column":18},"end":{"line":19,"column":35}},"5":{"start":{"line":21,"column":4},"end":{"line":23,"column":5}},"6":{"start":{"line":22,"column":6},"end":{"line":22,"column":null}},"7":{"start":{"line":25,"column":4},"end":{"line":27,"column":5}},"8":{"start":{"line":26,"column":6},"end":{"line":26,"column":null}},"9":{"start":{"line":29,"column":4},"end":{"line":29,"column":null}},"10":{"start":{"line":32,"column":2},"end":{"line":49,"column":null}},"11":{"start":{"line":12,"column":13},"end":{"line":12,"column":30}}},"fnMap":{"0":{"name":"(anonymous_1)","decl":{"start":{"line":12,"column":30},"end":{"line":12,"column":31}},"loc":{"start":{"line":17,"column":26},"end":{"line":50,"column":1}}},"1":{"name":"(anonymous_2)","decl":{"start":{"line":18,"column":27},"end":{"line":18,"column":30}},"loc":{"start":{"line":18,"column":32},"end":{"line":30,"column":3}}}},"branchMap":{"0":{"loc":{"start":{"line":15,"column":2},"end":{"line":15,"column":18}},"type":"default-arg","locations":[{"start":{"line":15,"column":13},"end":{"line":15,"column":18}}]},"1":{"loc":{"start":{"line":16,"column":2},"end":{"line":16,"column":17}},"type":"default-arg","locations":[{"start":{"line":16,"column":12},"end":{"line":16,"column":17}}]},"2":{"loc":{"start":{"line":21,"column":4},"end":{"line":23,"column":5}},"type":"if","locations":[{"start":{"line":21,"column":4},"end":{"line":23,"column":5}},{"start":{},"end":{}}]},"3":{"loc":{"start":{"line":25,"column":4},"end":{"line":27,"column":5}},"type":"if","locations":[{"start":{"line":25,"column":4},"end":{"line":27,"column":5}},{"start":{},"end":{}}]},"4":{"loc":{"start":{"line":35,"column":16},"end":{"line":35,"column":35}},"type":"binary-expr","locations":[{"start":{"line":35,"column":16},"end":{"line":35,"column":24}},{"start":{"line":35,"column":28},"end":{"line":35,"column":35}}]},"5":{"loc":{"start":{"line":38,"column":7},"end":{"line":46,"column":null}},"type":"cond-expr","locations":[{"start":{"line":39,"column":8},"end":{"line":40,"column":null}},{"start":{"line":44,"column":8},"end":{"line":45,"column":null}}]},"6":{"loc":{"start":{"line":45,"column":11},"end":{"line":45,"column":76}},"type":"cond-expr","locations":[{"start":{"line":45,"column":25},"end":{"line":45,"column":35}},{"start":{"line":45,"column":38},"end":{"line":45,"column":76}}]}},"s":{"0":0,"1":0,"2":0,"3":0,"4":0,"5":0,"6":0,"7":0,"8":0,"9":0,"10":0,"11":0},"f":{"0":0,"1":0},"b":{"0":[0],"1":[0],"2":[0,0],"3":[0,0],"4":[0,0],"5":[0,0],"6":[0,0]}}
[...]
}},"14":{"start":{"line":43,"column":23},"end":{"line":43,"column":67}},"15":{"start":{"line":45,"column":6},"end":{"line":52,"column":7}},"16":{"start":{"line":46,"column":23},"end":{"line":46,"column":44}},"17":{"start":{"line":47,"column":8},"end":{"line":47,"column":null}},"18":{"start":{"line":48,"column":8},"end":{"line":48,"column":null}},"19":{"start":{"line":50,"column":26},"end":{"line":50,"column":47}},"20":{"start":{"line":51,"column":8},"end":{"line":51,"column":null}},"21":{"start":{"line":54,"column":6},"end":{"line":54,"column":null}},"22":{"start":{"line":55,"column":6},"end":{"line":55,"column":null}},"23":{"start":{"line":60,"column":4},"end":{"line":76,"column":5}},"24":{"start":{"line":61,"column":6},"end":{"line":61,"column":null}},"25":{"start":{"line":63,"column":23},"end":{"line":63,"column":70}},"26":{"start":{"line":65,"column":6},"end":{"line":72,"column":7}},"27":{"start":{"line":66,"column":23},"end":{"line":66,"column":44}},"28":{"start":{"line":67,"column":8},"end":{"line":67,"column":null}},"29":{"start":{"line":68,"column":8},"end":{"line":68,"column":null}},"30":{"start":{"line":70,"column":26},"end":{"line":70,"column":47}},"31":{"start":{"line":71,"column":8},"end":{"line":71,"column":null}},"32":{"start":{"line":74,"column":6},"end":{"line":74,"column":null}},"33":{"start":{"line":75,"column":6},"end":{"line":75,"column":null}},"34":{"start":{"line":80,"column":4},"end":{"line":96,"column":5}},"35":{"start":{"line":81,"column":6},"end":{"line":81,"column":null}},"36":{"start":{"line":83,"column":23},"end":{"line":83,"column":72}},"37":{"start":{"line":85,"column":6},"end":{"line":92,"column":7}},"38":{"start":{"line":86,"column":23},"end":{"line":86,"column":44}},"39":{"start":{"line":87,"column":8},"end":{"line":87,"column":null}},"40":{"start":{"line":88,"column":8},"end":{"line":88,"column":null}},"41":{"start":{"line":90,"column":26},"end":{"line":90,"column":47}},"42":{"start":{"line":91,"column":8},"end":{"line":91,"column":null}},"43":{"start":{"line":94,"column":6},"end":{"line":94,"column":null}},"44":{"start":{"line":95,"column":6},"end":{"line":95,"column":null}},"45":{"start":{"line":100,"column":0},"end":{"line":100,"column":null}}},"fnMap":{"0":{"name":"(anonymous_1)","decl":{"start":{"line":19,"column":2},"end":{"line":19,"column":7}},"loc":{"start":{"line":19,"column":47},"end":{"line":37,"column":3}}},"1":{"name":"(anonymous_2)","decl":{"start":{"line":39,"column":2},"end":{"line":39,"column":7}},"loc":{"start":{"line":39,"column":59},"end":{"line":57,"column":3}}},"2":{"name":"(anonymous_3)","decl":{"start":{"line":59,"column":2},"end":{"line":59,"column":7}},"loc":{"start":{"line":59,"column":32},"end":{"line":77,"column":3}}},"3":{"name":"(anonymous_4)","decl":{"start":{"line":79,"column":2},"end":{"line":79,"column":7}},"loc":{"start":{"line":79,"column":34},"end":{"line":97,"column":3}}}},"branchMap":{"0":{"loc":{"start":{"line":25,"column":6},"end":{"line":32,"column":7}},"type":"if","locations":[{"start":{"line":25,"column":6},"end":{"line":32,"column":7}},{"start":{"line":29,"column":13},"end":{"line":32,"column":7}}]},"1":{"loc":{"start":{"line":45,"column":6},"end":{"line":52,"column":7}},"type":"if","locations":[{"start":{"line":45,"column":6},"end":{"line":52,"column":7}},{"start":{"line":49,"column":13},"end":{"line":52,"column":7}}]},"2":{"loc":{"start":{"line":65,"column":6},"end":{"line":72,"column":7}},"type":"if","locations":[{"start":{"line":65,"column":6},"end":{"line":72,"column":7}},{"start":{"line":69,"column":13},"end":{"line":72,"column":7}}]},"3":{"loc":{"start":{"line":85,"column":6},"end":{"line":92,"column":7}},"type":"if","locations":[{"start":{"line":85,"column":6},"end":{"line":92,"column":7}},{"start":{"line":89,"column":13},"end":{"line":92,"column":7}}]}},"s":{"0":0,"1":0,"2":0,"3":0,"4":0,"5":0,"6":0,"7":0,"8":0,"9":0,"10":0,"11":0,"12":0,"13":0,"14":0,"15":0,"16":0,"17":0,"18":0,"19":0,"20":0,"21":0,"22":0,"23":0,"24":0,"25":0,"26":0,"27":0,"28":0,"29":0,"30":0,"31":0,"32":0,"33":0,"34":0,"35":0,"36":0,"37":0,"38":0,"39":0,"40":0,"41":0,"42":0,"43":0,"44":0,"45":0},"f":{"0":0,"1":0,"2":0,"3":0},"b":{"0":[0,0],"1":[0,0],"2":[0,0],"3":[0,0]}}
,"C:\\Capstone\\Prompt-Forge\\frontend\\src\\services\\streamingService.ts": {"path":"C:\\Capstone\\Prompt-Forge\\frontend\\src\\services\\streamingService.ts","statementMap":{"0":{"start":{"line":1,"column":0},"end":{"line":1,"column":41}},"1":{"start":{"line":19,"column":10},"end":{"line":19,"column":null}},"2":{"start":{"line":22,"column":4},"end":{"line":22,"column":38}},"3":{"start":{"line":34,"column":4},"end":{"line":34,"column":42}},"4":{"start":{"line":36,"column":4},"end":{"line":130,"column":5}},"5":{"start":{"line":37,"column":6},"end":{"line":126,"column":7}},"6":{"start":{"line":38,"column":8},"end":{"line":72,"column":9}},"7":{"start":{"line":39,"column":10},"end":{"line":44,"column":12}},"8":{"start":{"line":46,"column":10},"end":{"line":46,"column":51}},"9":{"start":{"line":49,"column":10},"end":{"line":71,"column":11}},"10":{"start":{"line":52,"column":12},"end":{"line":56,"column":14}},"11":{"start":{"line":59,"column":15},"end":{"line":71,"column":11}},"12":{"start":{"line":62,"column":12},"end":{"line":66,"column":14}},"13":{"start":{"line":70,"column":12},"end":{"line":70,"column":110}},"14":{"start":{"line":74,"column":8},"end":{"line":125,"column":9}},"15":{"start":{"line":75,"column":23},"end":{"line":75,"column":77}},"16":{"start":{"line":77,"column":10},"end":{"line":100,"column":11}},"17":{"start":{"line":78,"column":33},"end":{"line":78,"column":64}},"18":{"start":{"line":79,"column":12},"end":{"line":79,"column":46}},"19":{"start":{"line":80,"column":12},"end":{"line":80,"column":35}},"20":{"start":{"line":81,"column":17},"end":{"line":100,"column":11}},"21":{"start":{"line":83,"column":12},"end":{"line":97,"column":13}},"22":{"start":{"line":84,"column":14},"end":{"line":88,"column":16}},"23":{"start":{"line":89,"column":19},"end":{"line":97,"column":13}},"24":{"start":{"line":90,"column":14},"end":{"line":94,"column":16}},"25":{"start":{"line":96,"column":14},"end":{"line":96,"column":82}},"26":{"start":{"line":99,"column":12},"end":{"line":99,"column":69}},"27":{"start":{"line":102,"column":10},"end":{"line":102,"column":55}},"28":{"start":{"line":105,"column":10},"end":{"line":124,"column":11}},"29":{"start":{"line":106,"column":12},"end":{"line":121,"column":13}},"30":{"start":{"line":108,"column":14},"end":{"line":112,"column":16}},"31":{"start":{"line":113,"column":19},"end":{"line":121,"column":13}},"32":{"start":{"line":114,"column":14},"end":{"line":118,"column":16}},"33":{"start":{"line":120,"column":14},"end":{"line":120,"column":47}},"34":{"start":{"line":123,"column":12},"end":{"line":123,"column":59}},"35":{"start":{"line":128,"column":27},"end":{"line":128,"column":95}},"36":{"start":{"line":129,"column":6},"end":{"line":129,"column":38}},"37":{"start":{"line":143,"column":31},"end":{"line":143,"column":58}},"38":{"start":{"line":144,"column":22},"end":{"line":144,"column":35}},"39":{"start":{"line":146,"column":4},"end":{"line":148,"column":5}},"40":{"start":{"line":147,"column":6},"end":{"line":147,"column":23}},"41":{"start":{"line":150,"column":26},"end":{"line":150,"column":50}},"42":{"start":{"line":153,"column":4},"end":{"line":256,"column":5}},"43":{"start":{"line":154,"column":6},"end":{"line":154,"column":90}},"44":{"start":{"line":156,"column":6},"end":{"line":195,"column":7}},"45":{"start":{"line":158,"column":8},"end":{"line":161,"column":9}},"46":{"start":{"line":159,"column":10},"end":{"line":159,"column":81}},"47":{"start":{"line":160,"column":10},"end":{"line":160,"column":50}},"48":{"start":{"line":164,"column":8},"end":{"line":164,"column":62}},"49":{"start":{"line":166,"column":8},"end":{"line":184,"column":10}},"50":{"start":{"line":186,"column":8},"end":{"line":186,"column":56}},"51":{"start":{"line":187,"column":8},"end":{"line":194,"column":10}},"52":{"start":{"line":198,"column":9},"end":{"line":256,"column":5}},"53":{"start":{"line":199,"column":6},"end":{"line":199,"column":90}},"54":{"start":{"line":201,"column":6},"end":{"line":240,"column":7}},"55":{"start":{"line":203,"column":8},"end":{"line":206,"column":9}},"56":{"start":{"line":204,"column":10},"end":{"line":204,"column":81}},"57":{"start":{"line":205,"column":10},"end":{"line":205,"column":50}},"58":{"start":{"line":209,"column":8},"end":{"line":209,"column":62}},"59":{"start":{"line":211,"column":8},"end":{"line":229,"column":10}},"60":{"start":{"line":231,"column":8},"end":{"line":231,"column":56}},"61":{"start":{"line":232,"column":8},"end":{"line":239,"column":10}},"62":{"start":{"line":244,"column":6},"end":{"line":244,"column":69}},"63":{"start":{"line":246,"column":26},"end":{"line":246,"column":48}},"64":{"start":{"line":248,"column":6},"end":{"line":255,"column":8}},"65":{"start":{"line":263,"column":4},"end":{"line":270,"column":38}},"66":{"start":{"line":265,"column":8},"end":{"line":265,"column":68}},"67":{"start":{"line":277,"column":4},"end":{"line":301,"column":5}},"68":{"start":{"line":278,"column":6},"end":{"line":278,"column":53}},"69":{"start":{"line":281,"column":6},"end":{"line":284,"column":7}},"70":{"start":{"line":282,"column":8},"end":{"line":282,"column":46}},"71":{"start":{"line":283,"column":8},"end":{"line":283,"column":20}},"72":{"start":{"line":287,"column":21},"end":{"line":287,"column":59}},"73":{"start":{"line":288,"column":6},"end":{"line":288,"column":45}},"74":{"start":{"line":290,"column":24},"end":{"line":290,"column":65}},"75":{"start":{"line":292,"column":6},"end":{"line":295,"column":7}},"76":{"start":{"line":293,"column":8},"end":{"line":293,"column":89}},"77":{"start":{"line":297,"column":6},"end":{"line":297,"column":26}},"78":{"start":{"line":299,"column":6},"end":{"line":299,"column":54}},"79":{"start":{"line":300,"column":6},"end":{"line":300,"column":18}},"80":{"start":{"line":18,"column":0},"end":{"line":18,"column":13}}},"fnMap":{"0":{"name":"(anonymous_0)","decl":{"start":{"line":21,"column":2},"end":{"line":21,"column":null}},"loc":{"start":{"line":21,"column":2},"end":{"line":23,"column":3}}},"1":{"name":"(anonymous_1)","decl":{"start":{"line":28,"column":9},"end":{"line":28,"column":14}},"loc":{"start":{"line":31,"column":33},"end":{"line":131,"column":3}}},"2":{"name":"(anonymous_2)","decl":{"start":{"line":136,"column":9},"end":{"line":136,"column":31}},"loc":{"start":{"line":140,"column":27},"end":{"line":257,"column":3}}},"3":{"name":"(anonymous_3)","decl":{"start":{"line":262,"column":9},"end":{"line":262,"column":22}},"loc":{"start":{"line":262,"column":34},"end":{"line":271,"column":3}}},"4":{"name":"(anonymous_4)","decl":{"start":{"line":264,"column":34},"end":{"line":264,"column":39}},"loc":{"start":{"line":265,"column":8},"end":{"line":265,"column":68}}},"5":{"name":"(anonymous_5)","decl":{"start":{"line":276,"column":9},"end":{"line":276,"column":33}},"loc":{"start":{"line":276,"column":71},"end":{"line":302,"column":3}}}},"branchMap":{"0":{"loc":{"start":{"line":37,"column":6},"end":{"line":126,"column":7}},"type":"if","locations":[{"start":{"line":37,"column":6},"end":{"line":126,"column":7}},{"start":{"line":73,"column":13},"end":{"line":126,"column":7}}]},"1":{"loc":{"start":{"line":49,"column":10},"end":{"line":71,"column":11}},"type":"if","locations":[{"start":{"line":49,"column":10},"end":{"line":71,"column":11}},{"start":{"line":59,"column":15},"end":{"line":71,"column":11}}]},"2":{"loc":{"start":{"line":49,"column":14},"end":{"line":51,"column":49}},"type":"binary-expr","locations":[{"start":{"line":49,"column":14},"end":{"line":49,"column":36}},{"start":{"line":50,"column":15},"end":{"line":50,"column":44}},{"start":{"line":50,"column":48},"end":{"line":50,"column":83}},{"start":{"line":51,"column":14},"end":{"line":51,"column":49}}]},"3":{"loc":{"start":{"line":59,"column":15},"end":{"line":71,"column":11}},"type":"if","locations":[{"start":{"line":59,"column":15},"end":{"line":71,"column":11}},{"start":{"line":69,"column":15},"end":{"line":71,"column":11}}]},"4":{"loc":{"start":{"line":59,"column":19},"end":{"line":61,"column":61}},"type":"binary-expr","locations":[{"start":{"line":59,"column":19},"end":{"line":59,"column":41}},{"start":{"line":60,"column":18},"end":{"line":60,"column":47}},{"start":{"line":61,"column":18},"end":{"line":61,"column":61}}]},"5":{"loc":{"start":{"line":70,"column":30},"end":{"line":70,"column":108}},"type":"cond-expr","locations":[{"start":{"line":70,"column":55},"end":{"line":70,"column":68}},{"start":{"line":70,"column":71},"end":{"line":70,"column":108}}]},"6":{"loc":{"start":{"line":77,"column":10},"end":{"line":100,"column":11}},"type":"if","locations":[{"start":{"line":77,"column":10},"end":{"line":100,"column":11}},{"start":{"line":81,"column":17},"end":{"line":100,"column":11}}]},"7":{"loc":{"start":{"line":77,"column":14},"end":{"line":77,"column":72}},"type":"binary-expr","locations":[{"start":{"line":77,"column":14},"end":{"line":77,"column":26}},{"start":{"line":77,"column":30},"end":{"line":77,"column":45}},{"start":{"line":77,"column":49},"end":{"line":77,"column":72}}]},"8":{"loc":{"start":{"line":81,"column":17},"end":{"line":100,"column":11}},"type":"if","locations":[{"start":{"line":81,"column":17},"end":{"line":100,"column":11}},{"start":{"line":98,"column":17},"end":{"line":100,"column":11}}]},"9":{"loc":{"start":{"line":83,"column":12},"end":{"line":97,"column":13}},"type":"if","locations":[{"start":{"line":83,"column":12},"end":{"line":97,"column":13}},{"start":{"line":89,"column":19},"end":{"line":97,"column":13}}]},"10":{"loc":{"start":{"line":83,"column":16},"end":{"line":83,"column":80}},"type":"binary-expr","locations":[{"start":{"line":83,"column":16},"end":{"line":83,"column":41}},{"start":{"line":83,"column":45},"end":{"line":83,"column":80}}]},"11":{"loc":{"start":{"line":89,"column":19},"end":{"line":97,"column":13}},"type":"if","locations":[{"start":{"line":89,"column":19},"end":{"line":97,"column":13}},{"start":{"line":95,"column":19},"end":{"line":97,"column":13}}]},"12":{"loc":{"start":{"line":89,"column":23},"end":{"line":89,"column":95}},"type":"binary-expr","locations":[{"start":{"line":89,"column":23},"end":{"line":89,"column":48}},{"start":{"line":89,"column":52},"end":{"line":89,"column":95}}]},"13":{"loc":{"start":{"line":96,"column":32},"end":{"line":96,"column":80}},"type":"binary-expr","locations":[{"start":{"line":96,"column":32},"end":{"line":96,"column":50}},{"start":{"line":96,"column":54},"end":{"line":96,"column":80}}]},"14":{"loc":{"start":{"line":105,"column":10},"end":{"line":124,"column":11}},"type":"if","locations":[{"start":{"line":105,"column":10},"end":{"line":124,"column":11}},{"start":{"line":122,"column":17},"end":{"line":124,"column":11}}]},"15":{"loc":{"start":{"line":106,"column":12},"end":{"line":121,"column":13}},"type":"if","locations":[{"start":{"line":106,"column":12},"end":{"line":121,"column":13}},{"start":{"line":113,"column":19},"end":{"line":121,"column":13}}]},"16":{"loc":{"start":{"line":106,"column":16},"end":{"line":107,"column":51}},"type":"binary-expr","locations":[{"start":{"line":106,"column":17},"end":{"line":106,"column":46}},{"start":{"line":106,"column":50},"end":{"line":106,"column":85}},{"start":{"line":107,"column":16},"end":{"line":107,"column":51}}]},"17":{"loc":{"start":{"line":113,"column":19},"end":{"line":121,"column":13}},"type":"if","locations":[{"start":{"line":113,"column":19},"end":{"line":121,"column":13}},{"start":{"line":119,"column":19},"end":{"line":121,"column":13}}]},"18":{"loc":{"start":{"line":113,"column":23},"end":{"line":113,"column":99}},"type":"binary-expr","locations":[{"start":{"line":113,"column":23},"end":{"line":113,"column":52}},{"start":{"line":113,"column":56},"end":{"line":113,"column":99}}]},"19":{"loc":{"start":{"line":128,"column":27},"end":{"line":128,"column":95}},"type":"cond-expr","locations":[{"start":{"line":128,"column":52},"end":{"line":128,"column":65}},{"start":{"line":128,"column":68},"end":{"line":128,"column":95}}]},"20":{"loc":{"start":{"line":146,"column":4},"end":{"line":148,"column":5}},"type":"if","locations":[{"start":{"line":146,"column":4},"end":{"line":148,"column":5}},{"start":{},"end":{}}]},"21":{"loc":{"start":{"line":146,"column":8},"end":{"line":146,"column":64}},"type":"binary-expr","locations":[{"start":{"line":146,"column":8},"end":{"line":146,"column":48}},{"start":{"line":146,"column":52},"end":{"line":146,"column":64}}]},"22":{"loc":{"start":{"line":153,"column":4},"end":{"line":256,"column":5}},"type":"if","locations":[{"start":{"line":153,"column":4},"end":{"line":256,"column":5}},{"start":{"line":198,"column":9},"end":{"line":256,"column":5}}]},"23":{"loc":{"start":{"line":153,"column":8},"end":{"line":153,"column":70}},"type":"binary-expr","locations":[{"start":{"line":153,"column":8},"end":{"line":153,"column":20}},{"start":{"line":153,"column":24},"end":{"line":153,"column":29}},{"start":{"line":153,"column":33},"end":{"line":153,"column":52}},{"start":{"line":153,"column":56},"end":{"line":153,"column":70}}]},"24":{"loc":{"start":{"line":158,"column":8},"end":{"line":161,"column":9}},"type":"if","locations":[{"start":{"line":158,"column":8},"end":{"line":161,"column":9}},{"start":{},"end":{}}]},"25":{"loc":{"start":{"line":198,"column":9},"end":{"line":256,"column":5}},"type":"if","locations":[{"start":{"line":198,"column":9},"end":{"line":256,"column":5}},{"start":{"line":243,"column":9},"end":{"line":256,"column":5}}]},"26":{"loc":{"start":{"line":198,"column":13},"end":{"line":198,"column":74}},"type":"binary-expr","locations":[{"start":{"line":198,"column":13},"end":{"line":198,"column":24}},{"start":{"line":198,"column":28},"end":{"line":198,"column":33}},{"start":{"line":198,"column":37},"end":{"line":198,"column":56}},{"start":{"line":198,"column":60},"end":{"line":198,"column":74}}]},"27":{"loc":{"start":{"line":203,"column":8},"end":{"line":206,"column":9}},"type":"if","locations":[{"start":{"line":203,"column":8},"end":{"line":206,"column":9}},{"start":{},"end":{}}]},"28":{"loc":{"start":{"line":246,"column":26},"end":{"line":246,"column":48}},"type":"binary-expr","locations":[{"start":{"line":246,"column":26},"end":{"line":246,"column":37}},{"start":{"line":246,"column":41},"end":{"line":246,"column":48}}]},"29":{"loc":{"start":{"line":281,"column":6},"end":{"line":284,"column":7}},"type":"if","locations":[{"start":{"line":281,"column":6},"end":{"line":284,"column":7}},{"start":{},"end":{}}]},"30":{"loc":{"start":{"line":290,"column":24},"end":{"line":290,"column":65}},"type":"cond-expr","locations":[{"start":{"line":290,"column":53},"end":{"line":290,"column":58}},{"start":{"line":290,"column":61},"end":{"line":290,"column":65}}]},"31":{"loc":{"start":{"line":292,"column":6},"end":{"line":295,"column":7}},"type":"if","locations":[{"start":{"line":292,"column":6},"end":{"line":295,"column":7}},{"start":{},"end":{}}]}},"s":{"0":1,"1":7,"2":7,"3":2,"4":2,"5":2,"6":1,"7":1,"8":0,"9":0,"10":0,"11":0,"12":0,"13":0,"14":1,"15":1,"16":1,"17":1,"18":1,"19":1,"20":0,"21":0,"22":0,"23":0,"24":0,"25":0,"26":0,"27":0,"28":0,"29":0,"30":0,"31":0,"32":0,"33":0,"34":0,"35":0,"36":0,"37":2,"38":2,"39":2,"40":0,"41":2,"42":2,"43":0,"44":0,"45":0,"46":0,"47":0,"48":0,"49":0,"50":0,"51":0,"52":2,"53":0,"54":0,"55":0,"56":0,"57":0,"58":0,"59":0,"60":0,"61":0,"62":2,"63":2,"64":2,"65":2,"66":5,"67":0,"68":0,"69":0,"70":0,"71":0,"72":0,"73":0,"74":0,"75":0,"76":0,"77":0,"78":0,"79":0,"80":1},"f":{"0":7,"1":2,"2":2,"3":2,"4":5,"5":0},"b":{"0":[1,1],"1":[0,0],"2":[0,0,0,0],"3":[0,0],"4":[0,0,0],"5":[0,0],"6":[1,0],"7":[1,1,1],"8":[0,0],"9":[0,0],"10":[0,0],"11":[0,0],"12":[0,0],"13":[0,0],"14":[0,0],"15":[0,0],"16":[0,0,0],"17":[0,0],"18":[0,0],"19":[0,0],"20":[0,2],"21":[2,2],"22":[0,2],"23":[2,0,0,0],"24":[0,0],"25":[0,2],"26":[2,2,1,1],"27":[0,0],"28":[2,0],"29":[0,0],"30":[0,0],"31":[0,0]}}
}
