TN:
SF:src\App.tsx
FN:25,App
FNF:1
FNH:0
FNDA:0,App
DA:1,0
DA:2,0
DA:3,0
DA:4,0
DA:5,0
DA:6,0
DA:7,0
DA:8,0
DA:9,0
DA:10,0
DA:11,0
DA:12,0
DA:13,0
DA:14,0
DA:15,0
DA:16,0
DA:17,0
DA:18,0
DA:19,0
DA:20,0
DA:21,0
DA:26,0
DA:27,0
DA:29,0
DA:59,0
LF:25
LH:0
BRDA:31,0,0,0
BRDA:31,0,1,0
BRF:2
BRH:0
end_of_record
TN:
SF:src\Models\Prompt.ts
FN:112,(anonymous_0)
FNF:1
FNH:0
FNDA:0,(anonymous_0)
DA:112,0
DA:114,0
DA:115,0
DA:116,0
DA:117,0
DA:118,0
DA:119,0
DA:120,0
DA:121,0
DA:122,0
DA:123,0
DA:124,0
DA:125,0
DA:126,0
DA:127,0
DA:128,0
DA:129,0
DA:130,0
LF:18
LH:0
BRDA:112,0,0,0
BRDA:112,0,1,0
BRF:2
BRH:0
end_of_record
TN:
SF:src\components\CartItem.tsx
FN:10,(anonymous_1)
FN:25,(anonymous_2)
FN:36,(anonymous_3)
FNF:3
FNH:0
FNDA:0,(anonymous_1)
FNDA:0,(anonymous_2)
FNDA:0,(anonymous_3)
DA:1,0
DA:2,0
DA:4,0
DA:5,0
DA:10,0
DA:23,0
DA:25,0
DA:26,0
DA:27,0
DA:28,0
DA:32,0
DA:37,0
LF:12
LH:0
BRDA:36,0,0,0
BRDA:36,0,1,0
BRDA:38,1,0,0
BRDA:38,1,1,0
BRDA:39,2,0,0
BRDA:39,2,1,0
BRDA:40,3,0,0
BRDA:40,3,1,0
BRDA:41,4,0,0
BRDA:41,4,1,0
BRDA:42,5,0,0
BRDA:42,5,1,0
BRDA:49,6,0,0
BRDA:49,6,1,0
BRDA:49,7,0,0
BRDA:49,7,1,0
BRDA:52,8,0,0
BRDA:52,8,1,0
BRDA:57,9,0,0
BRDA:57,9,1,0
BRDA:59,10,0,0
BRDA:59,10,1,0
BRDA:65,11,0,0
BRDA:65,11,1,0
BRDA:66,12,0,0
BRDA:66,12,1,0
BRF:26
BRH:0
end_of_record
TN:
SF:src\components\CartSummary.tsx
FN:14,(anonymous_1)
FN:25,(anonymous_2)
FN:44,(anonymous_3)
FN:46,(anonymous_4)
FN:54,(anonymous_5)
FN:59,(anonymous_6)
FN:63,(anonymous_7)
FN:69,(anonymous_8)
FN:75,(anonymous_9)
FN:78,(anonymous_10)
FN:82,(anonymous_11)
FN:87,(anonymous_12)
FN:92,(anonymous_13)
FNF:13
FNH:0
FNDA:0,(anonymous_1)
FNDA:0,(anonymous_2)
FNDA:0,(anonymous_3)
FNDA:0,(anonymous_4)
FNDA:0,(anonymous_5)
FNDA:0,(anonymous_6)
FNDA:0,(anonymous_7)
FNDA:0,(anonymous_8)
FNDA:0,(anonymous_9)
FNDA:0,(anonymous_10)
FNDA:0,(anonymous_11)
FNDA:0,(anonymous_12)
FNDA:0,(anonymous_13)
DA:2,0
DA:3,0
DA:4,0
DA:5,0
DA:6,0
DA:14,0
DA:19,0
DA:20,0
DA:21,0
DA:22,0
DA:25,0
DA:26,0
DA:27,0
DA:29,0
DA:32,0
DA:33,0
DA:34,0
DA:43,0
DA:44,0
DA:45,0
DA:46,0
DA:47,0
DA:48,0
DA:54,0
DA:55,0
DA:56,0
DA:57,0
DA:58,0
DA:60,0
DA:61,0
DA:64,0
DA:68,0
DA:70,0
DA:76,0
DA:77,0
DA:79,0
DA:80,0
DA:83,0
DA:90,0
DA:93,0
DA:97,0
DA:98,0
DA:100,0
DA:104,0
LF:44
LH:0
BRDA:26,0,0,0
BRDA:26,0,1,0
BRDA:27,1,0,0
BRDA:27,1,1,0
BRDA:29,2,0,0
BRDA:29,2,1,0
BRDA:47,3,0,0
BRDA:47,3,1,0
BRDA:57,4,0,0
BRDA:57,4,1,0
BRDA:64,5,0,0
BRDA:64,5,1,0
BRDA:76,6,0,0
BRDA:76,6,1,0
BRDA:83,7,0,0
BRDA:83,7,1,0
BRDA:93,8,0,0
BRDA:93,8,1,0
BRDA:97,9,0,0
BRDA:97,9,1,0
BRDA:128,10,0,0
BRDA:128,10,1,0
BRDA:130,11,0,0
BRDA:130,11,1,0
BRDA:137,12,0,0
BRDA:137,12,1,0
BRF:26
BRH:0
end_of_record
TN:
SF:src\components\DashboardCard.tsx
FN:13,DashboardCard
FNF:1
FNH:1
FNDA:4,DashboardCard
DA:1,1
DA:13,1
DA:14,4
LF:3
LH:3
BRDA:29,0,0,1
BRDA:29,0,1,3
BRDA:34,1,0,1
BRDA:34,1,1,2
BRF:4
BRH:4
end_of_record
TN:
SF:src\components\GradientText.tsx
FN:12,GradientText
FNF:1
FNH:0
FNDA:0,GradientText
DA:1,0
DA:12,0
DA:19,0
DA:24,0
LF:4
LH:0
BRDA:14,0,0,0
BRDA:15,1,0,0
BRDA:16,2,0,0
BRDA:17,3,0,0
BRDA:26,4,0,0
BRDA:26,4,1,0
BRF:6
BRH:0
end_of_record
TN:
SF:src\components\Header.tsx
FN:11,Header
FN:32,(anonymous_1)
FN:45,(anonymous_2)
FN:46,handleClickOutside
FN:52,(anonymous_4)
FN:70,(anonymous_5)
FN:91,(anonymous_6)
FN:102,(anonymous_7)
FN:117,(anonymous_8)
FN:128,(anonymous_9)
FN:136,(anonymous_10)
FN:157,(anonymous_11)
FN:167,(anonymous_12)
FN:180,(anonymous_13)
FNF:14
FNH:0
FNDA:0,Header
FNDA:0,(anonymous_1)
FNDA:0,(anonymous_2)
FNDA:0,handleClickOutside
FNDA:0,(anonymous_4)
FNDA:0,(anonymous_5)
FNDA:0,(anonymous_6)
FNDA:0,(anonymous_7)
FNDA:0,(anonymous_8)
FNDA:0,(anonymous_9)
FNDA:0,(anonymous_10)
FNDA:0,(anonymous_11)
FNDA:0,(anonymous_12)
FNDA:0,(anonymous_13)
DA:3,0
DA:4,0
DA:5,0
DA:6,0
DA:7,0
DA:8,0
DA:9,0
DA:11,0
DA:12,0
DA:13,0
DA:14,0
DA:15,0
DA:16,0
DA:17,0
DA:18,0
DA:20,0
DA:32,0
DA:33,0
DA:34,0
DA:35,0
DA:36,0
DA:37,0
DA:38,0
DA:40,0
DA:45,0
DA:47,0
DA:48,0
DA:51,0
DA:52,0
DA:53,0
DA:57,0
DA:71,0
DA:91,0
DA:102,0
DA:117,0
DA:128,0
DA:136,0
DA:158,0
DA:167,0
DA:180,0
LF:40
LH:0
BRDA:47,0,0,0
BRDA:47,0,1,0
BRDA:47,1,0,0
BRDA:47,1,1,0
BRDA:76,2,0,0
BRDA:76,2,1,0
BRDA:102,3,0,0
BRDA:102,3,1,0
BRDA:105,4,0,0
BRDA:105,4,1,0
BRDA:121,5,0,0
BRDA:121,5,1,0
BRDA:155,6,0,0
BRDA:155,6,1,0
BRDA:163,7,0,0
BRDA:163,7,1,0
BRDA:176,8,0,0
BRDA:176,8,1,0
BRF:18
BRH:0
end_of_record
TN:
SF:src\components\InteractiveBackground.tsx
FN:18,InteractiveBackground
FN:43,(anonymous_1)
FN:45,(anonymous_2)
FN:58,(anonymous_3)
FN:61,(anonymous_4)
FN:62,(anonymous_5)
FN:71,(anonymous_6)
FN:74,(anonymous_7)
FN:89,(anonymous_8)
FN:102,(anonymous_9)
FN:113,(anonymous_10)
FN:139,(anonymous_11)
FN:225,(anonymous_12)
FNF:13
FNH:0
FNDA:0,InteractiveBackground
FNDA:0,(anonymous_1)
FNDA:0,(anonymous_2)
FNDA:0,(anonymous_3)
FNDA:0,(anonymous_4)
FNDA:0,(anonymous_5)
FNDA:0,(anonymous_6)
FNDA:0,(anonymous_7)
FNDA:0,(anonymous_8)
FNDA:0,(anonymous_9)
FNDA:0,(anonymous_10)
FNDA:0,(anonymous_11)
FNDA:0,(anonymous_12)
DA:3,0
DA:18,0
DA:19,0
DA:20,0
DA:21,0
DA:22,0
DA:23,0
DA:24,0
DA:27,0
DA:35,0
DA:43,0
DA:45,0
DA:46,0
DA:49,0
DA:52,0
DA:53,0
DA:58,0
DA:61,0
DA:62,0
DA:63,0
DA:69,0
DA:70,0
DA:71,0
DA:74,0
DA:75,0
DA:76,0
DA:78,0
DA:79,0
DA:81,0
DA:82,0
DA:85,0
DA:87,0
DA:89,0
DA:102,0
DA:103,0
DA:106,0
DA:107,0
DA:108,0
DA:109,0
DA:113,0
DA:115,0
DA:116,0
DA:118,0
DA:120,0
DA:122,0
DA:123,0
DA:124,0
DA:127,0
DA:128,0
DA:131,0
DA:133,0
DA:139,0
DA:140,0
DA:143,0
DA:145,0
DA:146,0
DA:147,0
DA:149,0
DA:150,0
DA:151,0
DA:156,0
DA:157,0
DA:160,0
DA:161,0
DA:164,0
DA:165,0
DA:166,0
DA:167,0
DA:168,0
DA:172,0
DA:175,0
DA:176,0
DA:177,0
DA:178,0
DA:179,0
DA:180,0
DA:183,0
DA:184,0
DA:185,0
DA:186,0
DA:188,0
DA:192,0
DA:193,0
DA:194,0
DA:195,0
DA:196,0
DA:197,0
DA:198,0
DA:200,0
DA:201,0
DA:202,0
DA:203,0
DA:204,0
DA:205,0
DA:206,0
DA:207,0
DA:208,0
DA:209,0
DA:215,0
DA:216,0
DA:219,0
DA:222,0
DA:223,0
DA:225,0
DA:226,0
DA:227,0
DA:228,0
DA:233,0
LF:108
LH:0
BRDA:76,0,0,0
BRDA:76,0,1,0
BRDA:79,1,0,0
BRDA:79,1,1,0
BRDA:87,2,0,0
BRDA:87,2,1,0
BRDA:89,3,0,0
BRDA:92,4,0,0
BRDA:92,4,1,0
BRDA:93,5,0,0
BRDA:93,5,1,0
BRDA:94,6,0,0
BRDA:94,6,1,0
BRDA:95,7,0,0
BRDA:95,7,1,0
BRDA:98,8,0,0
BRDA:98,8,1,0
BRDA:106,9,0,0
BRDA:106,9,1,0
BRDA:115,10,0,0
BRDA:115,10,1,0
BRDA:127,11,0,0
BRDA:127,11,1,0
BRDA:127,12,0,0
BRDA:127,12,1,0
BRDA:131,13,0,0
BRDA:131,13,1,0
BRDA:131,14,0,0
BRDA:131,14,1,0
BRDA:143,15,0,0
BRDA:143,15,1,0
BRDA:143,16,0,0
BRDA:143,16,1,0
BRDA:149,17,0,0
BRDA:149,17,1,0
BRDA:164,18,0,0
BRDA:164,18,1,0
BRDA:165,19,0,0
BRDA:165,19,1,0
BRDA:166,20,0,0
BRDA:166,20,1,0
BRDA:167,21,0,0
BRDA:167,21,1,0
BRDA:168,22,0,0
BRDA:168,22,1,0
BRDA:172,23,0,0
BRDA:172,23,1,0
BRDA:183,24,0,0
BRDA:183,24,1,0
BRDA:200,25,0,0
BRDA:200,25,1,0
BRDA:203,26,0,0
BRDA:203,26,1,0
BRDA:215,27,0,0
BRDA:215,27,1,0
BRDA:227,28,0,0
BRDA:227,28,1,0
BRDA:238,29,0,0
BRDA:238,29,1,0
BRF:59
BRH:0
end_of_record
TN:
SF:src\components\PromptCard.tsx
FN:18,(anonymous_0)
FN:35,(anonymous_1)
FNF:2
FNH:0
FNDA:0,(anonymous_0)
FNDA:0,(anonymous_1)
DA:1,0
DA:2,0
DA:3,0
DA:4,0
DA:5,0
DA:18,0
DA:28,0
DA:36,0
LF:8
LH:0
BRDA:38,0,0,0
BRDA:38,0,1,0
BRDA:46,1,0,0
BRDA:46,1,1,0
BRDA:65,2,0,0
BRDA:65,2,1,0
BRDA:72,3,0,0
BRDA:72,3,1,0
BRF:8
BRH:0
end_of_record
TN:
SF:src\components\PromptDetails.tsx
FN:17,(anonymous_1)
FN:37,(anonymous_2)
FN:56,(anonymous_3)
FN:58,(anonymous_4)
FN:66,(anonymous_5)
FN:67,(anonymous_6)
FN:83,(anonymous_7)
FN:141,(anonymous_8)
FN:143,(anonymous_9)
FN:150,(anonymous_10)
FN:154,(anonymous_11)
FN:159,(anonymous_12)
FN:175,(anonymous_13)
FN:194,(anonymous_14)
FN:236,(anonymous_15)
FN:298,(anonymous_16)
FN:325,(anonymous_17)
FN:416,(anonymous_18)
FN:431,(anonymous_19)
FN:452,(anonymous_20)
FN:485,(anonymous_21)
FN:496,(anonymous_22)
FN:498,(anonymous_23)
FN:505,(anonymous_24)
FN:513,(anonymous_25)
FN:515,(anonymous_26)
FN:605,(anonymous_27)
FNF:27
FNH:0
FNDA:0,(anonymous_1)
FNDA:0,(anonymous_2)
FNDA:0,(anonymous_3)
FNDA:0,(anonymous_4)
FNDA:0,(anonymous_5)
FNDA:0,(anonymous_6)
FNDA:0,(anonymous_7)
FNDA:0,(anonymous_8)
FNDA:0,(anonymous_9)
FNDA:0,(anonymous_10)
FNDA:0,(anonymous_11)
FNDA:0,(anonymous_12)
FNDA:0,(anonymous_13)
FNDA:0,(anonymous_14)
FNDA:0,(anonymous_15)
FNDA:0,(anonymous_16)
FNDA:0,(anonymous_17)
FNDA:0,(anonymous_18)
FNDA:0,(anonymous_19)
FNDA:0,(anonymous_20)
FNDA:0,(anonymous_21)
FNDA:0,(anonymous_22)
FNDA:0,(anonymous_23)
FNDA:0,(anonymous_24)
FNDA:0,(anonymous_25)
FNDA:0,(anonymous_26)
FNDA:0,(anonymous_27)
DA:3,0
DA:4,0
DA:5,0
DA:6,0
DA:7,0
DA:8,0
DA:9,0
DA:10,0
DA:11,0
DA:13,0
DA:14,0
DA:15,0
DA:17,0
DA:18,0
DA:19,0
DA:20,0
DA:21,0
DA:23,0
DA:24,0
DA:25,0
DA:26,0
DA:28,0
DA:29,0
DA:30,0
DA:32,0
DA:33,0
DA:34,0
DA:37,0
DA:38,0
DA:41,0
DA:44,0
DA:45,0
DA:46,0
DA:55,0
DA:56,0
DA:57,0
DA:58,0
DA:59,0
DA:60,0
DA:66,0
DA:67,0
DA:68,0
DA:69,0
DA:70,0
DA:73,0
DA:74,0
DA:75,0
DA:76,0
DA:79,0
DA:80,0
DA:83,0
DA:84,0
DA:86,0
DA:87,0
DA:88,0
DA:89,0
DA:90,0
DA:94,0
DA:95,0
DA:97,0
DA:98,0
DA:99,0
DA:100,0
DA:101,0
DA:102,0
DA:103,0
DA:106,0
DA:107,0
DA:108,0
DA:109,0
DA:111,0
DA:112,0
DA:116,0
DA:118,0
DA:119,0
DA:120,0
DA:121,0
DA:123,0
DA:128,0
DA:131,0
DA:133,0
DA:137,0
DA:141,0
DA:143,0
DA:144,0
DA:145,0
DA:146,0
DA:149,0
DA:151,0
DA:152,0
DA:155,0
DA:159,0
DA:160,0
DA:161,0
DA:162,0
DA:163,0
DA:164,0
DA:165,0
DA:166,0
DA:167,0
DA:169,0
DA:170,0
DA:171,0
DA:175,0
DA:176,0
DA:177,0
DA:179,0
DA:180,0
DA:181,0
DA:182,0
DA:183,0
DA:184,0
DA:185,0
DA:187,0
DA:188,0
DA:189,0
DA:194,0
DA:195,0
DA:198,0
DA:199,0
DA:200,0
DA:203,0
DA:206,0
DA:207,0
DA:219,0
DA:220,0
DA:236,0
DA:246,0
DA:247,0
DA:280,0
DA:281,0
DA:283,0
DA:299,0
DA:326,0
DA:417,0
DA:432,0
DA:452,0
DA:485,0
DA:498,0
DA:499,0
DA:500,0
DA:502,0
DA:503,0
DA:506,0
DA:515,0
DA:516,0
DA:517,0
DA:519,0
DA:606,0
LF:149
LH:0
BRDA:38,0,0,0
BRDA:38,0,1,0
BRDA:41,1,0,0
BRDA:41,1,1,0
BRDA:59,2,0,0
BRDA:59,2,1,0
BRDA:87,3,0,0
BRDA:87,3,1,0
BRDA:87,4,0,0
BRDA:87,4,1,0
BRDA:97,5,0,0
BRDA:97,5,1,0
BRDA:101,6,0,0
BRDA:101,6,1,0
BRDA:107,7,0,0
BRDA:107,7,1,0
BRDA:119,8,0,0
BRDA:119,8,1,0
BRDA:131,9,0,0
BRDA:131,9,1,0
BRDA:141,10,0,0
BRDA:141,10,1,0
BRDA:144,11,0,0
BRDA:144,11,1,0
BRDA:176,12,0,0
BRDA:176,12,1,0
BRDA:195,13,0,0
BRDA:195,13,1,0
BRDA:203,14,0,0
BRDA:203,14,1,0
BRDA:206,15,0,0
BRDA:206,15,1,0
BRDA:212,16,0,0
BRDA:212,16,1,0
BRDA:219,17,0,0
BRDA:219,17,1,0
BRDA:246,18,0,0
BRDA:246,18,1,0
BRDA:281,19,0,0
BRDA:281,19,1,0
BRDA:294,20,0,0
BRDA:294,20,1,0
BRDA:306,21,0,0
BRDA:306,21,1,0
BRDA:309,22,0,0
BRDA:309,22,1,0
BRDA:323,23,0,0
BRDA:323,23,1,0
BRDA:344,24,0,0
BRDA:344,24,1,0
BRDA:364,25,0,0
BRDA:364,25,1,0
BRDA:409,26,0,0
BRDA:409,26,1,0
BRDA:414,27,0,0
BRDA:414,27,1,0
BRDA:425,28,0,0
BRDA:425,28,1,0
BRDA:441,29,0,0
BRDA:441,29,1,0
BRDA:456,30,0,0
BRDA:456,30,1,0
BRDA:474,31,0,0
BRDA:474,31,1,0
BRDA:474,31,2,0
BRDA:476,32,0,0
BRDA:476,32,1,0
BRDA:527,33,0,0
BRDA:527,33,1,0
BRDA:527,33,2,0
BRDA:550,34,0,0
BRDA:550,34,1,0
BRDA:554,35,0,0
BRDA:554,35,1,0
BRDA:559,36,0,0
BRDA:559,36,1,0
BRDA:563,37,0,0
BRDA:563,37,1,0
BRDA:601,38,0,0
BRDA:601,38,1,0
BRF:80
BRH:0
end_of_record
TN:
SF:src\components\PurchaseButton.tsx
FN:12,(anonymous_1)
FN:18,(anonymous_2)
FNF:2
FNH:0
FNDA:0,(anonymous_1)
FNDA:0,(anonymous_2)
DA:1,0
DA:3,0
DA:12,0
DA:18,0
DA:19,0
DA:21,0
DA:22,0
DA:25,0
DA:26,0
DA:29,0
DA:32,0
LF:11
LH:0
BRDA:15,0,0,0
BRDA:16,1,0,0
BRDA:21,2,0,0
BRDA:21,2,1,0
BRDA:25,3,0,0
BRDA:25,3,1,0
BRDA:35,4,0,0
BRDA:35,4,1,0
BRDA:38,5,0,0
BRDA:38,5,1,0
BRDA:45,6,0,0
BRDA:45,6,1,0
BRF:12
BRH:0
end_of_record
TN:
SF:src\components\RecentActivity.tsx
FN:6,RecentActivity
FNF:1
FNH:1
FNDA:3,RecentActivity
DA:6,1
DA:7,3
LF:2
LH:2
BRDA:11,0,0,1
BRDA:11,0,1,2
BRF:2
BRH:2
end_of_record
TN:
SF:src\components\ReviewCard.tsx
FN:12,(anonymous_1)
FNF:1
FNH:0
FNDA:0,(anonymous_1)
DA:1,0
DA:2,0
DA:3,0
DA:12,0
DA:18,0
DA:20,0
LF:6
LH:0
BRDA:13,0,0,0
BRDA:16,1,0,0
BRDA:18,2,0,0
BRDA:18,2,1,0
BRF:4
BRH:0
end_of_record
TN:
SF:src\components\ReviewForm.tsx
FN:16,(anonymous_9)
FN:33,(anonymous_10)
FN:38,(anonymous_11)
FN:147,(anonymous_12)
FN:152,(anonymous_13)
FN:153,(anonymous_14)
FN:154,(anonymous_15)
FN:182,(anonymous_16)
FNF:8
FNH:0
FNDA:0,(anonymous_9)
FNDA:0,(anonymous_10)
FNDA:0,(anonymous_11)
FNDA:0,(anonymous_12)
FNDA:0,(anonymous_13)
FNDA:0,(anonymous_14)
FNDA:0,(anonymous_15)
FNDA:0,(anonymous_16)
DA:2,0
DA:3,0
DA:4,0
DA:5,0
DA:16,0
DA:24,0
DA:25,0
DA:26,0
DA:27,0
DA:28,0
DA:30,0
DA:33,0
DA:34,0
DA:35,0
DA:38,0
DA:39,0
DA:41,0
DA:42,0
DA:43,0
DA:46,0
DA:47,0
DA:48,0
DA:51,0
DA:52,0
DA:54,0
DA:55,0
DA:60,0
DA:62,0
DA:65,0
DA:69,0
DA:70,0
DA:71,0
DA:75,0
DA:78,0
DA:79,0
DA:82,0
DA:85,0
DA:87,0
DA:88,0
DA:90,0
DA:91,0
DA:92,0
DA:93,0
DA:94,0
DA:95,0
DA:96,0
DA:97,0
DA:98,0
DA:99,0
DA:100,0
DA:101,0
DA:102,0
DA:103,0
DA:107,0
DA:109,0
DA:113,0
DA:148,0
DA:152,0
DA:153,0
DA:154,0
DA:182,0
LF:61
LH:0
BRDA:20,0,0,0
BRDA:21,1,0,0
BRDA:22,2,0,0
BRDA:41,3,0,0
BRDA:41,3,1,0
BRDA:46,4,0,0
BRDA:46,4,1,0
BRDA:60,5,0,0
BRDA:60,5,1,0
BRDA:60,6,0,0
BRDA:60,6,1,0
BRDA:69,7,0,0
BRDA:69,7,1,0
BRDA:78,8,0,0
BRDA:78,8,1,0
BRDA:85,9,0,0
BRDA:85,9,1,0
BRDA:87,10,0,0
BRDA:87,10,1,0
BRDA:90,11,0,0
BRDA:90,11,1,0
BRDA:90,12,0,0
BRDA:90,12,1,0
BRDA:92,13,0,0
BRDA:92,13,1,0
BRDA:92,14,0,0
BRDA:92,14,1,0
BRDA:94,15,0,0
BRDA:94,15,1,0
BRDA:96,16,0,0
BRDA:96,16,1,0
BRDA:98,17,0,0
BRDA:98,17,1,0
BRDA:100,18,0,0
BRDA:100,18,1,0
BRDA:102,19,0,0
BRDA:102,19,1,0
BRDA:114,20,0,0
BRDA:114,20,1,0
BRDA:115,21,0,0
BRDA:115,21,1,0
BRDA:123,22,0,0
BRDA:123,22,1,0
BRDA:133,23,0,0
BRDA:133,23,1,0
BRDA:158,24,0,0
BRDA:158,24,1,0
BRDA:158,25,0,0
BRDA:158,25,1,0
BRDA:166,26,0,0
BRDA:166,26,1,0
BRDA:166,27,0,0
BRDA:166,27,1,0
BRDA:200,28,0,0
BRDA:200,28,1,0
BRDA:200,28,2,0
BRDA:204,29,0,0
BRDA:204,29,1,0
BRDA:207,30,0,0
BRDA:207,30,1,0
BRDA:210,31,0,0
BRDA:210,31,1,0
BRF:62
BRH:0
end_of_record
TN:
SF:src\components\ReviewList.tsx
FN:13,(anonymous_9)
FN:23,(anonymous_10)
FN:36,(anonymous_11)
FN:41,(anonymous_12)
FN:52,(anonymous_13)
FN:56,(anonymous_14)
FN:77,(anonymous_15)
FN:103,(anonymous_16)
FN:113,(anonymous_17)
FN:128,(anonymous_18)
FN:152,(anonymous_19)
FNF:11
FNH:0
FNDA:0,(anonymous_9)
FNDA:0,(anonymous_10)
FNDA:0,(anonymous_11)
FNDA:0,(anonymous_12)
FNDA:0,(anonymous_13)
FNDA:0,(anonymous_14)
FNDA:0,(anonymous_15)
FNDA:0,(anonymous_16)
FNDA:0,(anonymous_17)
FNDA:0,(anonymous_18)
FNDA:0,(anonymous_19)
DA:1,0
DA:2,0
DA:3,0
DA:5,0
DA:6,0
DA:13,0
DA:14,0
DA:15,0
DA:16,0
DA:17,0
DA:18,0
DA:19,0
DA:21,0
DA:23,0
DA:25,0
DA:26,0
DA:27,0
DA:28,0
DA:29,0
DA:31,0
DA:36,0
DA:37,0
DA:38,0
DA:39,0
DA:40,0
DA:41,0
DA:42,0
DA:43,0
DA:45,0
DA:46,0
DA:48,0
DA:52,0
DA:53,0
DA:56,0
DA:57,0
DA:58,0
DA:59,0
DA:62,0
DA:65,0
DA:66,0
DA:69,0
DA:71,0
DA:72,0
DA:73,0
DA:77,0
DA:78,0
DA:79,0
DA:82,0
DA:83,0
DA:84,0
DA:87,0
DA:90,0
DA:91,0
DA:94,0
DA:96,0
DA:97,0
DA:98,0
DA:103,0
DA:104,0
DA:107,0
DA:108,0
DA:109,0
DA:111,0
DA:114,0
DA:130,0
DA:131,0
DA:133,0
DA:134,0
DA:135,0
DA:152,0
LF:70
LH:0
BRDA:26,0,0,0
BRDA:26,0,1,0
BRDA:29,1,0,0
BRDA:29,1,1,0
BRDA:65,2,0,0
BRDA:65,2,1,0
BRDA:78,3,0,0
BRDA:78,3,1,0
BRDA:90,4,0,0
BRDA:90,4,1,0
BRDA:104,5,0,0
BRDA:104,5,1,0
BRDA:107,6,0,0
BRDA:107,6,1,0
BRDA:108,7,0,0
BRDA:108,7,1,0
BRDA:109,8,0,0
BRDA:109,8,1,0
BRDA:122,9,0,0
BRDA:122,9,1,0
BRDA:133,10,0,0
BRDA:133,10,1,0
BRDA:133,11,0,0
BRDA:133,11,1,0
BRDA:133,11,2,0
BRDA:141,12,0,0
BRDA:141,12,1,0
BRDA:156,13,0,0
BRDA:156,13,1,0
BRF:29
BRH:0
end_of_record
TN:
SF:src\components\StandardPromptCard.tsx
FN:45,StandardPromptCard
FN:73,(anonymous_1)
FN:89,(anonymous_2)
FN:107,(anonymous_3)
FN:136,(anonymous_4)
FN:196,(anonymous_5)
FN:205,(anonymous_6)
FN:240,(anonymous_7)
FN:276,(anonymous_8)
FN:298,(anonymous_9)
FN:315,(anonymous_10)
FNF:11
FNH:0
FNDA:0,StandardPromptCard
FNDA:0,(anonymous_1)
FNDA:0,(anonymous_2)
FNDA:0,(anonymous_3)
FNDA:0,(anonymous_4)
FNDA:0,(anonymous_5)
FNDA:0,(anonymous_6)
FNDA:0,(anonymous_7)
FNDA:0,(anonymous_8)
FNDA:0,(anonymous_9)
FNDA:0,(anonymous_10)
DA:1,0
DA:2,0
DA:3,0
DA:15,0
DA:16,0
DA:17,0
DA:45,0
DA:69,0
DA:70,0
DA:71,0
DA:73,0
DA:74,0
DA:75,0
DA:84,0
DA:89,0
DA:91,0
DA:92,0
DA:93,0
DA:94,0
DA:98,0
DA:108,0
DA:136,0
DA:196,0
DA:206,0
DA:207,0
DA:208,0
DA:210,0
DA:211,0
DA:212,0
DA:213,0
DA:215,0
DA:219,0
DA:241,0
DA:242,0
DA:244,0
DA:247,0
DA:248,0
DA:249,0
DA:250,0
DA:251,0
DA:253,0
DA:254,0
DA:255,0
DA:260,0
DA:277,0
DA:278,0
DA:299,0
DA:300,0
DA:301,0
DA:316,0
DA:317,0
LF:51
LH:0
BRDA:58,0,0,0
BRDA:59,1,0,0
BRDA:70,2,0,0
BRDA:70,2,1,0
BRDA:71,3,0,0
BRDA:71,3,1,0
BRDA:74,4,0,0
BRDA:74,4,1,0
BRDA:74,5,0,0
BRDA:74,5,1,0
BRDA:79,6,0,0
BRDA:79,6,1,0
BRDA:81,7,0,0
BRDA:81,7,1,0
BRDA:82,8,0,0
BRDA:82,8,1,0
BRDA:91,9,0,0
BRDA:91,9,1,0
BRDA:105,10,0,0
BRDA:105,10,1,0
BRDA:111,11,0,0
BRDA:111,11,1,0
BRDA:117,12,0,0
BRDA:117,12,1,0
BRDA:131,13,0,0
BRDA:131,13,1,0
BRDA:138,14,0,0
BRDA:138,14,1,0
BRDA:147,15,0,0
BRDA:147,15,1,0
BRDA:167,16,0,0
BRDA:167,16,1,0
BRDA:167,16,2,0
BRDA:172,17,0,0
BRDA:172,17,1,0
BRDA:172,17,2,0
BRDA:181,18,0,0
BRDA:181,18,1,0
BRDA:181,18,2,0
BRDA:186,19,0,0
BRDA:186,19,1,0
BRDA:186,19,2,0
BRDA:200,20,0,0
BRDA:200,20,1,0
BRDA:200,20,2,0
BRDA:200,20,3,0
BRDA:208,21,0,0
BRDA:208,21,1,0
BRDA:224,22,0,0
BRDA:224,22,1,0
BRDA:234,23,0,0
BRDA:234,23,1,0
BRDA:234,23,2,0
BRDA:247,24,0,0
BRDA:247,24,1,0
BRDA:273,25,0,0
BRDA:273,25,1,0
BRDA:273,25,2,0
BRDA:273,25,3,0
BRDA:293,26,0,0
BRDA:293,26,1,0
BRDA:293,26,2,0
BRDA:293,26,3,0
BRDA:303,27,0,0
BRDA:303,27,1,0
BRDA:311,28,0,0
BRDA:311,28,1,0
BRDA:311,28,2,0
BRDA:311,28,3,0
BRF:69
BRH:0
end_of_record
TN:
SF:src\components\StarRating.tsx
FN:11,(anonymous_1)
FN:12,(anonymous_2)
FN:20,(anonymous_3)
FN:26,(anonymous_4)
FNF:4
FNH:2
FNDA:2,(anonymous_1)
FNDA:0,(anonymous_2)
FNDA:10,(anonymous_3)
FNDA:0,(anonymous_4)
DA:1,1
DA:2,1
DA:11,1
DA:12,2
DA:13,0
DA:14,0
DA:18,2
DA:21,10
DA:26,0
LF:9
LH:6
BRDA:11,0,0,1
BRDA:13,1,0,0
BRDA:13,1,1,0
BRDA:13,2,0,0
BRDA:13,2,1,0
BRDA:24,3,0,3
BRDA:24,3,1,7
BRDA:25,4,0,0
BRDA:25,4,1,10
BRDA:26,5,0,0
BRDA:26,5,1,10
BRDA:27,6,0,0
BRDA:27,6,1,10
BRF:13
BRH:6
end_of_record
TN:
SF:src\components\StreamingControls.tsx
FN:15,(anonymous_1)
FN:34,(anonymous_2)
FN:52,(anonymous_3)
FNF:3
FNH:3
FNDA:3,(anonymous_1)
FNDA:1,(anonymous_2)
FNDA:1,(anonymous_3)
DA:1,1
DA:3,1
DA:15,1
DA:24,3
DA:34,1
DA:52,1
LF:6
LH:6
BRDA:41,0,0,3
BRDA:41,0,1,3
BRDA:60,1,0,3
BRDA:60,1,1,0
BRDA:67,2,0,3
BRDA:67,2,1,0
BRF:6
BRH:4
end_of_record
TN:
SF:src\components\StreamingDisplay.tsx
FN:12,(anonymous_1)
FNF:1
FNH:1
FNDA:4,(anonymous_1)
DA:1,1
DA:2,1
DA:12,1
DA:19,4
LF:4
LH:4
BRDA:16,0,0,3
BRDA:17,1,0,3
BRDA:21,2,0,1
BRDA:21,2,1,3
BRDA:21,3,0,4
BRDA:21,3,1,1
BRDA:28,4,0,3
BRDA:28,4,1,1
BRF:8
BRH:8
end_of_record
TN:
SF:src\components\TopPrompt.tsx
FN:11,TopPrompt
FNF:1
FNH:0
FNDA:0,TopPrompt
DA:1,0
DA:2,0
DA:11,0
DA:12,0
LF:4
LH:0
BRF:0
BRH:0
end_of_record
TN:
SF:src\components\WidgetManager.tsx
FN:156,WidgetManager
FN:166,(anonymous_1)
FN:183,(anonymous_2)
FN:184,(anonymous_3)
FN:188,(anonymous_4)
FN:189,(anonymous_5)
FN:194,(anonymous_6)
FN:259,(anonymous_7)
FN:338,(anonymous_8)
FN:411,(anonymous_9)
FN:443,(anonymous_10)
FN:444,(anonymous_11)
FN:444,(anonymous_12)
FN:446,(anonymous_13)
FN:448,(anonymous_14)
FN:457,(anonymous_15)
FN:465,(anonymous_16)
FN:475,(anonymous_17)
FN:483,(anonymous_18)
FN:495,(anonymous_19)
FN:510,(anonymous_20)
FN:517,(anonymous_21)
FN:521,(anonymous_22)
FN:551,(anonymous_23)
FN:558,(anonymous_24)
FN:558,(anonymous_25)
FN:563,(anonymous_26)
FNF:27
FNH:0
FNDA:0,WidgetManager
FNDA:0,(anonymous_1)
FNDA:0,(anonymous_2)
FNDA:0,(anonymous_3)
FNDA:0,(anonymous_4)
FNDA:0,(anonymous_5)
FNDA:0,(anonymous_6)
FNDA:0,(anonymous_7)
FNDA:0,(anonymous_8)
FNDA:0,(anonymous_9)
FNDA:0,(anonymous_10)
FNDA:0,(anonymous_11)
FNDA:0,(anonymous_12)
FNDA:0,(anonymous_13)
FNDA:0,(anonymous_14)
FNDA:0,(anonymous_15)
FNDA:0,(anonymous_16)
FNDA:0,(anonymous_17)
FNDA:0,(anonymous_18)
FNDA:0,(anonymous_19)
FNDA:0,(anonymous_20)
FNDA:0,(anonymous_21)
FNDA:0,(anonymous_22)
FNDA:0,(anonymous_23)
FNDA:0,(anonymous_24)
FNDA:0,(anonymous_25)
FNDA:0,(anonymous_26)
DA:4,0
DA:5,0
DA:6,0
DA:7,0
DA:20,0
DA:57,0
DA:140,0
DA:147,0
DA:154,0
DA:156,0
DA:163,0
DA:164,0
DA:166,0
DA:167,0
DA:179,0
DA:180,0
DA:183,0
DA:184,0
DA:185,0
DA:188,0
DA:189,0
DA:190,0
DA:191,0
DA:194,0
DA:200,0
DA:202,0
DA:213,0
DA:224,0
DA:235,0
DA:246,0
DA:260,0
DA:274,0
DA:312,0
DA:320,0
DA:339,0
DA:350,0
DA:358,0
DA:384,0
DA:392,0
DA:412,0
DA:423,0
DA:439,0
DA:443,0
DA:444,0
DA:446,0
DA:447,0
DA:448,0
DA:449,0
DA:450,0
DA:453,0
DA:458,0
DA:465,0
DA:475,0
DA:483,0
DA:495,0
DA:510,0
DA:518,0
DA:521,0
DA:551,0
DA:558,0
DA:559,0
DA:563,0
LF:62
LH:0
BRDA:160,0,0,0
BRDA:161,1,0,0
BRDA:189,2,0,0
BRDA:189,2,1,0
BRDA:200,3,0,0
BRDA:200,3,1,0
BRDA:200,3,2,0
BRDA:200,3,3,0
BRDA:200,3,4,0
BRDA:200,3,5,0
BRDA:200,3,6,0
BRDA:200,3,7,0
BRDA:200,3,8,0
BRDA:200,3,9,0
BRDA:200,3,10,0
BRDA:206,4,0,0
BRDA:206,4,1,0
BRDA:217,5,0,0
BRDA:217,5,1,0
BRDA:228,6,0,0
BRDA:228,6,1,0
BRDA:239,7,0,0
BRDA:239,7,1,0
BRDA:254,8,0,0
BRDA:254,8,1,0
BRDA:256,9,0,0
BRDA:256,9,1,0
BRDA:444,10,0,0
BRDA:444,10,1,0
BRDA:449,11,0,0
BRDA:449,11,1,0
BRDA:460,12,0,0
BRDA:460,12,1,0
BRDA:505,13,0,0
BRDA:505,13,1,0
BRDA:535,14,0,0
BRDA:535,14,1,0
BRDA:546,15,0,0
BRDA:546,15,1,0
BRF:39
BRH:0
end_of_record
TN:
SF:src\components\theme-provider.tsx
FN:21,(anonymous_0)
FN:26,ThemeProvider
FN:34,(anonymous_2)
FN:42,(anonymous_3)
FN:52,(anonymous_4)
FN:62,(anonymous_5)
FNF:6
FNH:0
FNDA:0,(anonymous_0)
FNDA:0,ThemeProvider
FNDA:0,(anonymous_2)
FNDA:0,(anonymous_3)
FNDA:0,(anonymous_4)
FNDA:0,(anonymous_5)
DA:4,0
DA:19,0
DA:21,0
DA:24,0
DA:26,0
DA:32,0
DA:34,0
DA:35,0
DA:37,0
DA:38,0
DA:42,0
DA:43,0
DA:45,0
DA:46,0
DA:47,0
DA:50,0
DA:52,0
DA:55,0
DA:62,0
DA:63,0
DA:65,0
DA:67,0
LF:22
LH:0
BRDA:28,0,0,0
BRDA:29,1,0,0
BRDA:37,2,0,0
BRDA:37,2,1,0
BRDA:37,3,0,0
BRDA:37,3,1,0
BRDA:37,3,2,0
BRDA:65,4,0,0
BRDA:65,4,1,0
BRF:9
BRH:0
end_of_record
TN:
SF:src\components\ui\Accordion.tsx
FN:13,(anonymous_9)
FN:21,(anonymous_10)
FN:41,(anonymous_11)
FNF:3
FNH:0
FNDA:0,(anonymous_9)
FNDA:0,(anonymous_10)
FNDA:0,(anonymous_11)
DA:3,0
DA:4,0
DA:5,0
DA:6,0
DA:8,0
DA:10,0
DA:14,0
DA:16,0
DA:18,0
DA:22,0
DA:36,0
DA:38,0
DA:42,0
DA:51,0
DA:53,0
LF:15
LH:0
BRF:0
BRH:0
end_of_record
TN:
SF:src\components\ui\Badge.tsx
FN:24,Badge
FNF:1
FNH:1
FNDA:9,Badge
DA:2,1
DA:3,1
DA:5,1
DA:25,9
DA:28,1
LF:5
LH:5
BRF:0
BRH:0
end_of_record
TN:
SF:src\components\ui\Button.tsx
FN:9,Button
FNF:1
FNH:1
FNDA:6,Button
DA:2,2
DA:9,2
DA:11,6
DA:13,6
DA:22,6
DA:29,6
LF:6
LH:6
BRDA:9,0,0,3
BRDA:9,1,0,6
BRF:2
BRH:2
end_of_record
TN:
SF:src\components\ui\Card.tsx
FN:6,Card
FNF:1
FNH:0
FNDA:0,Card
DA:2,0
DA:6,0
DA:7,0
LF:3
LH:0
BRF:0
BRH:0
end_of_record
TN:
SF:src\components\ui\Image.tsx
FN:7,Image
FNF:1
FNH:0
FNDA:0,Image
DA:7,0
DA:8,0
LF:2
LH:0
BRDA:11,0,0,0
BRDA:11,0,1,0
BRF:2
BRH:0
end_of_record
TN:
SF:src\components\ui\Input.tsx
FN:8,Input
FNF:1
FNH:1
FNDA:3,Input
DA:2,1
DA:8,1
DA:9,3
LF:3
LH:3
BRDA:11,0,0,3
BRDA:11,0,1,0
BRDA:11,1,0,3
BRDA:11,1,1,0
BRF:4
BRH:2
end_of_record
TN:
SF:src\components\ui\Label.tsx
FN:4,Label
FNF:1
FNH:1
FNDA:4,Label
DA:2,1
DA:4,1
DA:5,4
LF:3
LH:3
BRF:0
BRH:0
end_of_record
TN:
SF:src\components\ui\Select.tsx
FN:15,Select
FN:46,SelectTrigger
FN:63,(anonymous_2)
FN:72,SelectValue
FN:79,SelectContent
FN:103,SelectItem
FN:121,(anonymous_6)
FNF:7
FNH:0
FNDA:0,Select
FNDA:0,SelectTrigger
FNDA:0,(anonymous_2)
FNDA:0,SelectValue
FNDA:0,SelectContent
FNDA:0,SelectItem
FNDA:0,(anonymous_6)
DA:4,0
DA:5,0
DA:6,0
DA:8,0
DA:15,0
DA:26,0
DA:27,0
DA:29,0
DA:30,0
DA:32,0
DA:46,0
DA:54,0
DA:55,0
DA:57,0
DA:63,0
DA:72,0
DA:73,0
DA:74,0
DA:76,0
DA:79,0
DA:86,0
DA:87,0
DA:89,0
DA:91,0
DA:103,0
DA:112,0
DA:113,0
DA:115,0
DA:122,0
DA:123,0
LF:30
LH:0
BRDA:18,0,0,0
BRDA:29,1,0,0
BRDA:29,1,1,0
BRDA:30,2,0,0
BRDA:30,2,1,0
BRDA:55,3,0,0
BRDA:55,3,1,0
BRDA:74,4,0,0
BRDA:74,4,1,0
BRDA:76,5,0,0
BRDA:76,5,1,0
BRDA:87,6,0,0
BRDA:87,6,1,0
BRDA:89,7,0,0
BRDA:89,7,1,0
BRDA:113,8,0,0
BRDA:113,8,1,0
BRF:17
BRH:0
end_of_record
TN:
SF:src\components\ui\Switch.tsx
FN:13,Select
FN:44,SelectTrigger
FN:61,(anonymous_3)
FN:70,SelectValue
FN:77,SelectContent
FN:101,SelectItem
FN:119,(anonymous_7)
FN:139,(anonymous_8)
FN:142,(anonymous_9)
FN:149,(anonymous_10)
FNF:10
FNH:0
FNDA:0,Select
FNDA:0,SelectTrigger
FNDA:0,(anonymous_3)
FNDA:0,SelectValue
FNDA:0,SelectContent
FNDA:0,SelectItem
FNDA:0,(anonymous_7)
FNDA:0,(anonymous_8)
FNDA:0,(anonymous_9)
FNDA:0,(anonymous_10)
DA:1,0
DA:2,0
DA:3,0
DA:4,0
DA:6,0
DA:13,0
DA:24,0
DA:25,0
DA:27,0
DA:28,0
DA:30,0
DA:44,0
DA:52,0
DA:53,0
DA:55,0
DA:61,0
DA:70,0
DA:71,0
DA:72,0
DA:74,0
DA:77,0
DA:84,0
DA:85,0
DA:87,0
DA:89,0
DA:101,0
DA:110,0
DA:111,0
DA:113,0
DA:120,0
DA:121,0
DA:138,0
DA:140,0
DA:142,0
DA:143,0
DA:144,0
DA:145,0
DA:146,0
DA:149,0
DA:150,0
DA:151,0
DA:155,0
DA:181,0
LF:43
LH:0
BRDA:16,0,0,0
BRDA:27,1,0,0
BRDA:27,1,1,0
BRDA:28,2,0,0
BRDA:28,2,1,0
BRDA:53,3,0,0
BRDA:53,3,1,0
BRDA:72,4,0,0
BRDA:72,4,1,0
BRDA:74,5,0,0
BRDA:74,5,1,0
BRDA:85,6,0,0
BRDA:85,6,1,0
BRDA:87,7,0,0
BRDA:87,7,1,0
BRDA:111,8,0,0
BRDA:111,8,1,0
BRDA:140,9,0,0
BRDA:140,9,1,0
BRDA:143,10,0,0
BRDA:143,10,1,0
BRDA:150,11,0,0
BRDA:150,11,1,0
BRDA:164,12,0,0
BRDA:164,12,1,0
BRDA:173,13,0,0
BRDA:173,13,1,0
BRF:27
BRH:0
end_of_record
TN:
SF:src\components\ui\Tabs.tsx
FN:12,Tabs
FN:39,TabsList
FN:60,TabsTrigger
FN:82,(anonymous_3)
FN:90,TabsContent
FNF:5
FNH:0
FNDA:0,Tabs
FNDA:0,TabsList
FNDA:0,TabsTrigger
FNDA:0,(anonymous_3)
FNDA:0,TabsContent
DA:4,0
DA:5,0
DA:7,0
DA:12,0
DA:26,0
DA:27,0
DA:28,0
DA:30,0
DA:39,0
DA:47,0
DA:60,0
DA:70,0
DA:71,0
DA:73,0
DA:75,0
DA:82,0
DA:90,0
DA:100,0
DA:101,0
DA:103,0
DA:105,0
LF:21
LH:0
BRDA:26,0,0,0
BRDA:26,0,1,0
BRDA:27,1,0,0
BRDA:27,1,1,0
BRDA:28,2,0,0
BRDA:28,2,1,0
BRDA:71,3,0,0
BRDA:71,3,1,0
BRDA:79,4,0,0
BRDA:79,4,1,0
BRDA:101,5,0,0
BRDA:101,5,1,0
BRDA:103,6,0,0
BRDA:103,6,1,0
BRF:14
BRH:0
end_of_record
TN:
SF:src\components\ui\Textarea.tsx
FN:4,Textarea
FNF:1
FNH:1
FNDA:4,Textarea
DA:2,1
DA:4,1
DA:5,4
LF:3
LH:3
BRF:0
BRH:0
end_of_record
TN:
SF:src\config\api.ts
FNF:0
FNH:0
DA:1,0
DA:6,0
DA:7,0
LF:3
LH:0
BRDA:1,0,0,0
BRDA:1,0,1,0
BRDA:2,1,0,0
BRDA:2,1,1,0
BRF:4
BRH:0
end_of_record
TN:
SF:src\hooks\useTypingEffect.ts
FN:8,(anonymous_0)
FN:21,(anonymous_1)
FN:25,(anonymous_2)
FN:30,(anonymous_3)
FN:54,(anonymous_4)
FN:55,(anonymous_5)
FN:61,(anonymous_6)
FN:72,(anonymous_7)
FN:84,(anonymous_8)
FN:102,(anonymous_9)
FN:106,(anonymous_10)
FN:111,(anonymous_11)
FN:120,(anonymous_12)
FN:121,(anonymous_13)
FNF:14
FNH:12
FNDA:13,(anonymous_0)
FNDA:5,(anonymous_1)
FNDA:5,(anonymous_2)
FNDA:13,(anonymous_3)
FNDA:10,(anonymous_4)
FNDA:10,(anonymous_5)
FNDA:3,(anonymous_6)
FNDA:1,(anonymous_7)
FNDA:1,(anonymous_8)
FNDA:0,(anonymous_9)
FNDA:0,(anonymous_10)
FNDA:1,(anonymous_11)
FNDA:5,(anonymous_12)
FNDA:5,(anonymous_13)
DA:1,1
DA:8,1
DA:9,13
DA:11,13
DA:12,13
DA:14,13
DA:15,13
DA:16,13
DA:17,13
DA:18,13
DA:21,13
DA:22,5
DA:25,13
DA:26,5
DA:30,13
DA:31,13
DA:33,2
DA:34,2
DA:35,2
DA:39,11
DA:41,11
DA:42,20
DA:43,20
DA:44,20
DA:45,20
DA:51,11
DA:54,11
DA:55,10
DA:56,10
DA:61,13
DA:63,3
DA:66,3
DA:67,3
DA:68,3
DA:72,13
DA:73,1
DA:74,1
DA:75,1
DA:78,1
DA:79,1
DA:80,1
DA:81,1
DA:84,13
DA:85,1
DA:86,1
DA:87,1
DA:91,1
DA:92,7
DA:93,7
DA:94,7
DA:98,1
DA:99,1
DA:102,13
DA:103,0
DA:106,13
DA:107,0
DA:111,13
DA:113,1
DA:114,1
DA:115,1
DA:116,1
DA:120,13
DA:121,5
DA:122,5
DA:123,1
DA:129,13
LF:66
LH:64
BRDA:8,0,0,0
BRDA:9,1,0,0
BRDA:9,2,0,13
BRDA:31,3,0,2
BRDA:31,3,1,11
BRDA:42,4,0,20
BRDA:42,4,1,0
BRDA:44,5,0,20
BRDA:44,5,1,0
BRDA:51,6,0,9
BRDA:51,6,1,2
BRDA:66,7,0,3
BRDA:66,7,1,0
BRDA:73,8,0,1
BRDA:73,8,1,0
BRDA:85,9,0,1
BRDA:85,9,1,0
BRDA:93,10,0,7
BRDA:93,10,1,0
BRDA:122,11,0,1
BRDA:122,11,1,4
BRF:21
BRH:13
end_of_record
TN:
SF:src\lib\utils.ts
FN:4,cn
FNF:1
FNH:1
FNDA:26,cn
DA:1,6
DA:2,6
DA:4,6
DA:5,26
LF:4
LH:4
BRF:0
BRH:0
end_of_record
TN:
SF:src\pages\CartPage.tsx
FN:10,CartPage
FN:18,(anonymous_1)
FN:20,(anonymous_2)
FN:22,(anonymous_3)
FN:44,(anonymous_4)
FN:48,(anonymous_5)
FN:63,(anonymous_6)
FN:90,(anonymous_7)
FNF:8
FNH:0
FNDA:0,CartPage
FNDA:0,(anonymous_1)
FNDA:0,(anonymous_2)
FNDA:0,(anonymous_3)
FNDA:0,(anonymous_4)
FNDA:0,(anonymous_5)
FNDA:0,(anonymous_6)
FNDA:0,(anonymous_7)
DA:1,0
DA:2,0
DA:3,0
DA:4,0
DA:5,0
DA:6,0
DA:8,0
DA:10,0
DA:11,0
DA:12,0
DA:14,0
DA:15,0
DA:16,0
DA:18,0
DA:20,0
DA:21,0
DA:23,0
DA:24,0
DA:25,0
DA:31,0
DA:32,0
DA:41,0
DA:44,0
DA:45,0
DA:48,0
DA:49,0
DA:50,0
DA:51,0
DA:52,0
DA:53,0
DA:55,0
DA:57,0
DA:58,0
DA:63,0
DA:64,0
DA:68,0
DA:69,0
DA:79,0
DA:91,0
LF:39
LH:0
BRDA:27,0,0,0
BRDA:27,0,1,0
BRDA:28,1,0,0
BRDA:28,1,1,0
BRDA:52,2,0,0
BRDA:52,2,1,0
BRDA:68,3,0,0
BRDA:68,3,1,0
BRDA:68,4,0,0
BRDA:68,4,1,0
BRDA:68,4,2,0
BRDA:87,5,0,0
BRDA:87,5,1,0
BRDA:88,6,0,0
BRDA:88,6,1,0
BRDA:113,7,0,0
BRDA:113,7,1,0
BRF:17
BRH:0
end_of_record
TN:
SF:src\pages\CommunityPage.tsx
FN:56,CommunityPage
FN:156,(anonymous_1)
FN:175,(anonymous_2)
FN:194,(anonymous_3)
FN:199,(anonymous_4)
FN:203,(anonymous_5)
FN:250,(anonymous_6)
FN:257,(anonymous_7)
FN:259,(anonymous_8)
FN:268,(anonymous_9)
FN:292,(anonymous_10)
FN:322,(anonymous_11)
FN:349,(anonymous_12)
FN:385,(anonymous_13)
FN:399,(anonymous_14)
FN:400,(anonymous_15)
FN:413,(anonymous_16)
FNF:17
FNH:0
FNDA:0,CommunityPage
FNDA:0,(anonymous_1)
FNDA:0,(anonymous_2)
FNDA:0,(anonymous_3)
FNDA:0,(anonymous_4)
FNDA:0,(anonymous_5)
FNDA:0,(anonymous_6)
FNDA:0,(anonymous_7)
FNDA:0,(anonymous_8)
FNDA:0,(anonymous_9)
FNDA:0,(anonymous_10)
FNDA:0,(anonymous_11)
FNDA:0,(anonymous_12)
FNDA:0,(anonymous_13)
FNDA:0,(anonymous_14)
FNDA:0,(anonymous_15)
FNDA:0,(anonymous_16)
DA:3,0
DA:4,0
DA:5,0
DA:6,0
DA:23,0
DA:56,0
DA:57,0
DA:58,0
DA:59,0
DA:63,0
DA:133,0
DA:154,0
DA:156,0
DA:157,0
DA:159,0
DA:161,0
DA:163,0
DA:165,0
DA:167,0
DA:169,0
DA:171,0
DA:175,0
DA:176,0
DA:178,0
DA:180,0
DA:182,0
DA:184,0
DA:186,0
DA:188,0
DA:190,0
DA:194,0
DA:195,0
DA:197,0
DA:199,0
DA:200,0
DA:203,0
DA:204,0
DA:206,0
DA:208,0
DA:210,0
DA:212,0
DA:214,0
DA:216,0
DA:220,0
DA:250,0
DA:257,0
DA:260,0
DA:268,0
DA:293,0
DA:323,0
DA:350,0
DA:386,0
DA:399,0
DA:401,0
DA:414,0
LF:55
LH:0
BRDA:157,0,0,0
BRDA:157,0,1,0
BRDA:157,0,2,0
BRDA:157,0,3,0
BRDA:157,0,4,0
BRDA:157,0,5,0
BRDA:157,0,6,0
BRDA:176,1,0,0
BRDA:176,1,1,0
BRDA:176,1,2,0
BRDA:176,1,3,0
BRDA:176,1,4,0
BRDA:176,1,5,0
BRDA:176,1,6,0
BRDA:195,2,0,0
BRDA:195,2,1,0
BRDA:197,3,0,0
BRDA:197,3,1,0
BRDA:197,3,2,0
BRDA:200,4,0,0
BRDA:200,4,1,0
BRDA:204,5,0,0
BRDA:204,5,1,0
BRDA:204,5,2,0
BRDA:204,5,3,0
BRDA:204,5,4,0
BRDA:204,5,5,0
BRDA:261,6,0,0
BRDA:261,6,1,0
BRDA:300,7,0,0
BRDA:300,7,1,0
BRDA:302,8,0,0
BRDA:302,8,1,0
BRDA:327,9,0,0
BRDA:327,9,1,0
BRDA:327,10,0,0
BRDA:327,10,1,0
BRDA:337,11,0,0
BRDA:337,11,1,0
BRDA:337,12,0,0
BRDA:337,12,1,0
BRF:41
BRH:0
end_of_record
TN:
SF:src\pages\ComparisonPage.tsx
FN:24,ComparisonsPage
FN:66,(anonymous_1)
FN:141,(anonymous_2)
FN:143,(anonymous_3)
FN:151,(anonymous_4)
FN:183,(anonymous_5)
FN:190,(anonymous_6)
FN:197,(anonymous_7)
FN:211,(anonymous_8)
FN:216,(anonymous_9)
FN:223,(anonymous_10)
FN:261,(anonymous_11)
FN:296,(anonymous_12)
FN:341,(anonymous_13)
FN:355,(anonymous_14)
FN:363,(anonymous_15)
FN:377,(anonymous_16)
FN:431,(anonymous_17)
FN:466,(anonymous_18)
FN:478,(anonymous_19)
FN:493,(anonymous_20)
FN:501,(anonymous_21)
FN:537,(anonymous_22)
FN:563,(anonymous_23)
FN:575,(anonymous_24)
FN:590,(anonymous_25)
FN:598,(anonymous_26)
FN:646,(anonymous_27)
FN:657,(anonymous_28)
FN:678,(anonymous_29)
FN:686,(anonymous_30)
FN:703,(anonymous_31)
FN:750,(anonymous_32)
FN:762,(anonymous_33)
FN:770,(anonymous_34)
FN:803,(anonymous_35)
FN:811,(anonymous_36)
FN:847,(anonymous_37)
FN:864,(anonymous_38)
FNF:39
FNH:0
FNDA:0,ComparisonsPage
FNDA:0,(anonymous_1)
FNDA:0,(anonymous_2)
FNDA:0,(anonymous_3)
FNDA:0,(anonymous_4)
FNDA:0,(anonymous_5)
FNDA:0,(anonymous_6)
FNDA:0,(anonymous_7)
FNDA:0,(anonymous_8)
FNDA:0,(anonymous_9)
FNDA:0,(anonymous_10)
FNDA:0,(anonymous_11)
FNDA:0,(anonymous_12)
FNDA:0,(anonymous_13)
FNDA:0,(anonymous_14)
FNDA:0,(anonymous_15)
FNDA:0,(anonymous_16)
FNDA:0,(anonymous_17)
FNDA:0,(anonymous_18)
FNDA:0,(anonymous_19)
FNDA:0,(anonymous_20)
FNDA:0,(anonymous_21)
FNDA:0,(anonymous_22)
FNDA:0,(anonymous_23)
FNDA:0,(anonymous_24)
FNDA:0,(anonymous_25)
FNDA:0,(anonymous_26)
FNDA:0,(anonymous_27)
FNDA:0,(anonymous_28)
FNDA:0,(anonymous_29)
FNDA:0,(anonymous_30)
FNDA:0,(anonymous_31)
FNDA:0,(anonymous_32)
FNDA:0,(anonymous_33)
FNDA:0,(anonymous_34)
FNDA:0,(anonymous_35)
FNDA:0,(anonymous_36)
FNDA:0,(anonymous_37)
FNDA:0,(anonymous_38)
DA:3,0
DA:4,0
DA:5,0
DA:6,0
DA:7,0
DA:8,0
DA:9,0
DA:10,0
DA:11,0
DA:12,0
DA:14,0
DA:24,0
DA:25,0
DA:26,0
DA:27,0
DA:28,0
DA:29,0
DA:30,0
DA:31,0
DA:32,0
DA:33,0
DA:34,0
DA:35,0
DA:36,0
DA:37,0
DA:38,0
DA:39,0
DA:40,0
DA:41,0
DA:44,0
DA:45,0
DA:46,0
DA:49,0
DA:53,0
DA:57,0
DA:63,0
DA:66,0
DA:67,0
DA:68,0
DA:70,0
DA:71,0
DA:73,0
DA:74,0
DA:78,0
DA:141,0
DA:142,0
DA:143,0
DA:151,0
DA:152,0
DA:153,0
DA:154,0
DA:155,0
DA:156,0
DA:158,0
DA:160,0
DA:161,0
DA:162,0
DA:164,0
DA:167,0
DA:169,0
DA:176,0
DA:179,0
DA:184,0
DA:185,0
DA:187,0
DA:191,0
DA:193,0
DA:194,0
DA:198,0
DA:199,0
DA:204,0
DA:205,0
DA:206,0
DA:211,0
DA:213,0
DA:216,0
DA:219,0
DA:223,0
DA:224,0
DA:225,0
DA:228,0
DA:259,0
DA:261,0
DA:262,0
DA:266,0
DA:268,0
DA:276,0
DA:278,0
DA:286,0
DA:288,0
DA:289,0
DA:290,0
DA:291,0
DA:294,0
DA:296,0
DA:297,0
DA:298,0
DA:300,0
DA:308,0
DA:316,0
DA:318,0
DA:319,0
DA:322,0
DA:325,0
DA:328,0
DA:331,0
DA:334,0
DA:335,0
DA:337,0
DA:341,0
DA:342,0
DA:343,0
DA:344,0
DA:345,0
DA:346,0
DA:347,0
DA:350,0
DA:351,0
DA:352,0
DA:355,0
DA:356,0
DA:357,0
DA:359,0
DA:363,0
DA:364,0
DA:365,0
DA:366,0
DA:368,0
DA:369,0
DA:370,0
DA:372,0
DA:373,0
DA:374,0
DA:377,0
DA:378,0
DA:381,0
DA:382,0
DA:383,0
DA:384,0
DA:388,0
DA:389,0
DA:390,0
DA:394,0
DA:399,0
DA:414,0
DA:431,0
DA:466,0
DA:478,0
DA:493,0
DA:501,0
DA:537,0
DA:563,0
DA:575,0
DA:590,0
DA:598,0
DA:646,0
DA:657,0
DA:678,0
DA:687,0
DA:688,0
DA:703,0
DA:750,0
DA:763,0
DA:770,0
DA:804,0
DA:811,0
DA:847,0
DA:865,0
DA:866,0
DA:867,0
LF:170
LH:0
BRDA:51,0,0,0
BRDA:51,0,1,0
BRDA:51,1,0,0
BRDA:51,1,1,0
BRDA:55,2,0,0
BRDA:55,2,1,0
BRDA:55,3,0,0
BRDA:55,3,1,0
BRDA:59,4,0,0
BRDA:59,4,1,0
BRDA:59,5,0,0
BRDA:59,5,1,0
BRDA:68,6,0,0
BRDA:68,6,1,0
BRDA:68,7,0,0
BRDA:68,7,1,0
BRDA:71,8,0,0
BRDA:71,8,1,0
BRDA:71,9,0,0
BRDA:71,9,1,0
BRDA:74,10,0,0
BRDA:74,10,1,0
BRDA:74,11,0,0
BRDA:74,11,1,0
BRDA:152,12,0,0
BRDA:152,12,1,0
BRDA:153,13,0,0
BRDA:153,13,1,0
BRDA:154,14,0,0
BRDA:154,14,1,0
BRDA:155,15,0,0
BRDA:155,15,1,0
BRDA:156,16,0,0
BRDA:156,16,1,0
BRDA:160,17,0,0
BRDA:160,17,1,0
BRDA:184,18,0,0
BRDA:184,18,1,0
BRDA:193,19,0,0
BRDA:193,19,1,0
BRDA:193,20,0,0
BRDA:193,20,1,0
BRDA:204,21,0,0
BRDA:204,21,1,0
BRDA:262,22,0,0
BRDA:262,22,1,0
BRDA:266,23,0,0
BRDA:266,23,1,0
BRDA:288,24,0,0
BRDA:288,24,1,0
BRDA:288,25,0,0
BRDA:288,25,1,0
BRDA:288,25,2,0
BRDA:290,26,0,0
BRDA:290,26,1,0
BRDA:291,27,0,0
BRDA:291,27,1,0
BRDA:294,28,0,0
BRDA:294,28,1,0
BRDA:297,29,0,0
BRDA:297,29,1,0
BRDA:318,30,0,0
BRDA:318,30,1,0
BRDA:318,31,0,0
BRDA:318,31,1,0
BRDA:318,31,2,0
BRDA:378,32,0,0
BRDA:378,32,1,0
BRDA:382,33,0,0
BRDA:382,33,1,0
BRDA:382,34,0,0
BRDA:382,34,1,0
BRDA:388,35,0,0
BRDA:388,35,1,0
BRDA:388,36,0,0
BRDA:388,36,1,0
BRDA:394,37,0,0
BRDA:394,37,1,0
BRDA:418,38,0,0
BRDA:418,38,1,0
BRDA:418,39,0,0
BRDA:418,39,1,0
BRDA:458,40,0,0
BRDA:458,40,1,0
BRDA:468,41,0,0
BRDA:468,41,1,0
BRDA:472,42,0,0
BRDA:472,42,1,0
BRDA:485,43,0,0
BRDA:485,43,1,0
BRDA:495,44,0,0
BRDA:495,44,1,0
BRDA:507,45,0,0
BRDA:507,45,1,0
BRDA:511,46,0,0
BRDA:511,46,1,0
BRDA:555,47,0,0
BRDA:555,47,1,0
BRDA:565,48,0,0
BRDA:565,48,1,0
BRDA:569,49,0,0
BRDA:569,49,1,0
BRDA:582,50,0,0
BRDA:582,50,1,0
BRDA:592,51,0,0
BRDA:592,51,1,0
BRDA:604,52,0,0
BRDA:604,52,1,0
BRDA:607,53,0,0
BRDA:607,53,1,0
BRDA:670,54,0,0
BRDA:670,54,1,0
BRDA:699,55,0,0
BRDA:699,55,1,0
BRDA:710,56,0,0
BRDA:710,56,1,0
BRDA:717,57,0,0
BRDA:717,57,1,0
BRDA:746,58,0,0
BRDA:746,58,1,0
BRDA:766,59,0,0
BRDA:766,59,1,0
BRDA:786,60,0,0
BRDA:786,60,1,0
BRDA:807,61,0,0
BRDA:807,61,1,0
BRDA:827,62,0,0
BRDA:827,62,1,0
BRDA:856,63,0,0
BRDA:856,63,1,0
BRDA:862,64,0,0
BRDA:862,64,1,0
BRDA:862,64,2,0
BRDA:863,65,0,0
BRDA:863,65,1,0
BRDA:863,65,2,0
BRDA:865,66,0,0
BRDA:865,66,1,0
BRDA:866,67,0,0
BRDA:866,67,1,0
BRDA:867,68,0,0
BRDA:867,68,1,0
BRF:142
BRH:0
end_of_record
TN:
SF:src\pages\DashBoardPage.tsx
FN:34,DashboardPage
FN:114,(anonymous_2)
FN:115,(anonymous_3)
FN:128,(anonymous_4)
FN:132,(anonymous_5)
FN:136,(anonymous_6)
FN:137,(anonymous_7)
FN:170,(anonymous_8)
FN:171,(anonymous_9)
FN:200,(anonymous_10)
FN:235,(anonymous_11)
FN:236,(anonymous_12)
FN:268,(anonymous_13)
FN:269,(anonymous_14)
FN:273,(anonymous_15)
FN:284,(anonymous_16)
FN:300,(anonymous_17)
FN:307,(anonymous_18)
FN:312,(anonymous_19)
FN:313,(anonymous_20)
FN:320,(anonymous_21)
FN:327,(anonymous_22)
FN:333,(anonymous_23)
FN:337,(anonymous_24)
FN:345,(anonymous_25)
FN:345,(anonymous_26)
FN:350,(anonymous_27)
FN:358,(anonymous_28)
FN:358,(anonymous_29)
FN:361,(anonymous_30)
FN:361,(anonymous_31)
FN:365,(anonymous_32)
FN:369,(anonymous_33)
FN:375,(anonymous_34)
FN:389,(anonymous_35)
FN:396,(anonymous_36)
FN:402,(anonymous_37)
FN:463,(anonymous_38)
FN:487,(anonymous_39)
FN:509,(anonymous_40)
FN:515,(anonymous_41)
FN:526,(anonymous_42)
FN:533,(anonymous_43)
FN:588,(anonymous_44)
FN:601,(anonymous_45)
FNF:45
FNH:0
FNDA:0,DashboardPage
FNDA:0,(anonymous_2)
FNDA:0,(anonymous_3)
FNDA:0,(anonymous_4)
FNDA:0,(anonymous_5)
FNDA:0,(anonymous_6)
FNDA:0,(anonymous_7)
FNDA:0,(anonymous_8)
FNDA:0,(anonymous_9)
FNDA:0,(anonymous_10)
FNDA:0,(anonymous_11)
FNDA:0,(anonymous_12)
FNDA:0,(anonymous_13)
FNDA:0,(anonymous_14)
FNDA:0,(anonymous_15)
FNDA:0,(anonymous_16)
FNDA:0,(anonymous_17)
FNDA:0,(anonymous_18)
FNDA:0,(anonymous_19)
FNDA:0,(anonymous_20)
FNDA:0,(anonymous_21)
FNDA:0,(anonymous_22)
FNDA:0,(anonymous_23)
FNDA:0,(anonymous_24)
FNDA:0,(anonymous_25)
FNDA:0,(anonymous_26)
FNDA:0,(anonymous_27)
FNDA:0,(anonymous_28)
FNDA:0,(anonymous_29)
FNDA:0,(anonymous_30)
FNDA:0,(anonymous_31)
FNDA:0,(anonymous_32)
FNDA:0,(anonymous_33)
FNDA:0,(anonymous_34)
FNDA:0,(anonymous_35)
FNDA:0,(anonymous_36)
FNDA:0,(anonymous_37)
FNDA:0,(anonymous_38)
FNDA:0,(anonymous_39)
FNDA:0,(anonymous_40)
FNDA:0,(anonymous_41)
FNDA:0,(anonymous_42)
FNDA:0,(anonymous_43)
FNDA:0,(anonymous_44)
FNDA:0,(anonymous_45)
DA:1,0
DA:2,0
DA:3,0
DA:4,0
DA:5,0
DA:6,0
DA:8,0
DA:30,0
DA:34,0
DA:35,0
DA:38,0
DA:39,0
DA:40,0
DA:41,0
DA:42,0
DA:43,0
DA:46,0
DA:47,0
DA:48,0
DA:51,0
DA:52,0
DA:53,0
DA:54,0
DA:57,0
DA:58,0
DA:59,0
DA:62,0
DA:63,0
DA:66,0
DA:114,0
DA:115,0
DA:116,0
DA:117,0
DA:118,0
DA:119,0
DA:120,0
DA:122,0
DA:123,0
DA:125,0
DA:127,0
DA:128,0
DA:129,0
DA:131,0
DA:132,0
DA:136,0
DA:137,0
DA:138,0
DA:139,0
DA:140,0
DA:141,0
DA:147,0
DA:148,0
DA:149,0
DA:150,0
DA:151,0
DA:152,0
DA:153,0
DA:154,0
DA:155,0
DA:156,0
DA:157,0
DA:158,0
DA:159,0
DA:160,0
DA:161,0
DA:162,0
DA:166,0
DA:170,0
DA:171,0
DA:172,0
DA:173,0
DA:174,0
DA:176,0
DA:177,0
DA:178,0
DA:179,0
DA:180,0
DA:181,0
DA:182,0
DA:185,0
DA:191,0
DA:192,0
DA:194,0
DA:195,0
DA:197,0
DA:200,0
DA:217,0
DA:218,0
DA:219,0
DA:220,0
DA:221,0
DA:222,0
DA:224,0
DA:227,0
DA:229,0
DA:231,0
DA:235,0
DA:236,0
DA:237,0
DA:238,0
DA:239,0
DA:240,0
DA:241,0
DA:246,0
DA:247,0
DA:248,0
DA:249,0
DA:250,0
DA:251,0
DA:252,0
DA:253,0
DA:254,0
DA:256,0
DA:259,0
DA:261,0
DA:264,0
DA:268,0
DA:269,0
DA:270,0
DA:271,0
DA:272,0
DA:274,0
DA:275,0
DA:280,0
DA:281,0
DA:282,0
DA:284,0
DA:285,0
DA:287,0
DA:290,0
DA:294,0
DA:296,0
DA:300,0
DA:301,0
DA:302,0
DA:303,0
DA:304,0
DA:305,0
DA:307,0
DA:311,0
DA:312,0
DA:313,0
DA:315,0
DA:316,0
DA:320,0
DA:321,0
DA:322,0
DA:323,0
DA:324,0
DA:325,0
DA:326,0
DA:327,0
DA:328,0
DA:329,0
DA:330,0
DA:332,0
DA:333,0
DA:337,0
DA:338,0
DA:339,0
DA:344,0
DA:345,0
DA:350,0
DA:351,0
DA:352,0
DA:357,0
DA:358,0
DA:361,0
DA:365,0
DA:366,0
DA:367,0
DA:368,0
DA:369,0
DA:371,0
DA:375,0
DA:376,0
DA:385,0
DA:386,0
DA:389,0
DA:390,0
DA:392,0
DA:396,0
DA:397,0
DA:398,0
DA:399,0
DA:400,0
DA:402,0
DA:407,0
DA:414,0
DA:415,0
DA:425,0
DA:426,0
DA:436,0
DA:437,0
DA:447,0
DA:448,0
DA:463,0
DA:471,0
DA:472,0
DA:487,0
DA:496,0
DA:498,0
DA:509,0
DA:515,0
DA:526,0
DA:533,0
DA:589,0
DA:602,0
LF:208
LH:0
BRDA:118,0,0,0
BRDA:118,0,1,0
BRDA:118,1,0,0
BRDA:118,1,1,0
BRDA:118,1,2,0
BRDA:129,2,0,0
BRDA:129,2,1,0
BRDA:129,3,0,0
BRDA:129,3,1,0
BRDA:138,4,0,0
BRDA:138,4,1,0
BRDA:138,5,0,0
BRDA:138,5,1,0
BRDA:147,6,0,0
BRDA:147,6,1,0
BRDA:151,7,0,0
BRDA:151,7,1,0
BRDA:152,8,0,0
BRDA:152,8,1,0
BRDA:156,9,0,0
BRDA:156,9,1,0
BRDA:157,10,0,0
BRDA:157,10,1,0
BRDA:158,11,0,0
BRDA:158,11,1,0
BRDA:172,12,0,0
BRDA:172,12,1,0
BRDA:179,13,0,0
BRDA:179,13,1,0
BRDA:191,14,0,0
BRDA:191,14,1,0
BRDA:197,15,0,0
BRDA:197,15,1,0
BRDA:203,16,0,0
BRDA:203,16,1,0
BRDA:204,17,0,0
BRDA:204,17,1,0
BRDA:205,18,0,0
BRDA:205,18,1,0
BRDA:206,19,0,0
BRDA:206,19,1,0
BRDA:208,20,0,0
BRDA:208,20,1,0
BRDA:210,21,0,0
BRDA:210,21,1,0
BRDA:211,22,0,0
BRDA:211,22,1,0
BRDA:212,23,0,0
BRDA:212,23,1,0
BRDA:214,24,0,0
BRDA:214,24,1,0
BRDA:218,25,0,0
BRDA:218,25,1,0
BRDA:237,26,0,0
BRDA:237,26,1,0
BRDA:246,27,0,0
BRDA:246,27,1,0
BRDA:249,28,0,0
BRDA:249,28,1,0
BRDA:259,29,0,0
BRDA:259,29,1,0
BRDA:264,30,0,0
BRDA:264,30,1,0
BRDA:270,31,0,0
BRDA:270,31,1,0
BRDA:280,32,0,0
BRDA:280,32,1,0
BRDA:282,33,0,0
BRDA:282,33,1,0
BRDA:284,34,0,0
BRDA:284,34,1,0
BRDA:302,35,0,0
BRDA:302,35,1,0
BRDA:309,36,0,0
BRDA:309,36,1,0
BRDA:313,37,0,0
BRDA:313,37,1,0
BRDA:322,38,0,0
BRDA:322,38,1,0
BRDA:324,39,0,0
BRDA:324,39,1,0
BRDA:326,40,0,0
BRDA:326,40,1,0
BRDA:328,41,0,0
BRDA:328,41,1,0
BRDA:328,42,0,0
BRDA:328,42,1,0
BRDA:329,43,0,0
BRDA:329,43,1,0
BRDA:329,44,0,0
BRDA:329,44,1,0
BRDA:330,45,0,0
BRDA:330,45,1,0
BRDA:330,46,0,0
BRDA:330,46,1,0
BRDA:344,47,0,0
BRDA:344,47,1,0
BRDA:357,48,0,0
BRDA:357,48,1,0
BRDA:358,49,0,0
BRDA:358,49,1,0
BRDA:361,50,0,0
BRDA:361,50,1,0
BRDA:398,51,0,0
BRDA:398,51,1,0
BRDA:404,52,0,0
BRDA:404,52,1,0
BRDA:405,53,0,0
BRDA:405,53,1,0
BRDA:414,54,0,0
BRDA:414,54,1,0
BRDA:425,55,0,0
BRDA:425,55,1,0
BRDA:436,56,0,0
BRDA:436,56,1,0
BRDA:447,57,0,0
BRDA:447,57,1,0
BRDA:471,58,0,0
BRDA:471,58,1,0
BRDA:506,59,0,0
BRDA:506,59,1,0
BRDA:573,60,0,0
BRDA:573,60,1,0
BRDA:580,61,0,0
BRDA:580,61,1,0
BRDA:594,62,0,0
BRDA:594,62,1,0
BRDA:602,63,0,0
BRDA:602,63,1,0
BRF:129
BRH:0
end_of_record
TN:
SF:src\pages\EditorPage.tsx
FN:28,EditorPage
FN:50,(anonymous_1)
FN:88,(anonymous_2)
FN:107,(anonymous_3)
FN:109,(anonymous_4)
FN:123,(anonymous_5)
FN:127,(anonymous_6)
FN:134,(anonymous_7)
FN:140,(anonymous_8)
FN:150,(anonymous_9)
FN:156,(anonymous_10)
FN:162,(anonymous_11)
FN:169,(anonymous_12)
FN:243,(anonymous_13)
FN:270,(anonymous_14)
FN:289,(anonymous_15)
FN:299,(anonymous_16)
FN:306,(anonymous_17)
FN:322,(anonymous_18)
FN:324,(anonymous_19)
FN:333,(anonymous_20)
FN:396,(anonymous_21)
FN:403,(anonymous_22)
FN:411,(anonymous_23)
FN:428,(anonymous_24)
FN:472,(anonymous_25)
FN:479,(anonymous_26)
FN:488,(anonymous_27)
FN:506,(anonymous_28)
FN:552,(anonymous_29)
FN:553,(anonymous_30)
FN:578,(anonymous_31)
FN:580,(anonymous_32)
FN:591,(anonymous_33)
FN:612,(anonymous_34)
FN:614,(anonymous_35)
FN:632,(anonymous_36)
FN:669,(anonymous_37)
FN:676,(anonymous_38)
FN:685,(anonymous_39)
FN:689,(anonymous_40)
FN:714,(anonymous_41)
FN:716,(anonymous_42)
FN:735,(anonymous_43)
FN:750,(anonymous_44)
FN:777,(anonymous_45)
FN:788,(anonymous_46)
FN:795,(anonymous_47)
FN:803,(anonymous_48)
FN:847,(anonymous_49)
FN:883,(anonymous_50)
FN:891,(anonymous_51)
FN:953,(anonymous_52)
FN:976,(anonymous_53)
FN:985,(anonymous_54)
FN:1009,(anonymous_55)
FN:1051,(anonymous_56)
FN:1070,(anonymous_57)
FN:1086,(anonymous_58)
FN:1102,(anonymous_59)
FN:1136,(anonymous_60)
FN:1144,(anonymous_61)
FN:1179,(anonymous_62)
FN:1202,(anonymous_63)
FN:1210,(anonymous_64)
FN:1213,(anonymous_65)
FN:1258,(anonymous_66)
FN:1281,(anonymous_67)
FN:1289,(anonymous_68)
FN:1292,(anonymous_69)
FN:1337,(anonymous_70)
FN:1360,(anonymous_71)
FN:1368,(anonymous_72)
FN:1371,(anonymous_73)
FNF:74
FNH:0
FNDA:0,EditorPage
FNDA:0,(anonymous_1)
FNDA:0,(anonymous_2)
FNDA:0,(anonymous_3)
FNDA:0,(anonymous_4)
FNDA:0,(anonymous_5)
FNDA:0,(anonymous_6)
FNDA:0,(anonymous_7)
FNDA:0,(anonymous_8)
FNDA:0,(anonymous_9)
FNDA:0,(anonymous_10)
FNDA:0,(anonymous_11)
FNDA:0,(anonymous_12)
FNDA:0,(anonymous_13)
FNDA:0,(anonymous_14)
FNDA:0,(anonymous_15)
FNDA:0,(anonymous_16)
FNDA:0,(anonymous_17)
FNDA:0,(anonymous_18)
FNDA:0,(anonymous_19)
FNDA:0,(anonymous_20)
FNDA:0,(anonymous_21)
FNDA:0,(anonymous_22)
FNDA:0,(anonymous_23)
FNDA:0,(anonymous_24)
FNDA:0,(anonymous_25)
FNDA:0,(anonymous_26)
FNDA:0,(anonymous_27)
FNDA:0,(anonymous_28)
FNDA:0,(anonymous_29)
FNDA:0,(anonymous_30)
FNDA:0,(anonymous_31)
FNDA:0,(anonymous_32)
FNDA:0,(anonymous_33)
FNDA:0,(anonymous_34)
FNDA:0,(anonymous_35)
FNDA:0,(anonymous_36)
FNDA:0,(anonymous_37)
FNDA:0,(anonymous_38)
FNDA:0,(anonymous_39)
FNDA:0,(anonymous_40)
FNDA:0,(anonymous_41)
FNDA:0,(anonymous_42)
FNDA:0,(anonymous_43)
FNDA:0,(anonymous_44)
FNDA:0,(anonymous_45)
FNDA:0,(anonymous_46)
FNDA:0,(anonymous_47)
FNDA:0,(anonymous_48)
FNDA:0,(anonymous_49)
FNDA:0,(anonymous_50)
FNDA:0,(anonymous_51)
FNDA:0,(anonymous_52)
FNDA:0,(anonymous_53)
FNDA:0,(anonymous_54)
FNDA:0,(anonymous_55)
FNDA:0,(anonymous_56)
FNDA:0,(anonymous_57)
FNDA:0,(anonymous_58)
FNDA:0,(anonymous_59)
FNDA:0,(anonymous_60)
FNDA:0,(anonymous_61)
FNDA:0,(anonymous_62)
FNDA:0,(anonymous_63)
FNDA:0,(anonymous_64)
FNDA:0,(anonymous_65)
FNDA:0,(anonymous_66)
FNDA:0,(anonymous_67)
FNDA:0,(anonymous_68)
FNDA:0,(anonymous_69)
FNDA:0,(anonymous_70)
FNDA:0,(anonymous_71)
FNDA:0,(anonymous_72)
FNDA:0,(anonymous_73)
DA:3,0
DA:4,0
DA:5,0
DA:6,0
DA:7,0
DA:8,0
DA:9,0
DA:10,0
DA:11,0
DA:12,0
DA:13,0
DA:14,0
DA:18,0
DA:28,0
DA:29,0
DA:30,0
DA:31,0
DA:32,0
DA:34,0
DA:35,0
DA:36,0
DA:37,0
DA:38,0
DA:39,0
DA:40,0
DA:41,0
DA:42,0
DA:43,0
DA:44,0
DA:45,0
DA:46,0
DA:47,0
DA:48,0
DA:50,0
DA:52,0
DA:53,0
DA:54,0
DA:55,0
DA:56,0
DA:57,0
DA:58,0
DA:61,0
DA:62,0
DA:63,0
DA:64,0
DA:65,0
DA:67,0
DA:70,0
DA:71,0
DA:72,0
DA:73,0
DA:74,0
DA:75,0
DA:76,0
DA:77,0
DA:78,0
DA:79,0
DA:84,0
DA:85,0
DA:86,0
DA:88,0
DA:89,0
DA:90,0
DA:92,0
DA:95,0
DA:96,0
DA:97,0
DA:106,0
DA:107,0
DA:108,0
DA:109,0
DA:110,0
DA:111,0
DA:118,0
DA:123,0
DA:124,0
DA:127,0
DA:128,0
DA:129,0
DA:134,0
DA:135,0
DA:136,0
DA:140,0
DA:141,0
DA:142,0
DA:144,0
DA:145,0
DA:146,0
DA:150,0
DA:151,0
DA:152,0
DA:153,0
DA:156,0
DA:157,0
DA:158,0
DA:159,0
DA:162,0
DA:163,0
DA:164,0
DA:165,0
DA:169,0
DA:170,0
DA:171,0
DA:172,0
DA:173,0
DA:179,0
DA:243,0
DA:244,0
DA:245,0
DA:248,0
DA:251,0
DA:252,0
DA:253,0
DA:254,0
DA:255,0
DA:256,0
DA:260,0
DA:261,0
DA:262,0
DA:263,0
DA:264,0
DA:265,0
DA:269,0
DA:270,0
DA:271,0
DA:274,0
DA:279,0
DA:280,0
DA:281,0
DA:283,0
DA:284,0
DA:285,0
DA:289,0
DA:290,0
DA:291,0
DA:292,0
DA:295,0
DA:299,0
DA:300,0
DA:301,0
DA:302,0
DA:306,0
DA:307,0
DA:308,0
DA:309,0
DA:313,0
DA:314,0
DA:316,0
DA:319,0
DA:322,0
DA:323,0
DA:325,0
DA:333,0
DA:334,0
DA:335,0
DA:338,0
DA:341,0
DA:354,0
DA:372,0
DA:375,0
DA:378,0
DA:380,0
DA:389,0
DA:392,0
DA:397,0
DA:398,0
DA:400,0
DA:404,0
DA:406,0
DA:407,0
DA:409,0
DA:412,0
DA:413,0
DA:416,0
DA:417,0
DA:423,0
DA:424,0
DA:425,0
DA:428,0
DA:430,0
DA:431,0
DA:432,0
DA:433,0
DA:436,0
DA:437,0
DA:440,0
DA:442,0
DA:454,0
DA:456,0
DA:465,0
DA:468,0
DA:473,0
DA:474,0
DA:476,0
DA:480,0
DA:481,0
DA:483,0
DA:484,0
DA:486,0
DA:489,0
DA:490,0
DA:493,0
DA:494,0
DA:500,0
DA:501,0
DA:502,0
DA:506,0
DA:508,0
DA:509,0
DA:511,0
DA:514,0
DA:515,0
DA:516,0
DA:525,0
DA:526,0
DA:527,0
DA:529,0
DA:530,0
DA:533,0
DA:543,0
DA:552,0
DA:553,0
DA:557,0
DA:562,0
DA:564,0
DA:565,0
DA:568,0
DA:578,0
DA:579,0
DA:580,0
DA:581,0
DA:582,0
DA:587,0
DA:590,0
DA:591,0
DA:594,0
DA:597,0
DA:601,0
DA:603,0
DA:612,0
DA:613,0
DA:614,0
DA:615,0
DA:616,0
DA:621,0
DA:622,0
DA:628,0
DA:632,0
DA:633,0
DA:634,0
DA:635,0
DA:636,0
DA:639,0
DA:640,0
DA:641,0
DA:644,0
DA:646,0
DA:647,0
DA:649,0
DA:652,0
DA:655,0
DA:662,0
DA:665,0
DA:670,0
DA:671,0
DA:673,0
DA:677,0
DA:678,0
DA:680,0
DA:681,0
DA:683,0
DA:686,0
DA:689,0
DA:690,0
DA:693,0
DA:694,0
DA:711,0
DA:714,0
DA:715,0
DA:716,0
DA:717,0
DA:718,0
DA:725,0
DA:726,0
DA:728,0
DA:735,0
DA:738,0
DA:739,0
DA:741,0
DA:750,0
DA:753,0
DA:754,0
DA:756,0
DA:761,0
DA:765,0
DA:771,0
DA:772,0
DA:773,0
DA:777,0
DA:778,0
DA:779,0
DA:780,0
DA:781,0
DA:782,0
DA:783,0
DA:784,0
DA:785,0
DA:788,0
DA:789,0
DA:790,0
DA:792,0
DA:793,0
DA:794,0
DA:795,0
DA:796,0
DA:799,0
DA:803,0
DA:804,0
DA:805,0
DA:806,0
DA:807,0
DA:810,0
DA:811,0
DA:814,0
DA:815,0
DA:816,0
DA:819,0
DA:820,0
DA:821,0
DA:822,0
DA:823,0
DA:826,0
DA:827,0
DA:828,0
DA:829,0
DA:830,0
DA:831,0
DA:834,0
DA:837,0
DA:840,0
DA:847,0
DA:849,0
DA:850,0
DA:851,0
DA:852,0
DA:856,0
DA:857,0
DA:858,0
DA:862,0
DA:867,0
DA:883,0
DA:884,0
DA:891,0
DA:928,0
DA:953,0
DA:976,0
DA:985,0
DA:1009,0
DA:1052,0
DA:1053,0
DA:1055,0
DA:1058,0
DA:1059,0
DA:1063,0
DA:1064,0
DA:1067,0
DA:1069,0
DA:1070,0
DA:1071,0
DA:1073,0
DA:1075,0
DA:1087,0
DA:1088,0
DA:1090,0
DA:1091,0
DA:1095,0
DA:1096,0
DA:1099,0
DA:1100,0
DA:1102,0
DA:1103,0
DA:1106,0
DA:1136,0
DA:1144,0
DA:1179,0
DA:1203,0
DA:1211,0
DA:1213,0
DA:1258,0
DA:1282,0
DA:1290,0
DA:1292,0
DA:1337,0
DA:1361,0
DA:1369,0
DA:1371,0
LF:396
LH:0
BRDA:53,0,0,0
BRDA:53,0,1,0
BRDA:54,1,0,0
BRDA:54,1,1,0
BRDA:55,2,0,0
BRDA:55,2,1,0
BRDA:56,3,0,0
BRDA:56,3,1,0
BRDA:57,4,0,0
BRDA:57,4,1,0
BRDA:58,5,0,0
BRDA:58,5,1,0
BRDA:63,6,0,0
BRDA:63,6,1,0
BRDA:64,7,0,0
BRDA:64,7,1,0
BRDA:71,8,0,0
BRDA:71,8,1,0
BRDA:72,9,0,0
BRDA:72,9,1,0
BRDA:73,10,0,0
BRDA:73,10,1,0
BRDA:74,11,0,0
BRDA:74,11,1,0
BRDA:75,12,0,0
BRDA:75,12,1,0
BRDA:76,13,0,0
BRDA:76,13,1,0
BRDA:77,14,0,0
BRDA:77,14,1,0
BRDA:78,15,0,0
BRDA:78,15,1,0
BRDA:79,16,0,0
BRDA:79,16,1,0
BRDA:89,17,0,0
BRDA:89,17,1,0
BRDA:90,18,0,0
BRDA:90,18,1,0
BRDA:92,19,0,0
BRDA:92,19,1,0
BRDA:110,20,0,0
BRDA:110,20,1,0
BRDA:120,21,0,0
BRDA:120,21,1,0
BRDA:120,22,0,0
BRDA:120,22,1,0
BRDA:128,23,0,0
BRDA:128,23,1,0
BRDA:136,24,0,0
BRDA:136,24,1,0
BRDA:136,25,0,0
BRDA:136,25,1,0
BRDA:142,26,0,0
BRDA:142,26,1,0
BRDA:144,27,0,0
BRDA:144,27,1,0
BRDA:145,28,0,0
BRDA:145,28,1,0
BRDA:146,29,0,0
BRDA:146,29,1,0
BRDA:152,30,0,0
BRDA:152,30,1,0
BRDA:158,31,0,0
BRDA:158,31,1,0
BRDA:164,32,0,0
BRDA:164,32,1,0
BRDA:170,33,0,0
BRDA:170,33,1,0
BRDA:245,34,0,0
BRDA:245,34,1,0
BRDA:252,35,0,0
BRDA:252,35,1,0
BRDA:255,36,0,0
BRDA:255,36,1,0
BRDA:261,37,0,0
BRDA:261,37,1,0
BRDA:264,38,0,0
BRDA:264,38,1,0
BRDA:279,39,0,0
BRDA:279,39,1,0
BRDA:285,40,0,0
BRDA:285,40,1,0
BRDA:292,41,0,0
BRDA:292,41,1,0
BRDA:301,42,0,0
BRDA:301,42,1,0
BRDA:308,43,0,0
BRDA:308,43,1,0
BRDA:308,44,0,0
BRDA:308,44,1,0
BRDA:313,45,0,0
BRDA:313,45,1,0
BRDA:313,46,0,0
BRDA:313,46,1,0
BRDA:375,47,0,0
BRDA:375,47,1,0
BRDA:378,48,0,0
BRDA:378,48,1,0
BRDA:397,49,0,0
BRDA:397,49,1,0
BRDA:406,50,0,0
BRDA:406,50,1,0
BRDA:406,51,0,0
BRDA:406,51,1,0
BRDA:416,52,0,0
BRDA:416,52,1,0
BRDA:416,53,0,0
BRDA:416,53,1,0
BRDA:430,54,0,0
BRDA:430,54,1,0
BRDA:473,55,0,0
BRDA:473,55,1,0
BRDA:483,56,0,0
BRDA:483,56,1,0
BRDA:483,57,0,0
BRDA:483,57,1,0
BRDA:493,58,0,0
BRDA:493,58,1,0
BRDA:493,59,0,0
BRDA:493,59,1,0
BRDA:527,60,0,0
BRDA:527,60,1,0
BRDA:562,61,0,0
BRDA:562,61,1,0
BRDA:562,62,0,0
BRDA:562,62,1,0
BRDA:562,62,2,0
BRDA:562,62,3,0
BRDA:581,63,0,0
BRDA:581,63,1,0
BRDA:590,64,0,0
BRDA:590,64,1,0
BRDA:590,65,0,0
BRDA:590,65,1,0
BRDA:601,66,0,0
BRDA:601,66,1,0
BRDA:615,67,0,0
BRDA:615,67,1,0
BRDA:633,68,0,0
BRDA:633,68,1,0
BRDA:633,69,0,0
BRDA:633,69,1,0
BRDA:646,70,0,0
BRDA:646,70,1,0
BRDA:670,71,0,0
BRDA:670,71,1,0
BRDA:680,72,0,0
BRDA:680,72,1,0
BRDA:680,73,0,0
BRDA:680,73,1,0
BRDA:717,74,0,0
BRDA:717,74,1,0
BRDA:725,75,0,0
BRDA:725,75,1,0
BRDA:725,76,0,0
BRDA:725,76,1,0
BRDA:738,77,0,0
BRDA:738,77,1,0
BRDA:738,78,0,0
BRDA:738,78,1,0
BRDA:753,79,0,0
BRDA:753,79,1,0
BRDA:753,80,0,0
BRDA:753,80,1,0
BRDA:771,81,0,0
BRDA:771,81,1,0
BRDA:850,82,0,0
BRDA:850,82,1,0
BRDA:850,83,0,0
BRDA:850,83,1,0
BRDA:856,84,0,0
BRDA:856,84,1,0
BRDA:856,85,0,0
BRDA:856,85,1,0
BRDA:862,86,0,0
BRDA:862,86,1,0
BRDA:887,87,0,0
BRDA:887,87,1,0
BRDA:893,88,0,0
BRDA:893,88,1,0
BRDA:915,89,0,0
BRDA:915,89,1,0
BRDA:968,90,0,0
BRDA:968,90,1,0
BRDA:974,91,0,0
BRDA:974,91,1,0
BRDA:974,91,2,0
BRDA:990,92,0,0
BRDA:990,92,1,0
BRDA:994,93,0,0
BRDA:994,93,1,0
BRDA:1006,94,0,0
BRDA:1006,94,1,0
BRDA:1046,95,0,0
BRDA:1046,95,1,0
BRDA:1050,96,0,0
BRDA:1050,96,1,0
BRDA:1052,97,0,0
BRDA:1052,97,1,0
BRDA:1058,98,0,0
BRDA:1058,98,1,0
BRDA:1067,99,0,0
BRDA:1067,99,1,0
BRDA:1071,100,0,0
BRDA:1071,100,1,0
BRDA:1073,101,0,0
BRDA:1073,101,1,0
BRDA:1081,102,0,0
BRDA:1081,102,1,0
BRDA:1085,103,0,0
BRDA:1085,103,1,0
BRDA:1087,104,0,0
BRDA:1087,104,1,0
BRDA:1090,105,0,0
BRDA:1090,105,1,0
BRDA:1099,106,0,0
BRDA:1099,106,1,0
BRDA:1103,107,0,0
BRDA:1103,107,1,0
BRDA:1112,108,0,0
BRDA:1112,108,1,0
BRDA:1121,109,0,0
BRDA:1121,109,1,0
BRDA:1121,110,0,0
BRDA:1121,110,1,0
BRDA:1125,111,0,0
BRDA:1125,111,1,0
BRDA:1136,112,0,0
BRDA:1136,112,1,0
BRDA:1144,113,0,0
BRDA:1144,113,1,0
BRDA:1152,114,0,0
BRDA:1152,114,1,0
BRDA:1157,115,0,0
BRDA:1157,115,1,0
BRDA:1158,116,0,0
BRDA:1158,116,1,0
BRDA:1182,117,0,0
BRDA:1182,117,1,0
BRDA:1196,118,0,0
BRDA:1196,118,1,0
BRDA:1215,119,0,0
BRDA:1215,119,1,0
BRDA:1225,120,0,0
BRDA:1225,120,1,0
BRDA:1231,121,0,0
BRDA:1231,121,1,0
BRDA:1236,122,0,0
BRDA:1236,122,1,0
BRDA:1237,123,0,0
BRDA:1237,123,1,0
BRDA:1261,124,0,0
BRDA:1261,124,1,0
BRDA:1275,125,0,0
BRDA:1275,125,1,0
BRDA:1294,126,0,0
BRDA:1294,126,1,0
BRDA:1310,127,0,0
BRDA:1310,127,1,0
BRDA:1315,128,0,0
BRDA:1315,128,1,0
BRDA:1316,129,0,0
BRDA:1316,129,1,0
BRDA:1340,130,0,0
BRDA:1340,130,1,0
BRDA:1354,131,0,0
BRDA:1354,131,1,0
BRDA:1373,132,0,0
BRDA:1373,132,1,0
BRF:269
BRH:0
end_of_record
TN:
SF:src\pages\HelpPage.tsx
FN:36,HelpPage
FN:309,(anonymous_1)
FN:317,(anonymous_2)
FN:326,(anonymous_3)
FN:329,(anonymous_4)
FN:495,(anonymous_5)
FN:496,(anonymous_6)
FN:499,(anonymous_7)
FN:500,(anonymous_8)
FN:505,(anonymous_9)
FN:509,(anonymous_10)
FN:517,(anonymous_11)
FN:518,(anonymous_12)
FN:534,(anonymous_13)
FN:536,(anonymous_14)
FN:545,(anonymous_15)
FN:566,(anonymous_16)
FN:584,(anonymous_17)
FN:633,(anonymous_18)
FN:658,(anonymous_19)
FN:673,(anonymous_20)
FN:705,(anonymous_21)
FN:709,(anonymous_22)
FN:742,(anonymous_23)
FN:745,(anonymous_24)
FN:767,(anonymous_25)
FN:772,(anonymous_26)
FN:830,(anonymous_27)
FN:860,(anonymous_28)
FN:890,(anonymous_29)
FN:915,(anonymous_30)
FN:1076,(anonymous_31)
FN:1082,(anonymous_32)
FN:1090,(anonymous_33)
FNF:34
FNH:0
FNDA:0,HelpPage
FNDA:0,(anonymous_1)
FNDA:0,(anonymous_2)
FNDA:0,(anonymous_3)
FNDA:0,(anonymous_4)
FNDA:0,(anonymous_5)
FNDA:0,(anonymous_6)
FNDA:0,(anonymous_7)
FNDA:0,(anonymous_8)
FNDA:0,(anonymous_9)
FNDA:0,(anonymous_10)
FNDA:0,(anonymous_11)
FNDA:0,(anonymous_12)
FNDA:0,(anonymous_13)
FNDA:0,(anonymous_14)
FNDA:0,(anonymous_15)
FNDA:0,(anonymous_16)
FNDA:0,(anonymous_17)
FNDA:0,(anonymous_18)
FNDA:0,(anonymous_19)
FNDA:0,(anonymous_20)
FNDA:0,(anonymous_21)
FNDA:0,(anonymous_22)
FNDA:0,(anonymous_23)
FNDA:0,(anonymous_24)
FNDA:0,(anonymous_25)
FNDA:0,(anonymous_26)
FNDA:0,(anonymous_27)
FNDA:0,(anonymous_28)
FNDA:0,(anonymous_29)
FNDA:0,(anonymous_30)
FNDA:0,(anonymous_31)
FNDA:0,(anonymous_32)
FNDA:0,(anonymous_33)
DA:3,0
DA:4,0
DA:5,0
DA:6,0
DA:7,0
DA:8,0
DA:9,0
DA:34,0
DA:36,0
DA:37,0
DA:38,0
DA:39,0
DA:40,0
DA:41,0
DA:43,0
DA:53,0
DA:88,0
DA:310,0
DA:318,0
DA:327,0
DA:330,0
DA:402,0
DA:495,0
DA:496,0
DA:499,0
DA:500,0
DA:501,0
DA:502,0
DA:505,0
DA:509,0
DA:510,0
DA:511,0
DA:512,0
DA:517,0
DA:518,0
DA:519,0
DA:520,0
DA:522,0
DA:524,0
DA:525,0
DA:526,0
DA:527,0
DA:528,0
DA:529,0
DA:533,0
DA:534,0
DA:535,0
DA:536,0
DA:537,0
DA:538,0
DA:540,0
DA:544,0
DA:545,0
DA:549,0
DA:550,0
DA:551,0
DA:566,0
DA:584,0
DA:600,0
DA:634,0
DA:635,0
DA:658,0
DA:674,0
DA:675,0
DA:706,0
DA:709,0
DA:743,0
DA:745,0
DA:767,0
DA:773,0
DA:830,0
DA:860,0
DA:890,0
DA:916,0
DA:917,0
DA:1076,0
DA:1082,0
DA:1090,0
LF:78
LH:0
BRDA:495,0,0,0
BRDA:495,0,1,0
BRDA:496,1,0,0
BRDA:496,1,1,0
BRDA:510,2,0,0
BRDA:510,2,1,0
BRDA:510,3,0,0
BRDA:510,3,1,0
BRDA:522,4,0,0
BRDA:522,4,1,0
BRDA:524,5,0,0
BRDA:524,5,1,0
BRDA:524,6,0,0
BRDA:524,6,1,0
BRDA:527,7,0,0
BRDA:527,7,1,0
BRDA:527,8,0,0
BRDA:527,8,1,0
BRDA:535,9,0,0
BRDA:535,9,1,0
BRDA:549,10,0,0
BRDA:549,10,1,0
BRDA:549,11,0,0
BRDA:549,11,1,0
BRDA:649,12,0,0
BRDA:649,12,1,0
BRDA:655,13,0,0
BRDA:655,13,1,0
BRDA:747,14,0,0
BRDA:747,14,1,0
BRDA:765,15,0,0
BRDA:765,15,1,0
BRDA:782,16,0,0
BRDA:782,16,1,0
BRDA:1059,17,0,0
BRDA:1059,17,1,0
BRF:36
BRH:0
end_of_record
TN:
SF:src\pages\HomePage.tsx
FN:9,HomePage
FNF:1
FNH:0
FNDA:0,HomePage
DA:3,0
DA:4,0
DA:5,0
DA:6,0
DA:7,0
DA:9,0
DA:10,0
LF:7
LH:0
BRF:0
BRH:0
end_of_record
TN:
SF:src\pages\LandingPage.tsx
FN:23,LandingPage
FN:28,(anonymous_1)
FN:30,(anonymous_2)
FN:39,(anonymous_3)
FN:77,(anonymous_4)
FNF:5
FNH:0
FNDA:0,LandingPage
FNDA:0,(anonymous_1)
FNDA:0,(anonymous_2)
FNDA:0,(anonymous_3)
FNDA:0,(anonymous_4)
DA:3,0
DA:4,0
DA:5,0
DA:6,0
DA:19,0
DA:20,0
DA:21,0
DA:23,0
DA:24,0
DA:25,0
DA:26,0
DA:28,0
DA:29,0
DA:30,0
DA:31,0
DA:32,0
DA:33,0
DA:35,0
DA:39,0
DA:42,0
DA:77,0
LF:21
LH:0
BRDA:31,0,0,0
BRDA:31,0,1,0
BRDA:77,1,0,0
BRDA:77,1,1,0
BRDA:80,2,0,0
BRDA:80,2,1,0
BRF:6
BRH:0
end_of_record
TN:
SF:src\pages\LoginPage.tsx
FN:9,LoginPage
FN:23,(anonymous_1)
FN:37,(anonymous_2)
FN:41,(anonymous_3)
FN:48,(anonymous_4)
FN:51,(anonymous_5)
FN:88,(anonymous_6)
FN:100,(anonymous_7)
FN:185,(anonymous_8)
FN:197,(anonymous_9)
FN:245,(anonymous_10)
FN:267,(anonymous_11)
FN:282,(anonymous_12)
FN:290,(anonymous_13)
FN:305,(anonymous_14)
FN:316,(anonymous_15)
FN:320,(anonymous_16)
FN:322,(anonymous_17)
FN:330,(anonymous_18)
FN:366,(anonymous_19)
FN:376,(anonymous_20)
FN:387,(anonymous_21)
FN:392,(anonymous_22)
FN:396,(anonymous_23)
FN:398,(anonymous_24)
FN:450,(anonymous_25)
FN:454,(anonymous_26)
FN:456,(anonymous_27)
FNF:28
FNH:0
FNDA:0,LoginPage
FNDA:0,(anonymous_1)
FNDA:0,(anonymous_2)
FNDA:0,(anonymous_3)
FNDA:0,(anonymous_4)
FNDA:0,(anonymous_5)
FNDA:0,(anonymous_6)
FNDA:0,(anonymous_7)
FNDA:0,(anonymous_8)
FNDA:0,(anonymous_9)
FNDA:0,(anonymous_10)
FNDA:0,(anonymous_11)
FNDA:0,(anonymous_12)
FNDA:0,(anonymous_13)
FNDA:0,(anonymous_14)
FNDA:0,(anonymous_15)
FNDA:0,(anonymous_16)
FNDA:0,(anonymous_17)
FNDA:0,(anonymous_18)
FNDA:0,(anonymous_19)
FNDA:0,(anonymous_20)
FNDA:0,(anonymous_21)
FNDA:0,(anonymous_22)
FNDA:0,(anonymous_23)
FNDA:0,(anonymous_24)
FNDA:0,(anonymous_25)
FNDA:0,(anonymous_26)
FNDA:0,(anonymous_27)
DA:1,0
DA:2,0
DA:3,0
DA:4,0
DA:5,0
DA:6,0
DA:7,0
DA:9,0
DA:10,0
DA:11,0
DA:12,0
DA:13,0
DA:14,0
DA:15,0
DA:16,0
DA:17,0
DA:18,0
DA:19,0
DA:20,0
DA:21,0
DA:22,0
DA:23,0
DA:24,0
DA:25,0
DA:28,0
DA:35,0
DA:37,0
DA:38,0
DA:39,0
DA:41,0
DA:42,0
DA:43,0
DA:47,0
DA:48,0
DA:51,0
DA:52,0
DA:53,0
DA:54,0
DA:57,0
DA:58,0
DA:60,0
DA:65,0
DA:67,0
DA:69,0
DA:70,0
DA:71,0
DA:73,0
DA:74,0
DA:75,0
DA:77,0
DA:78,0
DA:81,0
DA:82,0
DA:88,0
DA:89,0
DA:96,0
DA:97,0
DA:100,0
DA:101,0
DA:102,0
DA:103,0
DA:104,0
DA:108,0
DA:109,0
DA:110,0
DA:111,0
DA:114,0
DA:115,0
DA:116,0
DA:120,0
DA:127,0
DA:130,0
DA:136,0
DA:137,0
DA:142,0
DA:144,0
DA:146,0
DA:147,0
DA:150,0
DA:151,0
DA:153,0
DA:154,0
DA:157,0
DA:158,0
DA:161,0
DA:162,0
DA:163,0
DA:164,0
DA:167,0
DA:169,0
DA:170,0
DA:171,0
DA:172,0
DA:173,0
DA:176,0
DA:177,0
DA:180,0
DA:181,0
DA:185,0
DA:186,0
DA:187,0
DA:188,0
DA:191,0
DA:192,0
DA:193,0
DA:194,0
DA:197,0
DA:198,0
DA:199,0
DA:200,0
DA:203,0
DA:246,0
DA:247,0
DA:267,0
DA:282,0
DA:290,0
DA:305,0
DA:316,0
DA:320,0
DA:322,0
DA:331,0
DA:332,0
DA:366,0
DA:376,0
DA:388,0
DA:389,0
DA:390,0
DA:392,0
DA:396,0
DA:398,0
DA:450,0
DA:454,0
DA:456,0
LF:133
LH:0
BRDA:23,0,0,0
BRDA:23,0,1,0
BRDA:39,1,0,0
BRDA:39,1,1,0
BRDA:42,2,0,0
BRDA:42,2,1,0
BRDA:43,3,0,0
BRDA:43,3,1,0
BRDA:52,4,0,0
BRDA:52,4,1,0
BRDA:52,5,0,0
BRDA:52,5,1,0
BRDA:67,6,0,0
BRDA:67,6,1,0
BRDA:69,7,0,0
BRDA:69,7,1,0
BRDA:70,8,0,0
BRDA:70,8,1,0
BRDA:71,9,0,0
BRDA:71,9,1,0
BRDA:82,10,0,0
BRDA:82,10,1,0
BRDA:102,11,0,0
BRDA:102,11,1,0
BRDA:102,12,0,0
BRDA:102,12,1,0
BRDA:102,12,2,0
BRDA:102,12,3,0
BRDA:108,13,0,0
BRDA:108,13,1,0
BRDA:114,14,0,0
BRDA:114,14,1,0
BRDA:130,15,0,0
BRDA:130,15,1,0
BRDA:130,16,0,0
BRDA:130,16,1,0
BRDA:130,16,2,0
BRDA:130,16,3,0
BRDA:144,17,0,0
BRDA:144,17,1,0
BRDA:146,18,0,0
BRDA:146,18,1,0
BRDA:150,19,0,0
BRDA:150,19,1,0
BRDA:153,20,0,0
BRDA:153,20,1,0
BRDA:153,21,0,0
BRDA:153,21,1,0
BRDA:154,22,0,0
BRDA:154,22,1,0
BRDA:177,23,0,0
BRDA:177,23,1,0
BRDA:181,24,0,0
BRDA:181,24,1,0
BRDA:186,25,0,0
BRDA:186,25,1,0
BRDA:199,26,0,0
BRDA:199,26,1,0
BRDA:242,27,0,0
BRDA:242,27,1,0
BRDA:280,28,0,0
BRDA:280,28,1,0
BRDA:288,29,0,0
BRDA:288,29,1,0
BRDA:296,30,0,0
BRDA:296,30,1,0
BRDA:312,31,0,0
BRDA:312,31,1,0
BRDA:319,32,0,0
BRDA:319,32,1,0
BRDA:357,33,0,0
BRDA:357,33,1,0
BRDA:383,34,0,0
BRDA:383,34,1,0
BRDA:395,35,0,0
BRDA:395,35,1,0
BRDA:404,36,0,0
BRDA:404,36,1,0
BRDA:404,36,2,0
BRDA:404,36,3,0
BRDA:408,37,0,0
BRDA:408,37,1,0
BRDA:409,38,0,0
BRDA:409,38,1,0
BRDA:412,39,0,0
BRDA:412,39,1,0
BRDA:413,40,0,0
BRDA:413,40,1,0
BRDA:416,41,0,0
BRDA:416,41,1,0
BRDA:417,42,0,0
BRDA:417,42,1,0
BRDA:420,43,0,0
BRDA:420,43,1,0
BRDA:421,44,0,0
BRDA:421,44,1,0
BRDA:424,45,0,0
BRDA:424,45,1,0
BRDA:425,46,0,0
BRDA:425,46,1,0
BRDA:433,47,0,0
BRDA:433,47,1,0
BRDA:433,47,2,0
BRDA:433,47,3,0
BRDA:446,48,0,0
BRDA:446,48,1,0
BRDA:453,49,0,0
BRDA:453,49,1,0
BRDA:461,50,0,0
BRDA:461,50,1,0
BRDA:462,51,0,0
BRDA:462,51,1,0
BRDA:463,52,0,0
BRDA:463,52,1,0
BRDA:486,53,0,0
BRDA:486,53,1,0
BRF:116
BRH:0
end_of_record
TN:
SF:src\pages\MarketplacePage.tsx
FN:17,(anonymous_0)
FN:18,(anonymous_1)
FN:19,(anonymous_2)
FN:21,(anonymous_3)
FN:28,(anonymous_4)
FN:36,(anonymous_5)
FN:42,MarketplacePage
FN:72,(anonymous_7)
FN:86,(anonymous_8)
FN:94,(anonymous_9)
FN:101,(anonymous_10)
FN:103,(anonymous_11)
FN:116,(anonymous_12)
FN:143,(anonymous_13)
FN:152,(anonymous_14)
FN:157,(anonymous_15)
FN:163,(anonymous_16)
FN:164,(anonymous_17)
FN:170,(anonymous_18)
FN:186,(anonymous_19)
FN:194,(anonymous_20)
FN:224,(anonymous_21)
FN:248,(anonymous_22)
FN:248,(anonymous_23)
FN:261,(anonymous_24)
FN:268,(anonymous_25)
FN:282,(anonymous_26)
FN:286,(anonymous_27)
FN:293,(anonymous_28)
FN:323,(anonymous_29)
FN:335,(anonymous_30)
FN:343,(anonymous_31)
FN:357,(anonymous_32)
FN:361,(anonymous_33)
FN:369,(anonymous_34)
FN:386,(anonymous_35)
FN:410,(anonymous_36)
FN:424,(anonymous_37)
FN:458,(anonymous_38)
FN:469,(anonymous_39)
FN:494,(anonymous_40)
FN:512,(anonymous_41)
FN:518,(anonymous_42)
FN:535,(anonymous_43)
FN:546,(anonymous_44)
FNF:45
FNH:0
FNDA:0,(anonymous_0)
FNDA:0,(anonymous_1)
FNDA:0,(anonymous_2)
FNDA:0,(anonymous_3)
FNDA:0,(anonymous_4)
FNDA:0,(anonymous_5)
FNDA:0,MarketplacePage
FNDA:0,(anonymous_7)
FNDA:0,(anonymous_8)
FNDA:0,(anonymous_9)
FNDA:0,(anonymous_10)
FNDA:0,(anonymous_11)
FNDA:0,(anonymous_12)
FNDA:0,(anonymous_13)
FNDA:0,(anonymous_14)
FNDA:0,(anonymous_15)
FNDA:0,(anonymous_16)
FNDA:0,(anonymous_17)
FNDA:0,(anonymous_18)
FNDA:0,(anonymous_19)
FNDA:0,(anonymous_20)
FNDA:0,(anonymous_21)
FNDA:0,(anonymous_22)
FNDA:0,(anonymous_23)
FNDA:0,(anonymous_24)
FNDA:0,(anonymous_25)
FNDA:0,(anonymous_26)
FNDA:0,(anonymous_27)
FNDA:0,(anonymous_28)
FNDA:0,(anonymous_29)
FNDA:0,(anonymous_30)
FNDA:0,(anonymous_31)
FNDA:0,(anonymous_32)
FNDA:0,(anonymous_33)
FNDA:0,(anonymous_34)
FNDA:0,(anonymous_35)
FNDA:0,(anonymous_36)
FNDA:0,(anonymous_37)
FNDA:0,(anonymous_38)
FNDA:0,(anonymous_39)
FNDA:0,(anonymous_40)
FNDA:0,(anonymous_41)
FNDA:0,(anonymous_42)
FNDA:0,(anonymous_43)
FNDA:0,(anonymous_44)
DA:1,0
DA:2,0
DA:3,0
DA:4,0
DA:5,0
DA:6,0
DA:8,0
DA:10,0
DA:17,0
DA:18,0
DA:19,0
DA:20,0
DA:21,0
DA:22,0
DA:23,0
DA:28,0
DA:29,0
DA:30,0
DA:34,0
DA:36,0
DA:37,0
DA:42,0
DA:43,0
DA:45,0
DA:46,0
DA:47,0
DA:48,0
DA:49,0
DA:50,0
DA:51,0
DA:52,0
DA:53,0
DA:54,0
DA:55,0
DA:56,0
DA:57,0
DA:58,0
DA:59,0
DA:60,0
DA:63,0
DA:64,0
DA:72,0
DA:73,0
DA:74,0
DA:75,0
DA:76,0
DA:77,0
DA:79,0
DA:80,0
DA:82,0
DA:86,0
DA:87,0
DA:88,0
DA:89,0
DA:91,0
DA:94,0
DA:95,0
DA:96,0
DA:97,0
DA:98,0
DA:101,0
DA:102,0
DA:104,0
DA:105,0
DA:113,0
DA:116,0
DA:117,0
DA:118,0
DA:120,0
DA:121,0
DA:124,0
DA:125,0
DA:126,0
DA:127,0
DA:130,0
DA:131,0
DA:132,0
DA:133,0
DA:136,0
DA:137,0
DA:138,0
DA:139,0
DA:143,0
DA:145,0
DA:146,0
DA:148,0
DA:152,0
DA:153,0
DA:157,0
DA:158,0
DA:159,0
DA:163,0
DA:164,0
DA:165,0
DA:166,0
DA:169,0
DA:170,0
DA:171,0
DA:172,0
DA:177,0
DA:178,0
DA:184,0
DA:186,0
DA:187,0
DA:188,0
DA:192,0
DA:194,0
DA:195,0
DA:200,0
DA:201,0
DA:212,0
DA:213,0
DA:225,0
DA:226,0
DA:237,0
DA:248,0
DA:262,0
DA:268,0
DA:282,0
DA:287,0
DA:293,0
DA:323,0
DA:336,0
DA:343,0
DA:357,0
DA:362,0
DA:369,0
DA:386,0
DA:410,0
DA:425,0
DA:458,0
DA:470,0
DA:495,0
DA:496,0
DA:497,0
DA:498,0
DA:512,0
DA:520,0
DA:521,0
DA:522,0
DA:523,0
DA:524,0
DA:525,0
DA:527,0
DA:530,0
DA:535,0
DA:546,0
LF:147
LH:0
BRDA:22,0,0,0
BRDA:22,0,1,0
BRDA:29,1,0,0
BRDA:29,1,1,0
BRDA:116,2,0,0
BRDA:116,3,0,0
BRDA:116,4,0,0
BRDA:116,5,0,0
BRDA:124,6,0,0
BRDA:124,6,1,0
BRDA:125,7,0,0
BRDA:125,7,1,0
BRDA:126,8,0,0
BRDA:126,8,1,0
BRDA:131,9,0,0
BRDA:131,9,1,0
BRDA:145,10,0,0
BRDA:145,10,1,0
BRDA:165,11,0,0
BRDA:165,11,1,0
BRDA:171,12,0,0
BRDA:171,12,1,0
BRDA:177,13,0,0
BRDA:177,13,1,0
BRDA:187,14,0,0
BRDA:187,14,1,0
BRDA:200,15,0,0
BRDA:200,15,1,0
BRDA:200,16,0,0
BRDA:200,16,1,0
BRDA:200,16,2,0
BRDA:212,17,0,0
BRDA:212,17,1,0
BRDA:212,18,0,0
BRDA:212,18,1,0
BRDA:243,19,0,0
BRDA:243,19,1,0
BRDA:249,20,0,0
BRDA:249,20,1,0
BRDA:251,21,0,0
BRDA:251,21,1,0
BRDA:257,22,0,0
BRDA:257,22,1,0
BRDA:266,23,0,0
BRDA:266,23,1,0
BRDA:280,24,0,0
BRDA:280,24,1,0
BRDA:291,25,0,0
BRDA:291,25,1,0
BRDA:288,26,0,0
BRDA:288,26,1,0
BRDA:298,27,0,0
BRDA:298,27,1,0
BRDA:303,28,0,0
BRDA:303,28,1,0
BRDA:303,28,2,0
BRDA:330,29,0,0
BRDA:330,29,1,0
BRDA:341,30,0,0
BRDA:341,30,1,0
BRDA:355,31,0,0
BRDA:355,31,1,0
BRDA:367,32,0,0
BRDA:367,32,1,0
BRDA:363,33,0,0
BRDA:363,33,1,0
BRDA:390,34,0,0
BRDA:390,34,1,0
BRDA:399,35,0,0
BRDA:399,35,1,0
BRDA:413,36,0,0
BRDA:413,36,1,0
BRDA:414,37,0,0
BRDA:414,37,1,0
BRDA:422,38,0,0
BRDA:422,38,1,0
BRDA:437,39,0,0
BRDA:437,39,1,0
BRDA:437,39,2,0
BRDA:447,40,0,0
BRDA:447,40,1,0
BRDA:447,41,0,0
BRDA:447,41,1,0
BRDA:453,42,0,0
BRDA:453,42,1,0
BRDA:455,43,0,0
BRDA:455,43,1,0
BRDA:457,44,0,0
BRDA:457,44,1,0
BRDA:463,45,0,0
BRDA:463,45,1,0
BRDA:485,46,0,0
BRDA:485,46,1,0
BRDA:485,46,2,0
BRDA:507,47,0,0
BRDA:507,47,1,0
BRDA:520,48,0,0
BRDA:520,48,1,0
BRDA:522,49,0,0
BRDA:522,49,1,0
BRDA:524,50,0,0
BRDA:524,50,1,0
BRDA:533,51,0,0
BRDA:533,51,1,0
BRDA:536,52,0,0
BRDA:536,52,1,0
BRF:106
BRH:0
end_of_record
TN:
SF:src\pages\MyPromptsPage.tsx
FN:17,MyPromptsPage
FN:38,(anonymous_2)
FN:39,(anonymous_3)
FN:83,(anonymous_4)
FN:84,(anonymous_5)
FN:125,(anonymous_6)
FN:179,(anonymous_7)
FN:180,(anonymous_8)
FN:184,(anonymous_9)
FN:192,(anonymous_10)
FN:209,(anonymous_11)
FN:211,(anonymous_12)
FN:252,(anonymous_13)
FN:312,(anonymous_14)
FN:316,(anonymous_15)
FN:316,(anonymous_16)
FN:320,(anonymous_17)
FN:320,(anonymous_18)
FN:327,(anonymous_19)
FN:327,(anonymous_20)
FN:331,(anonymous_21)
FN:332,(anonymous_22)
FN:332,(anonymous_23)
FN:335,(anonymous_24)
FN:339,(anonymous_25)
FN:345,(anonymous_26)
FN:362,(anonymous_27)
FN:369,(anonymous_28)
FN:369,(anonymous_29)
FN:426,(anonymous_30)
FN:426,(anonymous_31)
FN:440,(anonymous_32)
FN:446,(anonymous_33)
FN:454,(anonymous_34)
FN:460,(anonymous_35)
FN:496,(anonymous_36)
FN:516,(anonymous_37)
FN:572,(anonymous_38)
FN:582,(anonymous_39)
FN:635,(anonymous_40)
FN:654,(anonymous_41)
FN:660,(anonymous_42)
FN:677,(anonymous_43)
FN:688,(anonymous_44)
FNF:44
FNH:0
FNDA:0,MyPromptsPage
FNDA:0,(anonymous_2)
FNDA:0,(anonymous_3)
FNDA:0,(anonymous_4)
FNDA:0,(anonymous_5)
FNDA:0,(anonymous_6)
FNDA:0,(anonymous_7)
FNDA:0,(anonymous_8)
FNDA:0,(anonymous_9)
FNDA:0,(anonymous_10)
FNDA:0,(anonymous_11)
FNDA:0,(anonymous_12)
FNDA:0,(anonymous_13)
FNDA:0,(anonymous_14)
FNDA:0,(anonymous_15)
FNDA:0,(anonymous_16)
FNDA:0,(anonymous_17)
FNDA:0,(anonymous_18)
FNDA:0,(anonymous_19)
FNDA:0,(anonymous_20)
FNDA:0,(anonymous_21)
FNDA:0,(anonymous_22)
FNDA:0,(anonymous_23)
FNDA:0,(anonymous_24)
FNDA:0,(anonymous_25)
FNDA:0,(anonymous_26)
FNDA:0,(anonymous_27)
FNDA:0,(anonymous_28)
FNDA:0,(anonymous_29)
FNDA:0,(anonymous_30)
FNDA:0,(anonymous_31)
FNDA:0,(anonymous_32)
FNDA:0,(anonymous_33)
FNDA:0,(anonymous_34)
FNDA:0,(anonymous_35)
FNDA:0,(anonymous_36)
FNDA:0,(anonymous_37)
FNDA:0,(anonymous_38)
FNDA:0,(anonymous_39)
FNDA:0,(anonymous_40)
FNDA:0,(anonymous_41)
FNDA:0,(anonymous_42)
FNDA:0,(anonymous_43)
FNDA:0,(anonymous_44)
DA:3,0
DA:4,0
DA:5,0
DA:6,0
DA:7,0
DA:8,0
DA:9,0
DA:10,0
DA:13,0
DA:15,0
DA:17,0
DA:18,0
DA:19,0
DA:20,0
DA:22,0
DA:23,0
DA:24,0
DA:25,0
DA:26,0
DA:27,0
DA:28,0
DA:29,0
DA:30,0
DA:31,0
DA:32,0
DA:33,0
DA:34,0
DA:35,0
DA:38,0
DA:39,0
DA:40,0
DA:41,0
DA:42,0
DA:43,0
DA:45,0
DA:46,0
DA:48,0
DA:52,0
DA:54,0
DA:55,0
DA:56,0
DA:57,0
DA:60,0
DA:61,0
DA:62,0
DA:64,0
DA:65,0
DA:66,0
DA:67,0
DA:72,0
DA:75,0
DA:79,0
DA:83,0
DA:84,0
DA:85,0
DA:86,0
DA:87,0
DA:89,0
DA:90,0
DA:91,0
DA:93,0
DA:94,0
DA:96,0
DA:99,0
DA:100,0
DA:103,0
DA:104,0
DA:106,0
DA:108,0
DA:109,0
DA:113,0
DA:114,0
DA:115,0
DA:116,0
DA:119,0
DA:120,0
DA:122,0
DA:124,0
DA:126,0
DA:127,0
DA:149,0
DA:152,0
DA:153,0
DA:154,0
DA:155,0
DA:160,0
DA:164,0
DA:166,0
DA:168,0
DA:172,0
DA:173,0
DA:179,0
DA:180,0
DA:181,0
DA:182,0
DA:183,0
DA:185,0
DA:186,0
DA:187,0
DA:188,0
DA:189,0
DA:191,0
DA:192,0
DA:194,0
DA:196,0
DA:199,0
DA:203,0
DA:205,0
DA:209,0
DA:211,0
DA:212,0
DA:213,0
DA:214,0
DA:216,0
DA:217,0
DA:218,0
DA:220,0
DA:221,0
DA:223,0
DA:226,0
DA:227,0
DA:230,0
DA:231,0
DA:233,0
DA:235,0
DA:236,0
DA:240,0
DA:242,0
DA:243,0
DA:244,0
DA:246,0
DA:248,0
DA:251,0
DA:253,0
DA:254,0
DA:276,0
DA:279,0
DA:280,0
DA:281,0
DA:282,0
DA:287,0
DA:291,0
DA:293,0
DA:295,0
DA:299,0
DA:302,0
DA:312,0
DA:313,0
DA:314,0
DA:315,0
DA:316,0
DA:320,0
DA:324,0
DA:327,0
DA:331,0
DA:332,0
DA:335,0
DA:336,0
DA:337,0
DA:338,0
DA:339,0
DA:341,0
DA:345,0
DA:346,0
DA:358,0
DA:359,0
DA:362,0
DA:363,0
DA:365,0
DA:367,0
DA:369,0
DA:370,0
DA:382,0
DA:384,0
DA:389,0
DA:390,0
DA:400,0
DA:401,0
DA:416,0
DA:426,0
DA:441,0
DA:446,0
DA:455,0
DA:461,0
DA:462,0
DA:496,0
DA:516,0
DA:572,0
DA:583,0
DA:636,0
DA:637,0
DA:638,0
DA:639,0
DA:654,0
DA:662,0
DA:663,0
DA:664,0
DA:665,0
DA:666,0
DA:667,0
DA:669,0
DA:672,0
DA:677,0
DA:688,0
LF:204
LH:0
BRDA:42,0,0,0
BRDA:42,0,1,0
BRDA:42,1,0,0
BRDA:42,1,1,0
BRDA:55,2,0,0
BRDA:55,2,1,0
BRDA:61,3,0,0
BRDA:61,3,1,0
BRDA:85,4,0,0
BRDA:85,4,1,0
BRDA:93,5,0,0
BRDA:93,5,1,0
BRDA:103,6,0,0
BRDA:103,6,1,0
BRDA:122,7,0,0
BRDA:122,7,1,0
BRDA:130,8,0,0
BRDA:130,8,1,0
BRDA:131,9,0,0
BRDA:131,9,1,0
BRDA:133,10,0,0
BRDA:133,10,1,0
BRDA:135,11,0,0
BRDA:135,11,1,0
BRDA:136,12,0,0
BRDA:136,12,1,0
BRDA:138,13,0,0
BRDA:138,13,1,0
BRDA:139,14,0,0
BRDA:139,14,1,0
BRDA:142,15,0,0
BRDA:142,15,1,0
BRDA:142,15,2,0
BRDA:144,16,0,0
BRDA:144,16,1,0
BRDA:154,17,0,0
BRDA:154,17,1,0
BRDA:172,18,0,0
BRDA:172,18,1,0
BRDA:172,19,0,0
BRDA:172,19,1,0
BRDA:172,19,2,0
BRDA:181,20,0,0
BRDA:181,20,1,0
BRDA:187,21,0,0
BRDA:187,21,1,0
BRDA:189,22,0,0
BRDA:189,22,1,0
BRDA:191,23,0,0
BRDA:191,23,1,0
BRDA:212,24,0,0
BRDA:212,24,1,0
BRDA:220,25,0,0
BRDA:220,25,1,0
BRDA:230,26,0,0
BRDA:230,26,1,0
BRDA:248,27,0,0
BRDA:248,27,1,0
BRDA:257,28,0,0
BRDA:257,28,1,0
BRDA:258,29,0,0
BRDA:258,29,1,0
BRDA:260,30,0,0
BRDA:260,30,1,0
BRDA:262,31,0,0
BRDA:262,31,1,0
BRDA:263,32,0,0
BRDA:263,32,1,0
BRDA:265,33,0,0
BRDA:265,33,1,0
BRDA:266,34,0,0
BRDA:266,34,1,0
BRDA:269,35,0,0
BRDA:269,35,1,0
BRDA:269,35,2,0
BRDA:271,36,0,0
BRDA:271,36,1,0
BRDA:281,37,0,0
BRDA:281,37,1,0
BRDA:315,38,0,0
BRDA:315,38,1,0
BRDA:332,39,0,0
BRDA:332,39,1,0
BRDA:365,40,0,0
BRDA:365,40,1,0
BRDA:370,41,0,0
BRDA:370,41,1,0
BRDA:376,42,0,0
BRDA:376,42,1,0
BRDA:384,43,0,0
BRDA:384,43,1,0
BRDA:389,44,0,0
BRDA:389,44,1,0
BRDA:400,45,0,0
BRDA:400,45,1,0
BRDA:421,46,0,0
BRDA:421,46,1,0
BRDA:427,47,0,0
BRDA:427,47,1,0
BRDA:429,48,0,0
BRDA:429,48,1,0
BRDA:435,49,0,0
BRDA:435,49,1,0
BRDA:444,50,0,0
BRDA:444,50,1,0
BRDA:458,51,0,0
BRDA:458,51,1,0
BRDA:465,52,0,0
BRDA:465,52,1,0
BRDA:471,53,0,0
BRDA:471,53,1,0
BRDA:492,54,0,0
BRDA:492,54,1,0
BRDA:518,55,0,0
BRDA:518,55,1,0
BRDA:567,56,0,0
BRDA:567,56,1,0
BRDA:569,57,0,0
BRDA:569,57,1,0
BRDA:571,58,0,0
BRDA:571,58,1,0
BRDA:576,59,0,0
BRDA:576,59,1,0
BRDA:588,60,0,0
BRDA:588,60,1,0
BRDA:589,61,0,0
BRDA:589,61,1,0
BRDA:590,62,0,0
BRDA:590,62,1,0
BRDA:591,63,0,0
BRDA:591,63,1,0
BRDA:592,64,0,0
BRDA:592,64,1,0
BRDA:593,65,0,0
BRDA:593,65,1,0
BRDA:594,66,0,0
BRDA:594,66,1,0
BRDA:595,67,0,0
BRDA:595,67,1,0
BRDA:596,68,0,0
BRDA:596,68,1,0
BRDA:598,69,0,0
BRDA:598,69,1,0
BRDA:612,70,0,0
BRDA:612,70,1,0
BRDA:612,70,2,0
BRDA:617,71,0,0
BRDA:617,71,1,0
BRDA:620,72,0,0
BRDA:620,72,1,0
BRDA:625,73,0,0
BRDA:625,73,1,0
BRDA:649,74,0,0
BRDA:649,74,1,0
BRDA:662,75,0,0
BRDA:662,75,1,0
BRDA:664,76,0,0
BRDA:664,76,1,0
BRDA:666,77,0,0
BRDA:666,77,1,0
BRDA:675,78,0,0
BRDA:675,78,1,0
BRDA:678,79,0,0
BRDA:678,79,1,0
BRF:164
BRH:0
end_of_record
TN:
SF:src\pages\ProfilePage.tsx
FN:53,UserProfilePage
FN:66,(anonymous_1)
FN:67,(anonymous_2)
FN:115,(anonymous_3)
FN:134,(anonymous_4)
FN:153,(anonymous_5)
FN:167,(anonymous_6)
FN:184,(anonymous_7)
FN:189,(anonymous_8)
FN:226,(anonymous_9)
FN:294,(anonymous_10)
FN:352,(anonymous_11)
FN:363,(anonymous_12)
FN:387,(anonymous_13)
FN:399,(anonymous_14)
FN:426,(anonymous_15)
FN:438,(anonymous_16)
FN:459,(anonymous_17)
FN:471,(anonymous_18)
FNF:19
FNH:0
FNDA:0,UserProfilePage
FNDA:0,(anonymous_1)
FNDA:0,(anonymous_2)
FNDA:0,(anonymous_3)
FNDA:0,(anonymous_4)
FNDA:0,(anonymous_5)
FNDA:0,(anonymous_6)
FNDA:0,(anonymous_7)
FNDA:0,(anonymous_8)
FNDA:0,(anonymous_9)
FNDA:0,(anonymous_10)
FNDA:0,(anonymous_11)
FNDA:0,(anonymous_12)
FNDA:0,(anonymous_13)
FNDA:0,(anonymous_14)
FNDA:0,(anonymous_15)
FNDA:0,(anonymous_16)
FNDA:0,(anonymous_17)
FNDA:0,(anonymous_18)
DA:3,0
DA:4,0
DA:5,0
DA:6,0
DA:7,0
DA:8,0
DA:9,0
DA:21,0
DA:53,0
DA:54,0
DA:55,0
DA:57,0
DA:58,0
DA:59,0
DA:60,0
DA:61,0
DA:62,0
DA:63,0
DA:64,0
DA:66,0
DA:67,0
DA:68,0
DA:70,0
DA:71,0
DA:73,0
DA:75,0
DA:81,0
DA:82,0
DA:85,0
DA:86,0
DA:88,0
DA:95,0
DA:101,0
DA:102,0
DA:103,0
DA:106,0
DA:108,0
DA:112,0
DA:115,0
DA:116,0
DA:118,0
DA:119,0
DA:125,0
DA:126,0
DA:127,0
DA:130,0
DA:134,0
DA:135,0
DA:137,0
DA:138,0
DA:144,0
DA:145,0
DA:146,0
DA:149,0
DA:153,0
DA:154,0
DA:156,0
DA:158,0
DA:159,0
DA:160,0
DA:166,0
DA:167,0
DA:168,0
DA:178,0
DA:180,0
DA:184,0
DA:186,0
DA:189,0
DA:190,0
DA:191,0
DA:197,0
DA:202,0
DA:206,0
DA:207,0
DA:217,0
DA:218,0
DA:226,0
DA:234,0
DA:294,0
DA:353,0
DA:354,0
DA:364,0
DA:365,0
DA:388,0
DA:399,0
DA:427,0
DA:438,0
DA:460,0
DA:471,0
LF:89
LH:0
BRDA:68,0,0,0
BRDA:68,0,1,0
BRDA:81,1,0,0
BRDA:81,1,1,0
BRDA:91,2,0,0
BRDA:91,2,1,0
BRDA:101,3,0,0
BRDA:101,3,1,0
BRDA:103,4,0,0
BRDA:103,4,1,0
BRDA:106,5,0,0
BRDA:106,5,1,0
BRDA:116,6,0,0
BRDA:116,6,1,0
BRDA:125,7,0,0
BRDA:125,7,1,0
BRDA:127,8,0,0
BRDA:127,8,1,0
BRDA:135,9,0,0
BRDA:135,9,1,0
BRDA:144,10,0,0
BRDA:144,10,1,0
BRDA:146,11,0,0
BRDA:146,11,1,0
BRDA:154,12,0,0
BRDA:154,12,1,0
BRDA:154,13,0,0
BRDA:154,13,1,0
BRDA:159,14,0,0
BRDA:159,14,1,0
BRDA:166,15,0,0
BRDA:166,15,1,0
BRDA:168,16,0,0
BRDA:168,16,1,0
BRDA:172,17,0,0
BRDA:172,17,1,0
BRDA:206,18,0,0
BRDA:206,18,1,0
BRDA:217,19,0,0
BRDA:217,19,1,0
BRDA:217,20,0,0
BRDA:217,20,1,0
BRDA:225,21,0,0
BRDA:225,21,1,0
BRDA:244,22,0,0
BRDA:244,22,1,0
BRDA:252,23,0,0
BRDA:252,23,1,0
BRDA:258,24,0,0
BRDA:258,24,1,0
BRDA:263,25,0,0
BRDA:263,25,1,0
BRDA:265,26,0,0
BRDA:265,26,1,0
BRDA:270,27,0,0
BRDA:270,27,1,0
BRDA:293,28,0,0
BRDA:293,28,1,0
BRDA:300,29,0,0
BRDA:300,29,1,0
BRDA:304,30,0,0
BRDA:304,30,1,0
BRDA:311,31,0,0
BRDA:311,31,1,0
BRDA:385,32,0,0
BRDA:385,32,1,0
BRDA:399,33,0,0
BRDA:399,33,1,0
BRDA:424,34,0,0
BRDA:424,34,1,0
BRDA:430,35,0,0
BRDA:430,35,1,0
BRDA:436,36,0,0
BRDA:436,36,1,0
BRDA:457,37,0,0
BRDA:457,37,1,0
BRDA:463,38,0,0
BRDA:463,38,1,0
BRDA:469,39,0,0
BRDA:469,39,1,0
BRF:80
BRH:0
end_of_record
TN:
SF:src\pages\ProfileSettingsPage.tsx
FN:13,ProfileSettingsPage
FN:30,(anonymous_1)
FN:31,fetchProfile
FN:54,(anonymous_3)
FN:59,(anonymous_4)
FN:67,(anonymous_5)
FN:73,(anonymous_6)
FN:76,(anonymous_7)
FN:79,(anonymous_8)
FN:84,(anonymous_9)
FN:117,(anonymous_10)
FN:121,(anonymous_11)
FN:170,(anonymous_12)
FN:182,(anonymous_13)
FN:550,setEmail
FNF:15
FNH:0
FNDA:0,ProfileSettingsPage
FNDA:0,(anonymous_1)
FNDA:0,fetchProfile
FNDA:0,(anonymous_3)
FNDA:0,(anonymous_4)
FNDA:0,(anonymous_5)
FNDA:0,(anonymous_6)
FNDA:0,(anonymous_7)
FNDA:0,(anonymous_8)
FNDA:0,(anonymous_9)
FNDA:0,(anonymous_10)
FNDA:0,(anonymous_11)
FNDA:0,(anonymous_12)
FNDA:0,(anonymous_13)
FNDA:0,setEmail
DA:1,0
DA:2,0
DA:3,0
DA:4,0
DA:5,0
DA:6,0
DA:7,0
DA:8,0
DA:9,0
DA:10,0
DA:11,0
DA:13,0
DA:14,0
DA:16,0
DA:17,0
DA:18,0
DA:19,0
DA:21,0
DA:22,0
DA:23,0
DA:24,0
DA:25,0
DA:26,0
DA:27,0
DA:30,0
DA:32,0
DA:33,0
DA:34,0
DA:35,0
DA:36,0
DA:37,0
DA:38,0
DA:40,0
DA:41,0
DA:42,0
DA:43,0
DA:45,0
DA:47,0
DA:50,0
DA:54,0
DA:55,0
DA:56,0
DA:58,0
DA:59,0
DA:60,0
DA:62,0
DA:63,0
DA:67,0
DA:68,0
DA:69,0
DA:73,0
DA:74,0
DA:76,0
DA:77,0
DA:79,0
DA:80,0
DA:84,0
DA:85,0
DA:86,0
DA:88,0
DA:90,0
DA:92,0
DA:93,0
DA:98,0
DA:99,0
DA:102,0
DA:110,0
DA:111,0
DA:112,0
DA:113,0
DA:114,0
DA:116,0
DA:117,0
DA:119,0
DA:120,0
DA:121,0
DA:123,0
DA:124,0
DA:131,0
DA:170,0
DA:182,0
DA:551,0
LF:82
LH:0
BRDA:35,0,0,0
BRDA:35,0,1,0
BRDA:36,1,0,0
BRDA:36,1,1,0
BRDA:37,2,0,0
BRDA:37,2,1,0
BRDA:38,3,0,0
BRDA:38,3,1,0
BRDA:40,4,0,0
BRDA:40,4,1,0
BRDA:41,5,0,0
BRDA:41,5,1,0
BRDA:42,6,0,0
BRDA:42,6,1,0
BRDA:43,7,0,0
BRDA:43,7,1,0
BRDA:56,8,0,0
BRDA:56,8,1,0
BRDA:90,9,0,0
BRDA:90,9,1,0
BRDA:93,10,0,0
BRDA:93,10,1,0
BRDA:94,11,0,0
BRDA:94,11,1,0
BRDA:123,12,0,0
BRDA:123,12,1,0
BRDA:241,13,0,0
BRDA:241,13,1,0
BRDA:247,14,0,0
BRDA:247,14,1,0
BRF:30
BRH:0
end_of_record
TN:
SF:src\pages\PromptBuilder.tsx
FN:262,PromptBuilderPage
FN:283,(anonymous_1)
FN:332,(anonymous_2)
FN:343,(anonymous_3)
FN:349,(anonymous_4)
FN:362,(anonymous_5)
FN:369,(anonymous_6)
FN:374,(anonymous_7)
FN:376,(anonymous_8)
FN:379,(anonymous_9)
FN:387,(anonymous_10)
FN:423,(anonymous_11)
FN:431,(anonymous_12)
FN:452,(anonymous_13)
FN:460,(anonymous_14)
FN:468,(anonymous_15)
FN:499,(anonymous_16)
FN:509,(anonymous_17)
FN:518,(anonymous_18)
FN:592,(anonymous_19)
FN:637,(anonymous_20)
FN:695,(anonymous_21)
FN:703,(anonymous_22)
FN:707,(anonymous_23)
FN:741,(anonymous_24)
FN:753,(anonymous_25)
FN:759,(anonymous_26)
FN:797,(anonymous_27)
FN:811,(anonymous_28)
FNF:29
FNH:0
FNDA:0,PromptBuilderPage
FNDA:0,(anonymous_1)
FNDA:0,(anonymous_2)
FNDA:0,(anonymous_3)
FNDA:0,(anonymous_4)
FNDA:0,(anonymous_5)
FNDA:0,(anonymous_6)
FNDA:0,(anonymous_7)
FNDA:0,(anonymous_8)
FNDA:0,(anonymous_9)
FNDA:0,(anonymous_10)
FNDA:0,(anonymous_11)
FNDA:0,(anonymous_12)
FNDA:0,(anonymous_13)
FNDA:0,(anonymous_14)
FNDA:0,(anonymous_15)
FNDA:0,(anonymous_16)
FNDA:0,(anonymous_17)
FNDA:0,(anonymous_18)
FNDA:0,(anonymous_19)
FNDA:0,(anonymous_20)
FNDA:0,(anonymous_21)
FNDA:0,(anonymous_22)
FNDA:0,(anonymous_23)
FNDA:0,(anonymous_24)
FNDA:0,(anonymous_25)
FNDA:0,(anonymous_26)
FNDA:0,(anonymous_27)
FNDA:0,(anonymous_28)
DA:3,0
DA:4,0
DA:5,0
DA:6,0
DA:7,0
DA:8,0
DA:9,0
DA:10,0
DA:11,0
DA:26,0
DA:27,0
DA:47,0
DA:138,0
DA:205,0
DA:262,0
DA:263,0
DA:264,0
DA:265,0
DA:266,0
DA:267,0
DA:268,0
DA:269,0
DA:270,0
DA:271,0
DA:272,0
DA:273,0
DA:274,0
DA:275,0
DA:276,0
DA:278,0
DA:283,0
DA:284,0
DA:286,0
DA:287,0
DA:290,0
DA:292,0
DA:294,0
DA:295,0
DA:297,0
DA:328,0
DA:333,0
DA:335,0
DA:336,0
DA:338,0
DA:339,0
DA:340,0
DA:344,0
DA:346,0
DA:347,0
DA:350,0
DA:351,0
DA:356,0
DA:357,0
DA:358,0
DA:362,0
DA:363,0
DA:364,0
DA:365,0
DA:366,0
DA:368,0
DA:369,0
DA:370,0
DA:374,0
DA:375,0
DA:376,0
DA:379,0
DA:380,0
DA:381,0
DA:383,0
DA:387,0
DA:388,0
DA:390,0
DA:391,0
DA:392,0
DA:393,0
DA:396,0
DA:397,0
DA:398,0
DA:402,0
DA:416,0
DA:417,0
DA:419,0
DA:423,0
DA:425,0
DA:426,0
DA:427,0
DA:428,0
DA:430,0
DA:431,0
DA:432,0
DA:436,0
DA:452,0
DA:461,0
DA:468,0
DA:499,0
DA:509,0
DA:520,0
DA:521,0
DA:522,0
DA:523,0
DA:526,0
DA:527,0
DA:530,0
DA:531,0
DA:532,0
DA:533,0
DA:536,0
DA:537,0
DA:538,0
DA:539,0
DA:540,0
DA:543,0
DA:544,0
DA:545,0
DA:546,0
DA:547,0
DA:548,0
DA:551,0
DA:592,0
DA:637,0
DA:695,0
DA:704,0
DA:707,0
DA:741,0
DA:754,0
DA:759,0
DA:797,0
DA:811,0
LF:128
LH:0
BRDA:280,0,0,0
BRDA:280,0,1,0
BRDA:280,1,0,0
BRDA:280,1,1,0
BRDA:284,2,0,0
BRDA:284,2,1,0
BRDA:284,3,0,0
BRDA:284,3,1,0
BRDA:335,4,0,0
BRDA:335,4,1,0
BRDA:368,5,0,0
BRDA:368,5,1,0
BRDA:370,6,0,0
BRDA:370,6,1,0
BRDA:375,7,0,0
BRDA:375,7,1,0
BRDA:388,8,0,0
BRDA:388,8,1,0
BRDA:388,9,0,0
BRDA:388,9,1,0
BRDA:388,9,2,0
BRDA:391,10,0,0
BRDA:391,10,1,0
BRDA:391,11,0,0
BRDA:391,11,1,0
BRDA:398,12,0,0
BRDA:398,12,1,0
BRDA:430,13,0,0
BRDA:430,13,1,0
BRDA:432,14,0,0
BRDA:432,14,1,0
BRDA:464,15,0,0
BRDA:464,15,1,0
BRDA:475,16,0,0
BRDA:475,16,1,0
BRDA:495,17,0,0
BRDA:495,17,1,0
BRDA:532,18,0,0
BRDA:532,18,1,0
BRDA:562,19,0,0
BRDA:562,19,1,0
BRDA:562,20,0,0
BRDA:562,20,1,0
BRDA:564,21,0,0
BRDA:564,21,1,0
BRDA:581,22,0,0
BRDA:581,22,1,0
[...]
DA:516,0
DA:517,0
DA:518,0
DA:519,0
DA:520,0
DA:524,0
DA:535,0
DA:537,0
DA:540,0
DA:541,0
DA:545,0
DA:548,0
DA:549,0
DA:554,0
DA:557,0
DA:559,0
DA:560,0
DA:562,0
DA:572,0
DA:573,0
DA:574,0
DA:575,0
DA:576,0
DA:577,0
DA:578,0
DA:579,0
DA:582,0
DA:585,0
DA:586,0
DA:589,0
DA:593,0
DA:594,0
DA:598,0
DA:602,0
DA:604,0
DA:605,0
DA:608,0
DA:609,0
DA:610,0
DA:611,0
DA:612,0
DA:614,0
DA:615,0
DA:616,0
DA:622,0
DA:623,0
DA:626,0
DA:628,0
DA:631,0
DA:632,0
DA:640,0
DA:641,0
DA:642,0
DA:645,0
DA:646,0
DA:647,0
DA:648,0
DA:649,0
DA:650,0
DA:651,0
DA:652,0
DA:655,0
DA:656,0
DA:661,0
DA:664,0
DA:665,0
DA:675,0
DA:822,0
DA:847,0
DA:869,0
DA:873,0
DA:899,0
DA:920,0
DA:935,0
DA:1003,0
DA:1211,0
DA:1250,0
DA:1258,0
DA:1266,0
DA:1274,0
LF:201
LH:0
BRDA:47,0,0,0
BRDA:48,1,0,0
BRDA:49,2,0,0
BRDA:50,3,0,0
BRDA:63,4,0,0
BRDA:63,4,1,0
BRDA:65,5,0,0
BRDA:65,5,1,0
BRDA:69,6,0,0
BRDA:69,6,1,0
BRDA:69,7,0,0
BRDA:69,7,1,0
BRDA:70,8,0,0
BRDA:70,8,1,0
BRDA:83,9,0,0
BRDA:94,10,0,0
BRDA:152,11,0,0
BRDA:152,11,1,0
BRDA:159,12,0,0
BRDA:159,12,1,0
BRDA:164,13,0,0
BRDA:164,13,1,0
BRDA:164,14,0,0
BRDA:164,14,1,0
BRDA:164,14,2,0
BRDA:164,14,3,0
BRDA:165,15,0,0
BRDA:165,15,1,0
BRDA:165,15,2,0
BRDA:171,16,0,0
BRDA:171,16,1,0
BRDA:172,17,0,0
BRDA:172,17,1,0
BRDA:173,18,0,0
BRDA:173,18,1,0
BRDA:174,19,0,0
BRDA:174,19,1,0
BRDA:175,20,0,0
BRDA:175,20,1,0
BRDA:177,21,0,0
BRDA:177,21,1,0
BRDA:186,22,0,0
BRDA:186,22,1,0
BRDA:188,23,0,0
BRDA:188,23,1,0
BRDA:189,24,0,0
BRDA:189,24,1,0
BRDA:190,25,0,0
BRDA:190,25,1,0
BRDA:191,26,0,0
BRDA:191,26,1,0
BRDA:191,26,2,0
BRDA:192,27,0,0
BRDA:192,27,1,0
BRDA:193,28,0,0
BRDA:193,28,1,0
BRDA:194,29,0,0
BRDA:194,29,1,0
BRDA:203,30,0,0
BRDA:203,30,1,0
BRDA:203,31,0,0
BRDA:203,31,1,0
BRDA:205,32,0,0
BRDA:205,32,1,0
BRDA:206,33,0,0
BRDA:206,33,1,0
BRDA:207,34,0,0
BRDA:207,34,1,0
BRDA:208,35,0,0
BRDA:208,35,1,0
BRDA:208,35,2,0
BRDA:209,36,0,0
BRDA:209,36,1,0
BRDA:210,37,0,0
BRDA:210,37,1,0
BRDA:211,38,0,0
BRDA:211,38,1,0
BRDA:217,39,0,0
BRDA:217,39,1,0
BRDA:217,40,0,0
BRDA:217,40,1,0
BRDA:217,40,2,0
BRDA:219,41,0,0
BRDA:219,41,1,0
BRDA:220,42,0,0
BRDA:220,42,1,0
BRDA:221,43,0,0
BRDA:221,43,1,0
BRDA:222,44,0,0
BRDA:222,44,1,0
BRDA:222,44,2,0
BRDA:223,45,0,0
BRDA:223,45,1,0
BRDA:225,46,0,0
BRDA:225,46,1,0
BRDA:271,47,0,0
BRDA:271,47,1,0
BRDA:277,48,0,0
BRDA:277,48,1,0
BRDA:277,48,2,0
BRDA:277,48,3,0
BRDA:277,48,4,0
BRDA:291,49,0,0
BRDA:291,49,1,0
BRDA:295,50,0,0
BRDA:295,50,1,0
BRDA:313,51,0,0
BRDA:313,51,1,0
BRDA:317,52,0,0
BRDA:317,52,1,0
BRDA:334,53,0,0
BRDA:334,53,1,0
BRDA:338,54,0,0
BRDA:338,54,1,0
BRDA:356,55,0,0
BRDA:356,55,1,0
BRDA:360,56,0,0
BRDA:360,56,1,0
BRDA:381,57,0,0
BRDA:381,57,1,0
BRDA:385,58,0,0
BRDA:385,58,1,0
BRDA:405,59,0,0
BRDA:405,59,1,0
BRDA:409,60,0,0
BRDA:409,60,1,0
BRDA:429,61,0,0
BRDA:429,61,1,0
BRDA:438,62,0,0
BRDA:438,62,1,0
BRDA:455,63,0,0
BRDA:455,63,1,0
BRDA:459,64,0,0
BRDA:459,64,1,0
BRDA:476,65,0,0
BRDA:476,65,1,0
BRDA:477,66,0,0
BRDA:477,66,1,0
BRDA:478,67,0,0
BRDA:478,67,1,0
BRDA:479,68,0,0
BRDA:479,68,1,0
BRDA:481,69,0,0
BRDA:481,69,1,0
BRDA:482,70,0,0
BRDA:482,70,1,0
BRDA:485,71,0,0
BRDA:485,71,1,0
BRDA:485,72,0,0
BRDA:485,72,1,0
BRDA:485,72,2,0
BRDA:486,73,0,0
BRDA:486,73,1,0
BRDA:486,73,2,0
BRDA:486,73,3,0
BRDA:488,74,0,0
BRDA:488,74,1,0
BRDA:489,75,0,0
BRDA:489,75,1,0
BRDA:490,76,0,0
BRDA:490,76,1,0
BRDA:491,77,0,0
BRDA:491,77,1,0
BRDA:494,78,0,0
BRDA:494,78,1,0
BRDA:497,79,0,0
BRDA:497,79,1,0
BRDA:500,80,0,0
BRDA:500,80,1,0
BRDA:501,81,0,0
BRDA:501,81,1,0
BRDA:511,82,0,0
BRDA:511,82,1,0
BRDA:517,83,0,0
BRDA:517,83,1,0
BRDA:530,84,0,0
BRDA:530,84,1,0
BRDA:531,85,0,0
BRDA:531,85,1,0
BRDA:535,86,0,0
BRDA:535,86,1,0
BRDA:535,87,0,0
BRDA:535,87,1,0
BRDA:540,88,0,0
BRDA:540,88,1,0
BRDA:548,89,0,0
BRDA:548,89,1,0
BRDA:548,90,0,0
BRDA:548,90,1,0
BRDA:560,91,0,0
BRDA:560,91,1,0
BRDA:595,92,0,0
BRDA:595,92,1,0
BRDA:610,93,0,0
BRDA:610,93,1,0
BRDA:615,94,0,0
BRDA:615,94,1,0
BRDA:655,95,0,0
BRDA:655,95,1,0
BRDA:664,96,0,0
BRDA:664,96,1,0
BRDA:684,97,0,0
BRDA:684,97,1,0
BRDA:687,98,0,0
BRDA:687,98,1,0
BRDA:692,99,0,0
BRDA:692,99,1,0
BRDA:720,100,0,0
BRDA:720,100,1,0
BRDA:723,101,0,0
BRDA:723,101,1,0
BRDA:728,102,0,0
BRDA:728,102,1,0
BRDA:739,103,0,0
BRDA:739,103,1,0
BRDA:744,104,0,0
BRDA:744,104,1,0
BRDA:748,105,0,0
BRDA:748,105,1,0
BRDA:756,106,0,0
BRDA:756,106,1,0
BRDA:769,107,0,0
BRDA:769,107,1,0
BRDA:793,108,0,0
BRDA:793,108,1,0
BRDA:793,108,2,0
BRDA:818,109,0,0
BRDA:818,109,1,0
BRDA:819,110,0,0
BRDA:819,110,1,0
BRDA:819,111,0,0
BRDA:819,111,1,0
BRDA:824,112,0,0
BRDA:824,112,1,0
BRDA:826,113,0,0
BRDA:826,113,1,0
BRDA:842,114,0,0
BRDA:842,114,1,0
BRDA:850,115,0,0
BRDA:850,115,1,0
BRDA:866,116,0,0
BRDA:866,116,1,0
BRDA:878,117,0,0
BRDA:878,117,1,0
BRDA:893,118,0,0
BRDA:893,118,1,0
BRDA:894,119,0,0
BRDA:894,119,1,0
BRDA:894,120,0,0
BRDA:894,120,1,0
BRDA:900,121,0,0
BRDA:900,121,1,0
BRDA:902,122,0,0
BRDA:902,122,1,0
BRDA:930,123,0,0
BRDA:930,123,1,0
BRDA:938,124,0,0
BRDA:938,124,1,0
BRDA:944,125,0,0
BRDA:944,125,1,0
BRDA:948,126,0,0
BRDA:948,126,1,0
BRDA:965,127,0,0
BRDA:965,127,1,0
BRDA:1006,128,0,0
BRDA:1006,128,1,0
BRDA:1009,129,0,0
BRDA:1009,129,1,0
BRDA:1019,130,0,0
BRDA:1019,130,1,0
BRDA:1047,131,0,0
BRDA:1047,131,1,0
BRDA:1051,132,0,0
BRDA:1051,132,1,0
BRDA:1055,133,0,0
BRDA:1055,133,1,0
BRDA:1058,134,0,0
BRDA:1058,134,1,0
BRDA:1066,135,0,0
BRDA:1066,135,1,0
BRDA:1072,136,0,0
BRDA:1072,136,1,0
BRDA:1085,137,0,0
BRDA:1085,137,1,0
BRDA:1089,138,0,0
BRDA:1089,138,1,0
BRDA:1188,139,0,0
BRDA:1188,139,1,0
BRDA:1201,140,0,0
BRDA:1201,140,1,0
BRDA:1206,141,0,0
BRDA:1206,141,1,0
BRDA:1214,142,0,0
BRDA:1214,142,1,0
BRDA:1228,143,0,0
BRDA:1228,143,1,0
BRDA:1238,144,0,0
BRDA:1238,144,1,0
BRDA:1238,144,2,0
BRDA:1251,145,0,0
BRDA:1251,145,1,0
BRDA:1259,146,0,0
BRDA:1259,146,1,0
BRDA:1267,147,0,0
BRDA:1267,147,1,0
BRDA:1275,148,0,0
BRDA:1275,148,1,0
BRF:307
BRH:0
end_of_record
TN:
SF:src\pages\UnderConstructionPage.tsx
FN:6,UnderConstructionPage
FNF:1
FNH:0
FNDA:0,UnderConstructionPage
DA:1,0
DA:2,0
DA:3,0
DA:4,0
DA:6,0
DA:7,0
LF:6
LH:0
BRF:0
BRH:0
end_of_record
TN:
SF:src\pages\WidgetManager.tsx
FN:73,WidgetManager
FN:82,(anonymous_1)
FN:97,(anonymous_2)
FN:98,(anonymous_3)
FN:102,(anonymous_4)
FN:162,(anonymous_5)
FN:223,(anonymous_6)
FN:224,(anonymous_7)
FN:224,(anonymous_8)
FN:230,(anonymous_9)
FN:236,(anonymous_10)
FN:241,(anonymous_11)
FN:252,(anonymous_12)
FN:267,(anonymous_13)
FN:274,(anonymous_14)
FN:278,(anonymous_15)
FNF:16
FNH:0
FNDA:0,WidgetManager
FNDA:0,(anonymous_1)
FNDA:0,(anonymous_2)
FNDA:0,(anonymous_3)
FNDA:0,(anonymous_4)
FNDA:0,(anonymous_5)
FNDA:0,(anonymous_6)
FNDA:0,(anonymous_7)
FNDA:0,(anonymous_8)
FNDA:0,(anonymous_9)
FNDA:0,(anonymous_10)
FNDA:0,(anonymous_11)
FNDA:0,(anonymous_12)
FNDA:0,(anonymous_13)
FNDA:0,(anonymous_14)
FNDA:0,(anonymous_15)
DA:5,0
DA:6,0
DA:7,0
DA:8,0
DA:28,0
DA:73,0
DA:80,0
DA:82,0
DA:83,0
DA:93,0
DA:94,0
DA:97,0
DA:98,0
DA:99,0
DA:102,0
DA:108,0
DA:110,0
DA:120,0
DA:130,0
DA:140,0
DA:150,0
DA:163,0
DA:176,0
DA:207,0
DA:219,0
DA:223,0
DA:224,0
DA:226,0
DA:231,0
DA:236,0
DA:241,0
DA:252,0
DA:267,0
DA:275,0
DA:278,0
LF:35
LH:0
BRDA:77,0,0,0
BRDA:78,1,0,0
BRDA:108,2,0,0
BRDA:108,2,1,0
BRDA:108,2,2,0
BRDA:108,2,3,0
BRDA:108,2,4,0
BRDA:108,2,5,0
BRDA:108,2,6,0
BRDA:108,2,7,0
BRDA:113,3,0,0
BRDA:113,3,1,0
BRDA:123,4,0,0
BRDA:123,4,1,0
BRDA:133,5,0,0
BRDA:133,5,1,0
BRDA:143,6,0,0
BRDA:143,6,1,0
BRDA:157,7,0,0
BRDA:157,7,1,0
BRDA:159,8,0,0
BRDA:159,8,1,0
BRDA:224,9,0,0
BRDA:224,9,1,0
BRDA:262,10,0,0
BRDA:262,10,1,0
BRDA:291,11,0,0
BRDA:291,11,1,0
BRF:28
BRH:0
end_of_record
TN:
SF:src\services\authService.ts
FN:4,(anonymous_1)
FN:8,(anonymous_2)
FN:29,(anonymous_3)
FN:54,(anonymous_4)
FNF:4
FNH:0
FNDA:0,(anonymous_1)
FNDA:0,(anonymous_2)
FNDA:0,(anonymous_3)
FNDA:0,(anonymous_4)
DA:1,0
DA:4,0
DA:5,0
DA:6,0
DA:9,0
DA:10,0
DA:12,0
DA:13,0
DA:14,0
DA:15,0
DA:18,0
DA:19,0
DA:22,0
DA:24,0
DA:25,0
DA:30,0
DA:31,0
DA:37,0
DA:40,0
DA:41,0
DA:43,0
DA:44,0
DA:47,0
DA:49,0
DA:50,0
DA:55,0
DA:56,0
DA:57,0
DA:59,0
DA:60,0
DA:63,0
DA:65,0
DA:66,0
LF:33
LH:0
BRDA:14,0,0,0
BRDA:14,0,1,0
BRDA:18,1,0,0
BRDA:18,1,1,0
BRDA:19,2,0,0
BRDA:19,2,1,0
BRDA:25,3,0,0
BRDA:25,3,1,0
BRDA:31,4,0,0
BRDA:31,4,1,0
BRDA:32,5,0,0
BRDA:32,5,1,0
BRDA:32,5,2,0
BRDA:32,5,3,0
BRDA:43,6,0,0
BRDA:43,6,1,0
BRDA:44,7,0,0
BRDA:44,7,1,0
BRDA:50,8,0,0
BRDA:50,8,1,0
BRDA:59,9,0,0
BRDA:59,9,1,0
BRDA:60,10,0,0
BRDA:60,10,1,0
BRDA:66,11,0,0
BRDA:66,11,1,0
BRF:26
BRH:0
end_of_record
TN:
SF:src\services\cartServices.ts
FN:16,(anonymous_1)
FN:19,(anonymous_2)
FN:32,(anonymous_3)
FN:45,(anonymous_4)
FN:60,(anonymous_5)
FN:63,(anonymous_6)
FN:90,(anonymous_7)
FN:97,(anonymous_8)
FNF:8
FNH:6
FNDA:8,(anonymous_1)
FNDA:2,(anonymous_2)
FNDA:2,(anonymous_3)
FNDA:2,(anonymous_4)
FNDA:2,(anonymous_5)
FNDA:2,(anonymous_6)
FNDA:0,(anonymous_7)
FNDA:0,(anonymous_8)
DA:1,1
DA:16,1
DA:17,8
DA:20,2
DA:21,2
DA:23,2
DA:26,1
DA:28,1
DA:29,1
DA:33,2
DA:34,2
DA:36,2
DA:38,1
DA:40,1
DA:41,1
DA:46,2
DA:47,2
DA:50,2
DA:53,1
DA:55,1
DA:56,1
DA:61,2
DA:63,2
DA:72,2
DA:73,2
DA:74,1
DA:76,1
DA:77,1
DA:79,0
DA:85,1
DA:86,1
DA:91,0
DA:97,0
DA:107,0
DA:108,0
DA:109,0
DA:110,0
DA:111,0
DA:113,0
DA:116,0
DA:121,0
DA:122,0
LF:42
LH:30
BRDA:76,0,0,1
BRDA:76,0,1,0
BRDA:107,1,0,0
BRDA:107,1,1,0
BRDA:110,2,0,0
BRDA:110,2,1,0
BRF:6
BRH:1
end_of_record
TN:
SF:src\services\dashprofileService.ts
FN:4,(anonymous_1)
FN:7,(anonymous_2)
FNF:2
FNH:0
FNDA:0,(anonymous_1)
FNDA:0,(anonymous_2)
DA:1,0
DA:5,0
DA:8,0
DA:12,0
DA:13,0
DA:14,0
DA:17,0
DA:21,0
LF:8
LH:0
BRDA:12,0,0,0
BRDA:12,0,1,0
BRDA:14,1,0,0
BRDA:14,1,1,0
BRF:4
BRH:0
end_of_record
TN:
SF:src\services\editorService.ts
FN:5,(anonymous_0)
FN:81,(anonymous_1)
FNF:2
FNH:0
FNDA:0,(anonymous_0)
FNDA:0,(anonymous_1)
DA:1,0
DA:4,0
DA:6,0
DA:8,0
DA:10,0
DA:11,0
DA:12,0
DA:20,0
DA:28,0
DA:29,0
DA:31,0
DA:32,0
DA:33,0
DA:36,0
DA:37,0
DA:38,0
DA:40,0
DA:41,0
DA:42,0
DA:45,0
DA:46,0
DA:47,0
DA:48,0
DA:52,0
DA:55,0
DA:56,0
DA:60,0
DA:69,0
DA:71,0
DA:72,0
DA:87,0
DA:89,0
DA:91,0
DA:92,0
DA:93,0
DA:94,0
DA:98,0
DA:100,0
DA:108,0
DA:110,0
DA:111,0
DA:112,0
DA:113,0
DA:114,0
DA:118,0
DA:119,0
DA:120,0
DA:123,0
DA:124,0
DA:126,0
DA:128,0
DA:129,0
DA:130,0
DA:132,0
DA:133,0
DA:134,0
DA:135,0
DA:139,0
DA:140,0
DA:143,0
DA:144,0
DA:145,0
DA:147,0
DA:148,0
DA:150,0
DA:153,0
DA:154,0
DA:157,0
DA:158,0
DA:160,0
DA:161,0
DA:162,0
DA:165,0
DA:166,0
DA:169,0
DA:170,0
DA:171,0
DA:172,0
DA:173,0
DA:177,0
DA:178,0
DA:179,0
DA:180,0
DA:181,0
DA:185,0
DA:191,0
DA:192,0
DA:193,0
DA:195,0
DA:198,0
DA:199,0
LF:91
LH:0
BRDA:10,0,0,0
BRDA:10,0,1,0
BRDA:31,1,0,0
BRDA:31,1,1,0
BRDA:36,2,0,0
BRDA:36,2,1,0
BRDA:37,3,0,0
BRDA:37,3,1,0
BRDA:41,4,0,0
BRDA:41,4,1,0
BRDA:42,5,0,0
BRDA:42,5,1,0
BRDA:45,6,0,0
BRDA:45,6,1,0
BRDA:47,7,0,0
BRDA:47,7,1,0
BRDA:55,8,0,0
BRDA:55,8,1,0
BRDA:56,9,0,0
BRDA:56,9,1,0
BRDA:63,10,0,0
BRDA:63,10,1,0
BRDA:74,11,0,0
BRDA:74,11,1,0
BRDA:91,12,0,0
BRDA:91,12,1,0
BRDA:110,13,0,0
BRDA:110,13,1,0
BRDA:119,14,0,0
BRDA:119,14,1,0
BRDA:132,15,0,0
BRDA:132,15,1,0
BRDA:145,16,0,0
BRDA:145,16,1,0
BRDA:150,17,0,0
BRDA:150,17,1,0
BRDA:153,18,0,0
BRDA:153,18,1,0
BRDA:157,19,0,0
BRDA:157,19,1,0
BRDA:160,20,0,0
BRDA:160,20,1,0
BRDA:169,21,0,0
BRDA:169,21,1,0
BRDA:170,22,0,0
BRDA:170,22,1,0
BRDA:177,23,0,0
BRDA:177,23,1,0
BRDA:177,24,0,0
BRDA:177,24,1,0
BRDA:177,24,2,0
BRDA:179,25,0,0
BRDA:179,25,1,0
BRDA:185,26,0,0
BRDA:185,26,1,0
BRDA:191,27,0,0
BRDA:191,27,1,0
BRDA:199,28,0,0
BRDA:199,28,1,0
BRF:59
BRH:0
end_of_record
TN:
SF:src\services\httpClient.ts
FN:3,(anonymous_0)
FN:7,(anonymous_1)
FN:11,(anonymous_2)
FN:28,(anonymous_3)
FN:32,(anonymous_4)
FN:40,(anonymous_5)
FN:48,(anonymous_6)
FN:52,(anonymous_7)
FNF:8
FNH:0
FNDA:0,(anonymous_0)
FNDA:0,(anonymous_1)
FNDA:0,(anonymous_2)
FNDA:0,(anonymous_3)
FNDA:0,(anonymous_4)
FNDA:0,(anonymous_5)
FNDA:0,(anonymous_6)
FNDA:0,(anonymous_7)
DA:1,0
DA:4,0
DA:8,0
DA:12,0
DA:14,0
DA:23,0
DA:25,0
DA:29,0
DA:33,0
DA:41,0
DA:49,0
DA:53,0
DA:61,0
LF:13
LH:0
BRDA:11,0,0,0
BRDA:23,1,0,0
BRDA:23,1,1,0
BRDA:36,2,0,0
BRDA:36,2,1,0
BRDA:44,3,0,0
BRDA:44,3,1,0
BRDA:56,4,0,0
BRDA:56,4,1,0
BRF:9
BRH:0
end_of_record
TN:
SF:src\services\profileServices.ts
FN:3,(anonymous_1)
FN:6,(anonymous_2)
FN:14,(anonymous_3)
FN:58,(anonymous_4)
FN:80,(anonymous_5)
FNF:5
FNH:0
FNDA:0,(anonymous_1)
FNDA:0,(anonymous_2)
FNDA:0,(anonymous_3)
FNDA:0,(anonymous_4)
FNDA:0,(anonymous_5)
DA:1,0
DA:4,0
DA:7,0
DA:10,0
DA:11,0
DA:16,0
DA:20,0
DA:21,0
DA:23,0
DA:25,0
DA:30,0
DA:31,0
DA:32,0
DA:33,0
DA:35,0
DA:36,0
DA:40,0
DA:51,0
DA:52,0
DA:53,0
DA:55,0
DA:59,0
DA:60,0
DA:62,0
DA:71,0
DA:72,0
DA:73,0
DA:76,0
DA:77,0
DA:81,0
DA:89,0
DA:90,0
DA:91,0
DA:96,0
LF:34
LH:0
BRDA:10,0,0,0
BRDA:10,0,1,0
BRDA:16,1,0,0
BRDA:16,1,1,0
BRDA:17,2,0,0
BRDA:17,2,1,0
BRDA:17,2,2,0
BRDA:30,3,0,0
BRDA:30,3,1,0
BRDA:51,4,0,0
BRDA:51,4,1,0
BRDA:53,5,0,0
BRDA:53,5,1,0
BRDA:71,6,0,0
BRDA:71,6,1,0
BRDA:73,7,0,0
BRDA:73,7,1,0
BRDA:89,8,0,0
BRDA:89,8,1,0
BRDA:91,9,0,0
BRDA:91,9,1,0
BRF:21
BRH:0
end_of_record
TN:
SF:src\services\promptService.ts
FN:6,(anonymous_1)
FN:12,(anonymous_2)
FN:38,(anonymous_3)
FN:39,(anonymous_4)
FN:50,(anonymous_5)
FN:112,(anonymous_6)
FN:116,(anonymous_7)
FN:124,(anonymous_8)
FN:135,(anonymous_9)
FN:146,(anonymous_10)
FN:157,(anonymous_11)
FN:168,(anonymous_12)
FN:179,(anonymous_13)
FN:212,(anonymous_14)
FN:222,(anonymous_15)
FN:233,(anonymous_16)
FN:244,(anonymous_17)
FN:271,(anonymous_18)
FN:275,(anonymous_19)
FN:287,(anonymous_20)
FN:297,(anonymous_21)
FN:337,(anonymous_22)
FN:373,(anonymous_23)
FN:409,(anonymous_24)
FN:418,(anonymous_25)
FN:431,(anonymous_26)
FN:454,(anonymous_27)
FNF:27
FNH:0
FNDA:0,(anonymous_1)
FNDA:0,(anonymous_2)
FNDA:0,(anonymous_3)
FNDA:0,(anonymous_4)
FNDA:0,(anonymous_5)
FNDA:0,(anonymous_6)
FNDA:0,(anonymous_7)
FNDA:0,(anonymous_8)
FNDA:0,(anonymous_9)
FNDA:0,(anonymous_10)
FNDA:0,(anonymous_11)
FNDA:0,(anonymous_12)
FNDA:0,(anonymous_13)
FNDA:0,(anonymous_14)
FNDA:0,(anonymous_15)
FNDA:0,(anonymous_16)
FNDA:0,(anonymous_17)
FNDA:0,(anonymous_18)
FNDA:0,(anonymous_19)
FNDA:0,(anonymous_20)
FNDA:0,(anonymous_21)
FNDA:0,(anonymous_22)
FNDA:0,(anonymous_23)
FNDA:0,(anonymous_24)
FNDA:0,(anonymous_25)
FNDA:0,(anonymous_26)
FNDA:0,(anonymous_27)
DA:2,0
DA:6,0
DA:7,0
DA:8,0
DA:9,0
DA:13,0
DA:14,0
DA:18,0
DA:20,0
DA:21,0
DA:22,0
DA:24,0
DA:25,0
DA:26,0
DA:29,0
DA:33,0
DA:34,0
DA:35,0
DA:36,0
DA:38,0
DA:39,0
DA:43,0
DA:45,0
DA:46,0
DA:51,0
DA:54,0
DA:55,0
DA:56,0
DA:57,0
DA:60,0
DA:62,0
DA:63,0
DA:67,0
DA:68,0
DA:72,0
DA:73,0
DA:77,0
DA:78,0
DA:79,0
DA:80,0
DA:82,0
DA:85,0
DA:86,0
DA:87,0
DA:89,0
DA:92,0
DA:93,0
DA:97,0
DA:100,0
DA:101,0
DA:102,0
DA:103,0
DA:107,0
DA:108,0
DA:113,0
DA:114,0
DA:115,0
DA:116,0
DA:117,0
DA:119,0
DA:120,0
DA:125,0
DA:126,0
DA:127,0
DA:130,0
DA:131,0
DA:136,0
DA:137,0
DA:138,0
DA:141,0
DA:142,0
DA:147,0
DA:148,0
DA:149,0
DA:152,0
DA:153,0
DA:158,0
DA:159,0
DA:160,0
DA:163,0
DA:164,0
DA:169,0
DA:170,0
DA:171,0
DA:174,0
DA:175,0
DA:180,0
DA:181,0
DA:182,0
DA:183,0
DA:186,0
DA:187,0
DA:188,0
DA:191,0
DA:192,0
DA:194,0
DA:195,0
DA:198,0
DA:199,0
DA:200,0
DA:207,0
DA:208,0
DA:213,0
DA:214,0
DA:215,0
DA:217,0
DA:218,0
DA:223,0
DA:224,0
DA:225,0
DA:228,0
DA:229,0
DA:234,0
DA:235,0
DA:236,0
DA:238,0
DA:239,0
DA:245,0
DA:246,0
DA:250,0
DA:251,0
DA:254,0
DA:257,0
DA:258,0
DA:259,0
DA:262,0
DA:265,0
DA:266,0
DA:272,0
DA:273,0
DA:274,0
DA:275,0
DA:276,0
DA:278,0
DA:279,0
DA:280,0
DA:282,0
DA:283,0
DA:288,0
DA:289,0
DA:290,0
DA:292,0
DA:293,0
DA:299,0
DA:300,0
DA:305,0
DA:307,0
DA:309,0
DA:310,0
DA:311,0
DA:313,0
DA:314,0
DA:315,0
DA:318,0
DA:322,0
DA:325,0
DA:329,0
DA:330,0
DA:332,0
DA:333,0
DA:338,0
DA:339,0
DA:344,0
DA:345,0
DA:347,0
DA:348,0
DA:349,0
DA:350,0
DA:351,0
DA:352,0
DA:354,0
DA:358,0
DA:361,0
DA:365,0
DA:366,0
DA:368,0
DA:369,0
DA:374,0
DA:375,0
DA:377,0
DA:378,0
DA:380,0
DA:381,0
DA:382,0
DA:383,0
DA:384,0
DA:385,0
DA:387,0
DA:391,0
DA:394,0
DA:398,0
DA:401,0
DA:402,0
DA:410,0
DA:411,0
DA:412,0
DA:420,0
DA:421,0
DA:422,0
DA:423,0
DA:428,0
DA:433,0
DA:434,0
DA:436,0
DA:437,0
DA:438,0
DA:440,0
DA:441,0
DA:451,0
DA:452,0
DA:453,0
DA:454,0
DA:458,0
DA:463,0
DA:465,0
DA:470,0
DA:471,0
LF:217
LH:0
BRDA:29,0,0,0
BRDA:29,0,1,0
BRDA:34,1,0,0
BRDA:34,1,1,0
BRDA:39,2,0,0
BRDA:39,2,1,0
BRDA:54,3,0,0
BRDA:54,3,1,0
BRDA:60,4,0,0
BRDA:60,4,1,0
BRDA:62,5,0,0
BRDA:62,5,1,0
BRDA:67,6,0,0
BRDA:67,6,1,0
BRDA:72,7,0,0
BRDA:72,7,1,0
BRDA:85,8,0,0
BRDA:85,8,1,0
BRDA:92,9,0,0
BRDA:92,9,1,0
BRDA:100,10,0,0
BRDA:100,10,1,0
BRDA:181,11,0,0
BRDA:181,11,1,0
BRDA:181,12,0,0
BRDA:181,12,1,0
BRDA:186,13,0,0
BRDA:186,13,1,0
BRDA:186,14,0,0
BRDA:186,14,1,0
BRDA:191,15,0,0
BRDA:191,15,1,0
BRDA:191,16,0,0
BRDA:191,16,1,0
BRDA:250,17,0,0
BRDA:250,17,1,0
BRDA:257,18,0,0
BRDA:257,18,1,0
BRDA:287,19,0,0
BRDA:305,20,0,0
BRDA:305,20,1,0
BRDA:311,21,0,0
BRDA:311,21,1,0
BRDA:315,22,0,0
BRDA:315,22,1,0
BRDA:315,22,2,0
BRDA:344,23,0,0
BRDA:344,23,1,0
BRDA:349,24,0,0
BRDA:349,24,1,0
BRDA:352,25,0,0
BRDA:352,25,1,0
BRDA:352,25,2,0
BRDA:377,26,0,0
BRDA:377,26,1,0
BRDA:382,27,0,0
BRDA:382,27,1,0
BRDA:385,28,0,0
BRDA:385,28,1,0
BRDA:385,28,2,0
BRDA:422,29,0,0
BRDA:422,29,1,0
BRDA:422,30,0,0
BRDA:422,30,1,0
BRDA:436,31,0,0
BRDA:436,31,1,0
BRDA:440,32,0,0
BRDA:440,32,1,0
BRDA:442,33,0,0
BRDA:442,33,1,0
BRDA:453,34,0,0
BRDA:453,34,1,0
BRDA:466,35,0,0
BRDA:466,35,1,0
BRF:74
BRH:0
end_of_record
TN:
SF:src\services\promptSubmissionService.ts
FN:19,(anonymous_1)
FN:39,(anonymous_2)
FN:59,(anonymous_3)
FN:79,(anonymous_4)
FNF:4
FNH:0
FNDA:0,(anonymous_1)
FNDA:0,(anonymous_2)
FNDA:0,(anonymous_3)
FNDA:0,(anonymous_4)
DA:1,0
DA:20,0
DA:21,0
DA:23,0
DA:25,0
DA:26,0
DA:27,0
DA:28,0
DA:30,0
DA:31,0
DA:34,0
DA:35,0
DA:40,0
DA:41,0
DA:43,0
DA:45,0
DA:46,0
DA:47,0
DA:48,0
DA:50,0
DA:51,0
DA:54,0
DA:55,0
DA:60,0
DA:61,0
DA:63,0
DA:65,0
DA:66,0
DA:67,0
DA:68,0
DA:70,0
DA:71,0
DA:74,0
DA:75,0
DA:80,0
DA:81,0
DA:83,0
DA:85,0
DA:86,0
DA:87,0
DA:88,0
DA:90,0
DA:91,0
DA:94,0
DA:95,0
DA:100,0
LF:46
LH:0
BRDA:25,0,0,0
BRDA:25,0,1,0
BRDA:45,1,0,0
BRDA:45,1,1,0
BRDA:65,2,0,0
BRDA:65,2,1,0
BRDA:85,3,0,0
BRDA:85,3,1,0
BRF:8
BRH:0
end_of_record
TN:
SF:src\services\streamingService.ts
FN:21,(anonymous_0)
FN:28,(anonymous_1)
FN:136,(anonymous_2)
FN:262,(anonymous_3)
FN:264,(anonymous_4)
FN:276,(anonymous_5)
FNF:6
FNH:5
FNDA:7,(anonymous_0)
FNDA:2,(anonymous_1)
FNDA:2,(anonymous_2)
FNDA:2,(anonymous_3)
FNDA:5,(anonymous_4)
FNDA:0,(anonymous_5)
DA:1,1
DA:18,1
DA:19,7
DA:22,7
DA:34,2
DA:36,2
DA:37,2
DA:38,1
DA:39,1
DA:46,0
DA:49,0
DA:52,0
DA:59,0
DA:62,0
DA:70,0
DA:74,1
DA:75,1
DA:77,1
DA:78,1
DA:79,1
DA:80,1
DA:81,0
DA:83,0
DA:84,0
DA:89,0
DA:90,0
DA:96,0
DA:99,0
DA:102,0
DA:105,0
DA:106,0
DA:108,0
DA:113,0
DA:114,0
DA:120,0
DA:123,0
DA:128,0
DA:129,0
DA:143,2
DA:144,2
DA:146,2
DA:147,0
DA:150,2
DA:153,2
DA:154,0
DA:156,0
DA:158,0
DA:159,0
DA:160,0
DA:164,0
DA:166,0
DA:186,0
DA:187,0
DA:198,2
DA:199,0
DA:201,0
DA:203,0
DA:204,0
DA:205,0
DA:209,0
DA:211,0
DA:231,0
DA:232,0
DA:244,2
DA:246,2
DA:248,2
DA:263,2
DA:265,5
DA:277,0
DA:278,0
DA:281,0
DA:282,0
DA:283,0
DA:287,0
DA:288,0
DA:290,0
DA:292,0
DA:293,0
DA:297,0
DA:299,0
DA:300,0
LF:81
LH:26
BRDA:37,0,0,1
BRDA:37,0,1,1
BRDA:49,1,0,0
BRDA:49,1,1,0
BRDA:49,2,0,0
BRDA:49,2,1,0
BRDA:49,2,2,0
BRDA:49,2,3,0
BRDA:59,3,0,0
BRDA:59,3,1,0
BRDA:59,4,0,0
BRDA:59,4,1,0
BRDA:59,4,2,0
BRDA:70,5,0,0
BRDA:70,5,1,0
BRDA:77,6,0,1
BRDA:77,6,1,0
BRDA:77,7,0,1
BRDA:77,7,1,1
BRDA:77,7,2,1
BRDA:81,8,0,0
BRDA:81,8,1,0
BRDA:83,9,0,0
BRDA:83,9,1,0
BRDA:83,10,0,0
BRDA:83,10,1,0
BRDA:89,11,0,0
BRDA:89,11,1,0
BRDA:89,12,0,0
BRDA:89,12,1,0
BRDA:96,13,0,0
BRDA:96,13,1,0
BRDA:105,14,0,0
BRDA:105,14,1,0
BRDA:106,15,0,0
BRDA:106,15,1,0
BRDA:106,16,0,0
BRDA:106,16,1,0
BRDA:106,16,2,0
BRDA:113,17,0,0
BRDA:113,17,1,0
BRDA:113,18,0,0
BRDA:113,18,1,0
BRDA:128,19,0,0
BRDA:128,19,1,0
BRDA:146,20,0,0
BRDA:146,20,1,2
BRDA:146,21,0,2
BRDA:146,21,1,2
BRDA:153,22,0,0
BRDA:153,22,1,2
BRDA:153,23,0,2
BRDA:153,23,1,0
BRDA:153,23,2,0
BRDA:153,23,3,0
BRDA:158,24,0,0
BRDA:158,24,1,0
BRDA:198,25,0,0
BRDA:198,25,1,2
BRDA:198,26,0,2
BRDA:198,26,1,2
BRDA:198,26,2,1
BRDA:198,26,3,1
BRDA:203,27,0,0
BRDA:203,27,1,0
BRDA:246,28,0,2
BRDA:246,28,1,0
BRDA:281,29,0,0
BRDA:281,29,1,0
BRDA:290,30,0,0
BRDA:290,30,1,0
BRDA:292,31,0,0
BRDA:292,31,1,0
BRF:73
BRH:17
end_of_record
